Log file open, 01/19/15 00:04:04
LogInit:Display: No sandbox specified, assuming ../../../../../../../Program Files/Epic Games/4.6/../../../Users/sangmoon/Documents/Unreal Projects/FPSProject/Saved/Cooked/WindowsNoEditor
LogInit: Version: 4.6.1-2386410+++depot+UE4-Releases+4.6
LogInit: API Version: 2369412
LogInit: Compiled (64-bit): Dec 11 2014 21:33:04
LogInit: Compiled with Visual C++: 18.00.21005.01
LogInit: Build Configuration: Development
LogInit: Branch Name: ++depot+UE4-Releases+4.6
LogInit: Command line: 
LogInit: Base directory: C:/Users/sangmoon/Documents/Unreal Projects/FPSProject/Binaries/Win64/
LogInit: Rocket: 1
[2015.01.19-05.04.04:862][  0]LogTaskGraph: Started task graph with 3 named threads and 6 total threads.
[2015.01.19-05.04.04:906][  0]LogOnline:Warning: No default platform service specified for OnlineSubsystem
[2015.01.19-05.04.04:906][  0]LogInit: Presizing for 0 objects not considered by GC, pre-allocating 0 bytes.
[2015.01.19-05.04.04:913][  0]LogInit: Object subsystem initialized
[2015.01.19-05.04.04:927][  0]LogConsoleResponse:Warning: Skipping Unknown console variable: 'UIScaleRule = ShortestSide'
[2015.01.19-05.04.04:927][  0]LogConsoleResponse:Warning:   Found in ini file 'C:/Users/sangmoon/Documents/Unreal Projects/FPSProject/Saved/Config/WindowsNoEditor/Engine.ini', in section '[/Script/Engine.RendererSettings]'
[2015.01.19-05.04.04:927][  0]LogConsoleResponse:Warning: Skipping Unknown console variable: 'UIScaleCurve = (EditorCurveData=(Keys=),ExternalCurve=None)'
[2015.01.19-05.04.04:927][  0]LogConsoleResponse:Warning:   Found in ini file 'C:/Users/sangmoon/Documents/Unreal Projects/FPSProject/Saved/Config/WindowsNoEditor/Engine.ini', in section '[/Script/Engine.RendererSettings]'
[2015.01.19-05.04.04:930][  0]LogConsoleManager:Warning: Console variable 'r.MSAA.CompositingSampleCount' wasn't set (Priority ProjectSetting < Scalability)
[2015.01.19-05.04.04:931][  0]LogInit: Selected Device Profile: [WindowsNoEditor]
[2015.01.19-05.04.04:931][  0]LogInit: Applying CVar settings loaded from the selected device profile: [WindowsNoEditor]
[2015.01.19-05.04.04:959][  0]LogInit: Computer: HWANG
[2015.01.19-05.04.04:959][  0]LogInit: User: sangmoon
[2015.01.19-05.04.04:959][  0]LogInit: CPU Page size=4096, Cores=4
[2015.01.19-05.04.04:959][  0]LogInit: High frequency timer resolution =2.923048 MHz
[2015.01.19-05.04.04:960][  0]LogMemory: Memory total: Physical=8.0GB (8GB approx) Virtual=131072.0GB
[2015.01.19-05.04.04:960][  0]LogMemory: Platform Memory Stats for WindowsNoEditor
[2015.01.19-05.04.04:960][  0]LogMemory: Process Physical Memory: 27.21 MB used, 27.21 MB peak
[2015.01.19-05.04.04:960][  0]LogMemory: Process Virtual Memory: 18.02 MB used, 18.15 MB peak
[2015.01.19-05.04.04:960][  0]LogMemory: Physical Memory: 4593.04 MB used, 8147.34 MB total
[2015.01.19-05.04.04:960][  0]LogMemory: Virtual Memory: 186.27 MB used, 134217728.00 MB total
[2015.01.19-05.04.05:116][  0]LogD3D11RHI: Found D3D11 adapter 0: AMD Radeon HD 8470 (Feature Level 11_0)
[2015.01.19-05.04.05:117][  0]LogD3D11RHI: Adapter has 1011MB of dedicated video memory, 0MB of dedicated system memory, and 3840MB of shared system memory, 1 output[s]
[2015.01.19-05.04.05:143][  0]LogD3D11RHI: Found D3D11 adapter 1: Microsoft Basic Render Driver (Feature Level 11_0)
[2015.01.19-05.04.05:143][  0]LogD3D11RHI: Adapter has 0MB of dedicated video memory, 0MB of dedicated system memory, and 256MB of shared system memory, 0 output[s]
[2015.01.19-05.04.05:143][  0]LogD3D11RHI: Chosen D3D11 Adapter Id = 0
[2015.01.19-05.04.05:160][  0]LogRHI: Texture pool is 708 MB (70% of 1011 MB)
[2015.01.19-05.04.05:169][  0]LogD3D11RHI: Async texture creation disabled: no driver support
[2015.01.19-05.04.05:324][  0]LogTextLocalizationManager: The requested culture ('en_CA') has no localization data; falling back to 'en' for localization and internationalization data.
[2015.01.19-05.04.05:325][  0]LogContentStreaming: Texture pool size is 1000.000000MB
[2015.01.19-05.04.05:807][  0]LogCollisionProfile:Warning: Profile (UI) - Custom Channel Name = 'Weapon' hasn't been found
[2015.01.19-05.04.06:291][  0]LogInit: WinSock: version 1.1 (2.2), MaxSocks=32767, MaxUdp=65467
[2015.01.19-05.04.06:660][  0]LogWindowsMoviePlayer: Unable to load movie: ../../../../../../../Program Files/Epic Games/4.6/../../../Users/sangmoon/Documents/Unreal Projects/FPSProject/Content/Movies/Default_Startup.mp4
[2015.01.19-05.04.06:805][  0]LogObj: 19915 objects as part of root set at end of initial load.
[2015.01.19-05.04.06:805][  0]LogUObjectAllocator: 4029784 out of 0 bytes used by permanent object pool.
[2015.01.19-05.04.06:817][  0]LogEngine: Initializing Engine...
[2015.01.19-05.04.09:847][  0]LogHMD:Warning: No Oculus HMD detected! Is Oculus Run-Time installed and service is running?
[2015.01.19-05.04.09:861][  0]LogHMD: Oculus shutdown.
[2015.01.19-05.04.09:971][  0]LogInit: XAudio2 using 'Speakers / Headphones (IDT High Definition Audio CODEC)' : 2 channels at 48 kHz using 32 bits per sample (channel mask 0x3)
[2015.01.19-05.04.10:051][  0]LogInit: FAudioDevice initialized.
[2015.01.19-05.04.10:052][  0]LogInit: Texture streaming: Enabled
[2015.01.19-05.04.10:133][  0]LogConsoleManager:Warning: Console variable 'r.VSync' wasn't set (Priority Code < GameSetting)
[2015.01.19-05.04.10:173][  0]LogNet: Browse: /Game/Maps/FPSMap?Name=Player
[2015.01.19-05.04.10:180][  0]LogLoad: LoadMap: /Game/Maps/FPSMap?Name=Player
[2015.01.19-05.04.10:237][  0]LogMemory: Platform Memory Stats for WindowsNoEditor
[2015.01.19-05.04.10:237][  0]LogMemory: Process Physical Memory: 93.61 MB used, 97.05 MB peak
[2015.01.19-05.04.10:237][  0]LogMemory: Process Virtual Memory: 64.65 MB used, 73.50 MB peak
[2015.01.19-05.04.10:237][  0]LogMemory: Physical Memory: 4653.57 MB used, 8147.34 MB total
[2015.01.19-05.04.10:237][  0]LogMemory: Virtual Memory: 350.68 MB used, 134217728.00 MB total
[2015.01.19-05.04.10:237][  0]LogMemory: 
[2015.01.19-05.04.10:237][  0]LogMemory: Allocator Stats for binned:
[2015.01.19-05.04.10:237][  0]LogMemory: Current Memory 33.70 MB used, plus 3.90 MB waste
[2015.01.19-05.04.10:237][  0]LogMemory: Peak Memory 45.64 MB used, plus 3.01 MB waste
[2015.01.19-05.04.10:237][  0]LogMemory: Current OS Memory 37.60 MB, peak 48.65 MB
[2015.01.19-05.04.10:237][  0]LogMemory: Current Waste 0.55 MB, peak 1.00 MB
[2015.01.19-05.04.10:237][  0]LogMemory: Current Used 33.70 MB, peak 45.64 MB
[2015.01.19-05.04.10:237][  0]LogMemory: Current Slack 3.34 MB
[2015.01.19-05.04.10:237][  0]LogMemory: Allocs       72440 Current /  1201466 Total
[2015.01.19-05.04.10:237][  0]LogMemory: 
[2015.01.19-05.04.10:237][  0]LogMemory: Block Size Num Pools Max Pools Cur Allocs Total Allocs Min Req Max Req Mem Used Mem Slack Mem Waste Efficiency
[2015.01.19-05.04.10:237][  0]LogMemory: ---------- --------- --------- ---------- ------------ ------- ------- -------- --------- --------- ----------
[2015.01.19-05.04.10:237][  0]LogMemory:          8         0         0          0            0       8       0       0K        0K        0K    100.00%
[2015.01.19-05.04.10:237][  0]LogMemory:         16         3         3       9042       240569      16      16     141K       51K        0K    100.00%
[2015.01.19-05.04.10:237][  0]LogMemory:         32         6         6       9616        64692      32      32     300K       84K        0K    100.00%
[2015.01.19-05.04.10:237][  0]LogMemory:         48         4         4       5131        40988      48      48     240K       16K        0K    100.00%
[2015.01.19-05.04.10:237][  0]LogMemory:         64        10        10       9940        48203      64      64     621K       19K        0K    100.00%
[2015.01.19-05.04.10:237][  0]LogMemory:         80         3         3       1852        36102      80      80     144K       48K        0K    100.00%
[2015.01.19-05.04.10:237][  0]LogMemory:         96         4         4       2275        37259      96      96     213K       43K        0K    100.00%
[2015.01.19-05.04.10:237][  0]LogMemory:        112         2         2        957        21924     112     112     104K       24K        0K    100.00%
[2015.01.19-05.04.10:238][  0]LogMemory:        128        29        29      14526        47415     128     128    1815K       41K        0K    100.00%
[2015.01.19-05.04.10:238][  0]LogMemory:        160         8         8       2478       100936     144     160     387K      125K       17K     96.68%
[2015.01.19-05.04.10:238][  0]LogMemory:        192        13        13       4332       177220     176     192     812K       20K       29K     96.51%
[2015.01.19-05.04.10:238][  0]LogMemory:        224         4         4        913       160256     208     224     199K       57K        7K     97.27%
[2015.01.19-05.04.10:238][  0]LogMemory:        256         5         5       1201        87067     240     256     300K       20K       12K     96.25%
[2015.01.19-05.04.10:238][  0]LogMemory:        288         5         5        987        42417     272     288     277K       43K        8K     97.50%
[2015.01.19-05.04.10:238][  0]LogMemory:        320         4         4        728        26336     304     320     227K       28K        7K     97.27%
[2015.01.19-05.04.10:238][  0]LogMemory:        384        11        11       1775        20311     336     384     665K       37K       59K     91.62%
[2015.01.19-05.04.10:238][  0]LogMemory:        448        12        12       1589         9612     400     448     695K       72K       43K     94.40%
[2015.01.19-05.04.10:238][  0]LogMemory:        512         9         9       1065         8890     464     512     532K       44K       29K     94.97%
[2015.01.19-05.04.10:238][  0]LogMemory:        576         3         3        271         4227     528     576     152K       39K        9K     95.31%
[2015.01.19-05.04.10:238][  0]LogMemory:        640         9         9        601         1525     592     640     375K      199K       11K     98.09%
[2015.01.19-05.04.10:238][  0]LogMemory:        704        14        16        876         2265     656     704     602K      294K       16K     98.21%
[2015.01.19-05.04.10:238][  0]LogMemory:        768         7         7        382         3197     720     768     286K      161K        7K     98.44%
[2015.01.19-05.04.10:238][  0]LogMemory:        896         3         3        191          552     784     896     167K       25K       11K     94.27%
[2015.01.19-05.04.10:238][  0]LogMemory:       1024         2         3        109          465     912    1024     109K       19K        2K     98.44%
[2015.01.19-05.04.10:238][  0]LogMemory:       1168         3         3        110          419    1040    1168     125K       67K        6K     96.88%
[2015.01.19-05.04.10:238][  0]LogMemory:       1360         7         7        242         3678    1184    1360     321K      126K       20K     95.54%
[2015.01.19-05.04.10:238][  0]LogMemory:       1632         4         4        120          559    1376    1632     191K       64K       15K     94.14%
[2015.01.19-05.04.10:238][  0]LogMemory:       2048         9         9        148          889    1648    2048     296K      280K       29K     94.97%
[2015.01.19-05.04.10:238][  0]LogMemory:       2336         5         5        113         3611    2064    2336     257K       63K       27K     91.56%
[2015.01.19-05.04.10:238][  0]LogMemory:       2720         5         5         95          532    2352    2720     252K       67K       12K     96.25%
[2015.01.19-05.04.10:238][  0]LogMemory:       3264        11        11        156         3086    2736    3264     497K      205K       28K     96.02%
[2015.01.19-05.04.10:238][  0]LogMemory:       4096        11        13        132          700    3280    4096     528K      176K       40K     94.32%
[2015.01.19-05.04.10:238][  0]LogMemory:       4672         8         9         72         1787    4112    4672     328K      183K       10K     98.05%
[2015.01.19-05.04.10:238][  0]LogMemory:       5456        10        13         91          363    4688    5456     484K      156K       42K     93.44%
[2015.01.19-05.04.10:238][  0]LogMemory:       6544        13        14         85          306    5472    6544     543K      288K       47K     94.35%
[2015.01.19-05.04.10:238][  0]LogMemory:       8192         6         7         44         1639    6560    8192     352K       32K       46K     88.02%
[2015.01.19-05.04.10:238][  0]LogMemory:       9360         5         5         29           89    8208    9360     265K       55K       14K     95.63%
[2015.01.19-05.04.10:238][  0]LogMemory:      10912         6         6         30          196    9392   10848     319K       65K       33K     91.41%
[2015.01.19-05.04.10:238][  0]LogMemory:      13104         3         4         15           65   10976   13056     191K        1K       12K     93.75%
[2015.01.19-05.04.10:238][  0]LogMemory:      16384         5         7         18          115   13120   16384     288K       32K       22K     93.13%
[2015.01.19-05.04.10:238][  0]LogMemory:      21840        11        12         31           97   16400   21456     661K       43K      122K     82.67%
[2015.01.19-05.04.10:238][  0]LogMemory:      32768         5         7          9           64   21904   32640     288K       32K       62K     80.63%
[2015.01.19-05.04.10:238][  0]LogMemory: 
[2015.01.19-05.04.10:238][  0]LogMemory: 19008K allocated in pools (with 3444K slack and 854K waste). Efficiency 95.51%
[2015.01.19-05.04.10:238][  0]LogMemory: Allocations 72378 Current / 1200624 Total (in 297 pools)
[2015.01.19-05.04.10:238][  0]LogMemory: 
[2015.01.19-05.04.10:334][  0]LogWorld: Game class is 'FPSGameMode'
[2015.01.19-05.04.10:649][  0]LogAIModule: Creating AISystem for world FPSMap
[2015.01.19-05.04.10:682][  0]LogWorld: Bringing World /Game/Maps/FPSMap.FPSMap up for play (max tick rate 0) at 2015.01.19-00.04.10
[2015.01.19-05.04.10:687][  0]LogWorld: Bringing up level for play took: 0.036414
[2015.01.19-05.04.10:814][  0]LogInit:Display: Game Engine Initialized.
[2015.01.19-05.04.11:017][  0]LogLoad: Full Startup: 8.52 seconds (BP compile: 0.00 seconds)
[2015.01.19-05.04.11:155][  2]LogRenderer:Warning: Reallocating scene render targets to support 1600x904.
[2015.01.19-05.04.18:627][ 81]LogEngine: All Windows Closed
[2015.01.19-05.04.18:627][ 81]LogWindows: FPlatformMisc::RequestExit(0)
[2015.01.19-05.04.18:952][ 82]LogExit: Preparing to exit.
[2015.01.19-05.04.19:093][ 82]LogExit: Game engine shut down
[2015.01.19-05.04.19:093][ 82]LogParticles: Destroying 0 GPU particle simulations for FXSystem 0x00000054CFAE10E0
[2015.01.19-05.04.19:122][ 82]LogExit: Object subsystem successfully closed.
[2015.01.19-05.04.19:146][ 82]LogModuleManager: Shutting down and abandoning module AutomationWorker (47)
[2015.01.19-05.04.19:146][ 82]LogModuleManager: Shutting down and abandoning module CharacterAI (46)
[2015.01.19-05.04.19:146][ 82]LogModuleManager: Shutting down and abandoning module AIModule (45)
[2015.01.19-05.04.19:146][ 82]LogModuleManager: Shutting down and abandoning module GameLiveStreaming (44)
[2015.01.19-05.04.19:146][ 82]LogModuleManager: Shutting down and abandoning module StreamingPauseRendering (43)
[2015.01.19-05.04.19:146][ 82]LogModuleManager: Shutting down and abandoning module HTTP (42)
[2015.01.19-05.04.19:165][ 82]LogModuleManager: Shutting down and abandoning module AnalyticsET (41)
[2015.01.19-05.04.19:165][ 82]LogModuleManager: Shutting down and abandoning module Analytics (40)
[2015.01.19-05.04.19:165][ 82]LogModuleManager: Shutting down and abandoning module ProfilerService (39)
[2015.01.19-05.04.19:314][ 82]LogModuleManager: Shutting down and abandoning module TaskGraph (38)
[2015.01.19-05.04.19:314][ 82]LogModuleManager: Shutting down and abandoning module SlateRemote (37)
[2015.01.19-05.04.19:315][ 82]LogModuleManager: Shutting down and abandoning module CustomMeshComponent (36)
[2015.01.19-05.04.19:315][ 82]LogModuleManager: Shutting down and abandoning module CableComponent (35)
[2015.01.19-05.04.19:315][ 82]LogModuleManager: Shutting down and abandoning module FPSProject (34)
[2015.01.19-05.04.19:315][ 82]LogModuleManager: Shutting down and abandoning module ScriptPlugin (33)
[2015.01.19-05.04.19:320][ 82]LogModuleManager: Shutting down and abandoning module UdpMessaging (32)
[2015.01.19-05.04.19:320][ 82]LogModuleManager: Shutting down and abandoning module Paper2D (31)
[2015.01.19-05.04.19:320][ 82]LogModuleManager: Shutting down and abandoning module WindowsMoviePlayer (30)
[2015.01.19-05.04.19:321][ 82]LogModuleManager: Shutting down and abandoning module Media (29)
[2015.01.19-05.04.19:321][ 82]LogModuleManager: Shutting down and abandoning module WmfMedia (28)
[2015.01.19-05.04.19:321][ 82]LogModuleManager: Shutting down and abandoning module UMG (27)
[2015.01.19-05.04.19:321][ 82]LogModuleManager: Shutting down and abandoning module Slate (26)
[2015.01.19-05.04.19:321][ 82]LogModuleManager: Shutting down and abandoning module SessionServices (25)
[2015.01.19-05.04.19:321][ 82]LogModuleManager: Shutting down and abandoning module Messaging (24)
[2015.01.19-05.04.19:321][ 82]LogModuleManager: Shutting down and abandoning module HeadMountedDisplay (23)
[2015.01.19-05.04.19:321][ 82]LogModuleManager: Shutting down and abandoning module XAudio2 (22)
[2015.01.19-05.04.19:321][ 82]LogModuleManager: Shutting down and abandoning module Networking (20)
[2015.01.19-05.04.19:321][ 82]LogModuleManager: Shutting down and abandoning module Core (19)
[2015.01.19-05.04.19:321][ 82]LogModuleManager: Shutting down and abandoning module InputCore (18)
[2015.01.19-05.04.19:321][ 82]LogModuleManager: Shutting down and abandoning module ImageWrapper (17)
[2015.01.19-05.04.19:321][ 82]LogModuleManager: Shutting down and abandoning module OculusRift (14)
[2015.01.19-05.04.19:321][ 82]LogModuleManager: Shutting down and abandoning module ExampleDeviceProfileSelector (13)
[2015.01.19-05.04.19:321][ 82]LogModuleManager: Shutting down and abandoning module ShaderCore (12)
[2015.01.19-05.04.19:321][ 82]LogModuleManager: Shutting down and abandoning module Landscape (11)
[2015.01.19-05.04.19:321][ 82]LogModuleManager: Shutting down and abandoning module SlateRHIRenderer (10)
[2015.01.19-05.04.19:385][ 82]LogModuleManager: Shutting down and abandoning module OpenGLDrv (9)
[2015.01.19-05.04.19:385][ 82]LogModuleManager: Shutting down and abandoning module D3D11RHI (8)
[2015.01.19-05.04.19:385][ 82]LogModuleManager: Shutting down and abandoning module Renderer (7)
[2015.01.19-05.04.19:385][ 82]LogModuleManager: Shutting down and abandoning module Engine (6)
[2015.01.19-05.04.19:385][ 82]LogModuleManager: Shutting down and abandoning module CoreUObject (5)
[2015.01.19-05.04.19:385][ 82]LogModuleManager: Shutting down and abandoning module NetworkFile (4)
[2015.01.19-05.04.19:385][ 82]LogModuleManager: Shutting down and abandoning module StreamingFile (3)
[2015.01.19-05.04.19:385][ 82]LogModuleManager: Shutting down and abandoning module SandboxFile (2)
[2015.01.19-05.04.19:385][ 82]LogModuleManager: Shutting down and abandoning module PakFile (1)
[2015.01.19-05.04.19:386][ 82]LogExit: Exiting.
[2015.01.19-05.04.19:387][ 82]Log file closed, 01/19/15 00:04:19
