Log file open, 01/18/15 22:24:00
LogInit: Version: 4.6.0-2369412+++depot+UE4-Releases+4.6
LogInit: API Version: 2369412
LogInit: Compiled (64-bit): Nov 24 2014 22:01:09
LogInit: Compiled with Visual C++: 18.00.21005.01
LogInit: Build Configuration: Development
LogInit: Branch Name: ++depot+UE4-Releases+4.6
LogInit: Command line: 
LogInit: Base directory: C:/Users/sangmoon/Documents/Unreal Projects/FPSProject/Binaries/WindowsNoEditor/FPSProject/Binaries/Win64/
LogInit: Rocket: 1
[2015.01.19-03.24.00:772][  0]LogTaskGraph: Started task graph with 3 named threads and 6 total threads.
[2015.01.19-03.24.00:816][  0]LogOnline:Warning: No default platform service specified for OnlineSubsystem
[2015.01.19-03.24.00:816][  0]LogInit: Presizing for 0 objects not considered by GC, pre-allocating 0 bytes.
[2015.01.19-03.24.00:822][  0]LogInit: Object subsystem initialized
[2015.01.19-03.24.00:824][  0]LogConsoleResponse:Warning: Skipping Unknown console variable: 'UIScaleRule = ShortestSide'
[2015.01.19-03.24.00:824][  0]LogConsoleResponse:Warning:   Found in ini file '../../../FPSProject/Saved/Config/WindowsNoEditor/Engine.ini', in section '[/Script/Engine.RendererSettings]'
[2015.01.19-03.24.00:824][  0]LogConsoleResponse:Warning: Skipping Unknown console variable: 'UIScaleCurve = (EditorCurveData=(Keys=),ExternalCurve=None)'
[2015.01.19-03.24.00:824][  0]LogConsoleResponse:Warning:   Found in ini file '../../../FPSProject/Saved/Config/WindowsNoEditor/Engine.ini', in section '[/Script/Engine.RendererSettings]'
[2015.01.19-03.24.00:832][  0]LogConsoleManager:Warning: Console variable 'r.MSAA.CompositingSampleCount' wasn't set (Priority ProjectSetting < Scalability)
[2015.01.19-03.24.00:832][  0]LogInit: Selected Device Profile: [WindowsNoEditor]
[2015.01.19-03.24.00:832][  0]LogInit: Applying CVar settings loaded from the selected device profile: [WindowsNoEditor]
[2015.01.19-03.24.00:846][  0]LogInit: Computer: HWANG
[2015.01.19-03.24.00:846][  0]LogInit: User: sangmoon
[2015.01.19-03.24.00:846][  0]LogInit: CPU Page size=4096, Cores=4
[2015.01.19-03.24.00:846][  0]LogInit: High frequency timer resolution =2.923048 MHz
[2015.01.19-03.24.00:846][  0]LogMemory: Memory total: Physical=8.0GB (8GB approx) Virtual=131072.0GB
[2015.01.19-03.24.00:846][  0]LogMemory: Platform Memory Stats for WindowsNoEditor
[2015.01.19-03.24.00:846][  0]LogMemory: Process Physical Memory: 29.72 MB used, 29.72 MB peak
[2015.01.19-03.24.00:846][  0]LogMemory: Process Virtual Memory: 22.85 MB used, 22.92 MB peak
[2015.01.19-03.24.00:846][  0]LogMemory: Physical Memory: 3379.99 MB used, 8147.34 MB total
[2015.01.19-03.24.00:846][  0]LogMemory: Virtual Memory: 196.42 MB used, 134217728.00 MB total
[2015.01.19-03.24.00:886][  0]LogD3D11RHI: Found D3D11 adapter 0: AMD Radeon HD 8470 (Feature Level 11_0)
[2015.01.19-03.24.00:886][  0]LogD3D11RHI: Adapter has 1011MB of dedicated video memory, 0MB of dedicated system memory, and 3840MB of shared system memory, 1 output[s]
[2015.01.19-03.24.00:899][  0]LogD3D11RHI: Found D3D11 adapter 1: Microsoft Basic Render Driver (Feature Level 11_0)
[2015.01.19-03.24.00:899][  0]LogD3D11RHI: Adapter has 0MB of dedicated video memory, 0MB of dedicated system memory, and 256MB of shared system memory, 0 output[s]
[2015.01.19-03.24.00:899][  0]LogD3D11RHI: Chosen D3D11 Adapter Id = 0
[2015.01.19-03.24.00:903][  0]LogRHI: Texture pool is 708 MB (70% of 1011 MB)
[2015.01.19-03.24.00:914][  0]LogD3D11RHI: Async texture creation disabled: no driver support
[2015.01.19-03.24.00:989][  0]LogTextLocalizationManager: The requested culture ('en_CA') has no localization data; parent culture's ('en') localization data will be used.
[2015.01.19-03.24.01:017][  0]LogContentStreaming: Texture pool size is 1000.000000MB
[2015.01.19-03.24.01:280][  0]LogCollisionProfile:Warning: Profile (UI) - Custom Channel Name = 'Weapon' hasn't been found
[2015.01.19-03.24.01:424][  0]LogInit: WinSock: version 1.1 (2.2), MaxSocks=32767, MaxUdp=65467
[2015.01.19-03.24.01:542][  0]LogWindowsMoviePlayer: Unable to load movie: ../../../FPSProject/Content/Movies/Default_Startup.mp4
[2015.01.19-03.24.01:684][  0]LogObj: 19915 objects as part of root set at end of initial load.
[2015.01.19-03.24.01:684][  0]LogUObjectAllocator: 4029784 out of 0 bytes used by permanent object pool.
[2015.01.19-03.24.01:695][  0]LogEngine: Initializing Engine...
[2015.01.19-03.24.03:696][  0]LogHMD:Warning: No Oculus HMD detected! Is Oculus Run-Time installed and service is running?
[2015.01.19-03.24.03:707][  0]LogHMD: Oculus shutdown.
[2015.01.19-03.24.03:742][  0]LogInit: XAudio2 using 'Speakers / Headphones (IDT High Definition Audio CODEC)' : 2 channels at 48 kHz using 32 bits per sample (channel mask 0x3)
[2015.01.19-03.24.03:775][  0]LogInit: FAudioDevice initialized.
[2015.01.19-03.24.03:775][  0]LogInit: Texture streaming: Enabled
[2015.01.19-03.24.03:796][  0]LogConsoleManager:Warning: Console variable 'r.VSync' wasn't set (Priority Code < GameSetting)
[2015.01.19-03.24.03:796][  0]LogNet: Browse: /Engine/Maps/Entry?Name=Player
[2015.01.19-03.24.03:796][  0]LogLoad: LoadMap: /Engine/Maps/Entry?Name=Player
[2015.01.19-03.24.03:802][  0]LogMemory: Platform Memory Stats for WindowsNoEditor
[2015.01.19-03.24.03:802][  0]LogMemory: Process Physical Memory: 106.56 MB used, 107.91 MB peak
[2015.01.19-03.24.03:802][  0]LogMemory: Process Virtual Memory: 74.78 MB used, 82.54 MB peak
[2015.01.19-03.24.03:802][  0]LogMemory: Physical Memory: 3449.77 MB used, 8147.34 MB total
[2015.01.19-03.24.03:803][  0]LogMemory: Virtual Memory: 363.78 MB used, 134217728.00 MB total
[2015.01.19-03.24.03:803][  0]LogMemory: 
[2015.01.19-03.24.03:803][  0]LogMemory: Allocator Stats for binned:
[2015.01.19-03.24.03:803][  0]LogMemory: Current Memory 36.26 MB used, plus 3.82 MB waste
[2015.01.19-03.24.03:803][  0]LogMemory: Peak Memory 48.18 MB used, plus 3.01 MB waste
[2015.01.19-03.24.03:803][  0]LogMemory: Current OS Memory 40.08 MB, peak 51.19 MB
[2015.01.19-03.24.03:803][  0]LogMemory: Current Waste 0.60 MB, peak 1.04 MB
[2015.01.19-03.24.03:803][  0]LogMemory: Current Used 36.26 MB, peak 48.18 MB
[2015.01.19-03.24.03:803][  0]LogMemory: Current Slack 3.21 MB
[2015.01.19-03.24.03:803][  0]LogMemory: Allocs       107177 Current /  1116373 Total
[2015.01.19-03.24.03:803][  0]LogMemory: 
[2015.01.19-03.24.03:803][  0]LogMemory: Block Size Num Pools Max Pools Cur Allocs Total Allocs Min Req Max Req Mem Used Mem Slack Mem Waste Efficiency
[2015.01.19-03.24.03:803][  0]LogMemory: ---------- --------- --------- ---------- ------------ ------- ------- -------- --------- --------- ----------
[2015.01.19-03.24.03:803][  0]LogMemory:          8         0         0          0            0       8       0       0K        0K        0K    100.00%
[2015.01.19-03.24.03:803][  0]LogMemory:         16         6         6      18939       125692      16      16     295K       89K        0K    100.00%
[2015.01.19-03.24.03:803][  0]LogMemory:         32        12        12      22347        80273      32      32     698K       70K        0K    100.00%
[2015.01.19-03.24.03:803][  0]LogMemory:         48         7         7       8762        47175      48      48     410K       38K        0K    100.00%
[2015.01.19-03.24.03:803][  0]LogMemory:         64        12        12      12163        53887      64      64     760K        8K        0K    100.00%
[2015.01.19-03.24.03:803][  0]LogMemory:         80         4         4       2809        39280      80      80     219K       37K        0K    100.00%
[2015.01.19-03.24.03:803][  0]LogMemory:         96         5         5       2801        41054      96      96     262K       58K        0K    100.00%
[2015.01.19-03.24.03:803][  0]LogMemory:        112         3         3       1375        23492     112     112     150K       42K        0K    100.00%
[2015.01.19-03.24.03:803][  0]LogMemory:        128        30        30      15188        49112     128     128    1898K       22K        0K    100.00%
[2015.01.19-03.24.03:803][  0]LogMemory:        160         8        11       2792       101423     144     160     436K       76K       18K     96.48%
[2015.01.19-03.24.03:803][  0]LogMemory:        192        13        13       4377       176108     176     192     820K       12K       30K     96.39%
[2015.01.19-03.24.03:803][  0]LogMemory:        224         4         4        884       165602     208     224     193K       63K        7K     97.27%
[2015.01.19-03.24.03:803][  0]LogMemory:        256         5         5       1157        79852     240     256     289K       31K       10K     96.88%
[2015.01.19-03.24.03:803][  0]LogMemory:        288        20        31       4309        52181     272     288    1211K       66K       48K     96.25%
[2015.01.19-03.24.03:803][  0]LogMemory:        320         4         4        680        20119     304     320     212K       43K        6K     97.66%
[2015.01.19-03.24.03:803][  0]LogMemory:        384        11        11       1706        18733     336     384     639K       63K       64K     90.91%
[2015.01.19-03.24.03:803][  0]LogMemory:        448        11        11       1591         6940     400     448     696K        7K       44K     93.75%
[2015.01.19-03.24.03:803][  0]LogMemory:        512         9         9       1065         7147     464     512     532K       44K       30K     94.79%
[2015.01.19-03.24.03:803][  0]LogMemory:        576         3         3        295         1796     528     576     165K       26K       10K     94.79%
[2015.01.19-03.24.03:803][  0]LogMemory:        640         9         9        602         1124     592     640     376K      198K       10K     98.26%
[2015.01.19-03.24.03:803][  0]LogMemory:        704        14        16        888         2045     656     704     610K      286K       15K     98.33%
[2015.01.19-03.24.03:803][  0]LogMemory:        768         7         7        382         3205     720     768     286K      161K        7K     98.44%
[2015.01.19-03.24.03:803][  0]LogMemory:        896         3         3        191          653     784     896     167K       25K        9K     95.31%
[2015.01.19-03.24.03:803][  0]LogMemory:       1024         2         3        110          463     912    1024     110K       18K        2K     98.44%
[2015.01.19-03.24.03:803][  0]LogMemory:       1168         3         3        111          432    1040    1168     126K       66K        7K     96.35%
[2015.01.19-03.24.03:803][  0]LogMemory:       1360         7         7        246         3657    1184    1360     326K      121K       20K     95.54%
[2015.01.19-03.24.03:803][  0]LogMemory:       1632         7         7        245          689    1376    1632     390K       57K       26K     94.20%
[2015.01.19-03.24.03:803][  0]LogMemory:       2048         9         9        147          834    1648    2048     294K      282K       31K     94.62%
[2015.01.19-03.24.03:803][  0]LogMemory:       2336         5         5        112         3608    2064    2336     255K       65K       27K     91.56%
[2015.01.19-03.24.03:803][  0]LogMemory:       2720         5         5         95          543    2352    2720     252K       67K       12K     96.25%
[2015.01.19-03.24.03:803][  0]LogMemory:       3264        11        11        156         3041    2736    3264     497K      205K       27K     96.16%
[2015.01.19-03.24.03:803][  0]LogMemory:       4096        12        14        152          744    3280    4096     608K      160K       48K     93.75%
[2015.01.19-03.24.03:803][  0]LogMemory:       4672         8         9         73         1787    4112    4672     333K      178K       11K     97.85%
[2015.01.19-03.24.03:803][  0]LogMemory:       5456        10        13         91          373    4688    5456     484K      156K       42K     93.44%
[2015.01.19-03.24.03:803][  0]LogMemory:       6544        12        14         90          316    5472    6544     575K      192K       50K     93.49%
[2015.01.19-03.24.03:803][  0]LogMemory:       8192         6         7         45         1641    6560    8192     360K       24K       47K     87.76%
[2015.01.19-03.24.03:803][  0]LogMemory:       9360         5         5         30           95    8208    9360     274K       46K       14K     95.63%
[2015.01.19-03.24.03:803][  0]LogMemory:      10912         6         6         30          143    9376   10848     319K       65K       31K     91.93%
[2015.01.19-03.24.03:803][  0]LogMemory:      13104         3         4         15           53   10976   13056     191K        1K       11K     94.27%
[2015.01.19-03.24.03:803][  0]LogMemory:      16384         6         8         21          110   13120   16384     336K       48K       25K     93.49%
[2015.01.19-03.24.03:803][  0]LogMemory:      21840        11        11         30           99   16400   21456     639K       65K      116K     83.52%
[2015.01.19-03.24.03:803][  0]LogMemory:      32768         4         6          7           66   21904   32640     224K       32K       47K     81.64%
[2015.01.19-03.24.03:803][  0]LogMemory: 
[2015.01.19-03.24.03:803][  0]LogMemory: 21248K allocated in pools (with 3313K slack and 902K waste). Efficiency 95.75%
[2015.01.19-03.24.03:803][  0]LogMemory: Allocations 107110 Current / 1115588 Total (in 332 pools)
[2015.01.19-03.24.03:803][  0]LogMemory: 
[2015.01.19-03.24.03:806][  0]LogWorld: Game class is 'FPSGameMode'
[2015.01.19-03.24.03:808][  0]LogAIModule: Creating AISystem for world Entry
[2015.01.19-03.24.03:809][  0]LogWorld: Bringing World /Engine/Maps/Entry.Entry up for play (max tick rate 0) at 2015.01.18-22.24.03
[2015.01.19-03.24.03:809][  0]LogWorld: Bringing up level for play took: 0.000742
[2015.01.19-03.24.03:812][  0]LogInit:Display: Game Engine Initialized.
[2015.01.19-03.24.04:013][  0]LogLoad: Full Startup: 5.07 seconds (BP compile: 0.00 seconds)
[2015.01.19-03.24.04:096][  2]LogRenderer:Warning: Reallocating scene render targets to support 1600x904.
[2015.01.19-03.24.10:718][105]LogEngine: All Windows Closed
[2015.01.19-03.24.10:718][105]LogWindows: FPlatformMisc::RequestExit(0)
[2015.01.19-03.24.10:933][106]LogExit: Preparing to exit.
[2015.01.19-03.24.11:038][106]LogExit: Game engine shut down
[2015.01.19-03.24.11:043][106]LogParticles: Destroying 0 GPU particle simulations for FXSystem 0x000000BBB5C0D160
[2015.01.19-03.24.11:043][106]LogExit: Object subsystem successfully closed.
[2015.01.19-03.24.11:052][106]LogModuleManager: Shutting down and abandoning module AutomationWorker (47)
[2015.01.19-03.24.11:052][106]LogModuleManager: Shutting down and abandoning module CharacterAI (46)
[2015.01.19-03.24.11:052][106]LogModuleManager: Shutting down and abandoning module AIModule (45)
[2015.01.19-03.24.11:052][106]LogModuleManager: Shutting down and abandoning module GameLiveStreaming (44)
[2015.01.19-03.24.11:052][106]LogModuleManager: Shutting down and abandoning module StreamingPauseRendering (43)
[2015.01.19-03.24.11:052][106]LogModuleManager: Shutting down and abandoning module HTTP (42)
[2015.01.19-03.24.11:052][106]LogModuleManager: Shutting down and abandoning module AnalyticsET (41)
[2015.01.19-03.24.11:052][106]LogModuleManager: Shutting down and abandoning module Analytics (40)
[2015.01.19-03.24.11:052][106]LogModuleManager: Shutting down and abandoning module ProfilerService (39)
[2015.01.19-03.24.11:190][106]LogModuleManager: Shutting down and abandoning module TaskGraph (38)
[2015.01.19-03.24.11:190][106]LogModuleManager: Shutting down and abandoning module SlateRemote (37)
[2015.01.19-03.24.11:190][106]LogModuleManager: Shutting down and abandoning module CustomMeshComponent (36)
[2015.01.19-03.24.11:190][106]LogModuleManager: Shutting down and abandoning module CableComponent (35)
[2015.01.19-03.24.11:190][106]LogModuleManager: Shutting down and abandoning module FPSProject (34)
[2015.01.19-03.24.11:190][106]LogModuleManager: Shutting down and abandoning module ScriptPlugin (33)
[2015.01.19-03.24.11:190][106]LogModuleManager: Shutting down and abandoning module UdpMessaging (32)
[2015.01.19-03.24.11:190][106]LogModuleManager: Shutting down and abandoning module Paper2D (31)
[2015.01.19-03.24.11:190][106]LogModuleManager: Shutting down and abandoning module WindowsMoviePlayer (30)
[2015.01.19-03.24.11:191][106]LogModuleManager: Shutting down and abandoning module Media (29)
[2015.01.19-03.24.11:191][106]LogModuleManager: Shutting down and abandoning module WmfMedia (28)
[2015.01.19-03.24.11:191][106]LogModuleManager: Shutting down and abandoning module UMG (27)
[2015.01.19-03.24.11:191][106]LogModuleManager: Shutting down and abandoning module Slate (26)
[2015.01.19-03.24.11:191][106]LogModuleManager: Shutting down and abandoning module SessionServices (25)
[2015.01.19-03.24.11:191][106]LogModuleManager: Shutting down and abandoning module Messaging (24)
[2015.01.19-03.24.11:191][106]LogModuleManager: Shutting down and abandoning module HeadMountedDisplay (23)
[2015.01.19-03.24.11:191][106]LogModuleManager: Shutting down and abandoning module XAudio2 (22)
[2015.01.19-03.24.11:191][106]LogModuleManager: Shutting down and abandoning module Networking (20)
[2015.01.19-03.24.11:191][106]LogModuleManager: Shutting down and abandoning module Core (19)
[2015.01.19-03.24.11:191][106]LogModuleManager: Shutting down and abandoning module InputCore (18)
[2015.01.19-03.24.11:191][106]LogModuleManager: Shutting down and abandoning module ImageWrapper (17)
[2015.01.19-03.24.11:191][106]LogModuleManager: Shutting down and abandoning module OculusRift (14)
[2015.01.19-03.24.11:191][106]LogModuleManager: Shutting down and abandoning module ExampleDeviceProfileSelector (13)
[2015.01.19-03.24.11:191][106]LogModuleManager: Shutting down and abandoning module ShaderCore (12)
[2015.01.19-03.24.11:191][106]LogModuleManager: Shutting down and abandoning module Landscape (11)
[2015.01.19-03.24.11:191][106]LogModuleManager: Shutting down and abandoning module SlateRHIRenderer (10)
[2015.01.19-03.24.11:192][106]LogModuleManager: Shutting down and abandoning module OpenGLDrv (9)
[2015.01.19-03.24.11:192][106]LogModuleManager: Shutting down and abandoning module D3D11RHI (8)
[2015.01.19-03.24.11:192][106]LogModuleManager: Shutting down and abandoning module Renderer (7)
[2015.01.19-03.24.11:192][106]LogModuleManager: Shutting down and abandoning module Engine (6)
[2015.01.19-03.24.11:192][106]LogModuleManager: Shutting down and abandoning module CoreUObject (5)
[2015.01.19-03.24.11:192][106]LogModuleManager: Shutting down and abandoning module NetworkFile (4)
[2015.01.19-03.24.11:192][106]LogModuleManager: Shutting down and abandoning module StreamingFile (3)
[2015.01.19-03.24.11:192][106]LogModuleManager: Shutting down and abandoning module SandboxFile (2)
[2015.01.19-03.24.11:192][106]LogModuleManager: Shutting down and abandoning module PakFile (1)
[2015.01.19-03.24.11:192][106]LogExit: Exiting.
[2015.01.19-03.24.11:193][106]Log file closed, 01/18/15 22:24:11
