"C:/Users/sangmoon/Documents/Unreal Projects/FPSProject/FPSProject.uproject" 1
"../../../Engine/Plugins/2D/Paper2D/Paper2D.uplugin" 2
"../../../Engine/Plugins/Developer/BlankPlugin/BlankPlugin.uplugin" 3
"../../../Engine/Plugins/Developer/PerforceSourceControl/PerforceSourceControl.uplugin" 4
"../../../Engine/Plugins/Developer/SubversionSourceControl/SubversionSourceControl.uplugin" 5
"../../../Engine/Plugins/Developer/UObjectPlugin/UObjectPlugin.uplugin" 6
"../../../Engine/Plugins/Developer/VisualStudioSourceCodeAccess/VisualStudioSourceCodeAccess.uplugin" 7
"../../../Engine/Plugins/Developer/XCodeSourceCodeAccess/XCodeSourceCodeAccess.uplugin" 8
"../../../Engine/Plugins/Editor/EpicSurvey/EpicSurvey.uplugin" 9
"../../../Engine/Plugins/Editor/MacGraphicsSwitching/MacGraphicsSwitching.uplugin" 10
"../../../Engine/Plugins/Editor/PluginsEditor/PluginsEditor.uplugin" 11
"../../../Engine/Plugins/Editor/SpeedTreeImporter/SpeedTreeImporter.uplugin" 12
"../../../Engine/Plugins/Experimental/BlueprintStats/BlueprintStats.uplugin" 13
"../../../Engine/Plugins/Experimental/CharacterAI/CharacterAI.uplugin" 14
"../../../Engine/Plugins/Experimental/CodeView/CodeView.uplugin" 15
"../../../Engine/Plugins/Experimental/LiveEditor/LiveEditor.uplugin" 16
"../../../Engine/Plugins/Experimental/Phya/Phya.uplugin" 17
"../../../Engine/Plugins/Experimental/SteamVR/SteamVR.uplugin" 18
"../../../Engine/Plugins/Media/AvfMedia/AvfMedia.uplugin" 19
"../../../Engine/Plugins/Media/MediaPlayerEditor/MediaPlayerEditor.uplugin" 20
"../../../Engine/Plugins/Media/WmfMedia/WmfMedia.uplugin" 21
"../../../Engine/Plugins/Messaging/MessagingDebugger/MessagingDebugger.uplugin" 22
"../../../Engine/Plugins/Messaging/ShmMessaging/ShmMessaging.uplugin" 23
"../../../Engine/Plugins/Messaging/UdpMessaging/UdpMessaging.uplugin" 24
"../../../Engine/Plugins/Runtime/Advertising/IOSTapJoy/IOSTapJoy.uplugin" 25
"../../../Engine/Plugins/Runtime/Analytics/AnalyticsBlueprintLibrary/AnalyticsBlueprintLibrary.uplugin" 26
"../../../Engine/Plugins/Runtime/Analytics/Apsalar/IOSApsalar/IOSApsalar.uplugin" 27
"../../../Engine/Plugins/Runtime/Analytics/FileLogging/FileLogging.uplugin" 28
"../../../Engine/Plugins/Runtime/AndroidDeviceProfileSelector/AndroidDeviceProfileSelector.uplugin" 29
"../../../Engine/Plugins/Runtime/AppleMoviePlayer/AppleMoviePlayer.uplugin" 30
"../../../Engine/Plugins/Runtime/CableComponent/CableComponent.uplugin" 31
"../../../Engine/Plugins/Runtime/CustomMeshComponent/CustomMeshComponent.uplugin" 32
"../../../Engine/Plugins/Runtime/ExampleDeviceProfileSelector/ExampleDeviceProfileSelector.uplugin" 33
"../../../Engine/Plugins/Runtime/IOSDeviceProfileSelector/IOSDeviceProfileSelector.uplugin" 34
"../../../Engine/Plugins/Runtime/LiveEditorListenServer/LiveEditorListenServer.uplugin" 35
"../../../Engine/Plugins/Runtime/OculusRift/OculusRift.uplugin" 36
"../../../Engine/Plugins/Runtime/SoundMod/SoundMod.uplugin" 37
"../../../Engine/Plugins/Runtime/SoundVisualizations/SoundVisualizations.uplugin" 38
"../../../Engine/Plugins/Runtime/TwitchLiveStreaming/TwitchLiveStreaming.uplugin" 39
"../../../Engine/Plugins/Runtime/WindowsDeviceProfileSelector/WindowsDeviceProfileSelector.uplugin" 40
"../../../Engine/Plugins/Runtime/WindowsMoviePlayer/WindowsMoviePlayer.uplugin" 41
"../../../Engine/Plugins/ScriptGeneratorPlugin/ScriptGeneratorPlugin.uplugin" 42
"../../../Engine/Plugins/ScriptPlugin/ScriptPlugin.uplugin" 43
"../../../Engine/Plugins/Slate/SlateRemote/SlateRemote.uplugin" 44
"..\..\..\Engine\Content\Internationalization\icudt53l\cnvalias.icu" 45
"..\..\..\Engine\Content\Internationalization\icudt53l\en_US_POSIX.res" 46
"..\..\..\Engine\Content\Internationalization\icudt53l\pool.res" 47
"..\..\..\Engine\Content\Internationalization\icudt53l\en_US.res" 48
"..\..\..\Engine\Content\Internationalization\icudt53l\en.res" 49
"..\..\..\Engine\Content\Internationalization\icudt53l\root.res" 50
"..\..\..\Engine\Content\Internationalization\icudt53l\coll\ucadata.icu" 51
"..\..\..\Engine\Content\Internationalization\icudt53l\nfc.nrm" 52
"..\..\..\Engine\Content\Internationalization\icudt53l\coll\en_US_POSIX.res" 53
"..\..\..\Engine\Content\Internationalization\icudt53l\coll\en_US.res" 54
"..\..\..\Engine\Content\Internationalization\icudt53l\coll\en.res" 55
"..\..\..\Engine\Content\Internationalization\icudt53l\coll\root.res" 56
"..\..\..\Engine\Content\Internationalization\icudt53l\numberingSystems.res" 57
"..\..\..\Engine\Content\Internationalization\icudt53l\curr\supplementalData.res" 58
"..\..\..\Engine\Content\Internationalization\icudt53l\curr\pool.res" 59
"..\..\..\Engine\Content\Internationalization\icudt53l\curr\en.res" 60
"..\..\..\Engine\Content\Internationalization\icudt53l\curr\root.res" 61
"..\..\..\Engine\Content\Internationalization\icudt53l\ko_KR.res" 62
"..\..\..\Engine\Content\Internationalization\icudt53l\ko.res" 63
"..\..\..\Engine\Content\Internationalization\icudt53l\plurals.res" 64
"..\..\..\Engine\Content\Internationalization\icudt53l\windowsZones.res" 65
"..\..\..\Engine\Content\Internationalization\icudt53l\zoneinfo64.res" 66
"..\..\..\Engine\Content\Internationalization\icudt53l\keyTypeData.res" 67
"..\..\..\Engine\Content\Internationalization\icudt53l\timezoneTypes.res" 68
"..\..\..\Engine\Content\Internationalization\icudt53l\supplementalData.res" 69
"..\..\..\Engine\Content\Internationalization\icudt53l\likelySubtags.res" 70
"..\..\..\Engine\Content\Internationalization\icudt53l\coll\ko.res" 71
"..\..\..\Engine\Content\Internationalization\icudt53l\curr\ko.res" 72
"../../../Engine/Config/Base.ini" 73
"../../../Engine/Config/BaseEngine.ini" 74
"../../../../../../Users/sangmoon/Documents/Unreal Projects/FPSProject/Config/DefaultEngine.ini" 75
"../../../Engine/Config/Windows/WindowsEngine.ini" 76
"C:/Users/sangmoon/Documents/Unreal Projects/FPSProject/Saved/Config/Windows/Engine.ini" 77
"../../../../../../Users/sangmoon/Documents/Unreal Projects/FPSProject/Saved/Config/CleanSourceConfigs/Engine.ini" 78
"../../../Engine/Config/BaseGame.ini" 79
"C:/Users/sangmoon/Documents/Unreal Projects/FPSProject/Saved/Config/Windows/Game.ini" 80
"../../../../../../Users/sangmoon/Documents/Unreal Projects/FPSProject/Saved/Config/CleanSourceConfigs/Game.ini" 81
"../../../Engine/Config/BaseInput.ini" 82
"../../../../../../Users/sangmoon/Documents/Unreal Projects/FPSProject/Config/DefaultInput.ini" 83
"C:/Users/sangmoon/Documents/Unreal Projects/FPSProject/Saved/Config/Windows/Input.ini" 84
"../../../../../../Users/sangmoon/Documents/Unreal Projects/FPSProject/Saved/Config/CleanSourceConfigs/Input.ini" 85
"../../../Engine/Config/BaseEditor.ini" 86
"../../../../../../Users/sangmoon/Documents/Unreal Projects/FPSProject/Config/DefaultEditor.ini" 87
"C:/Users/sangmoon/Documents/Unreal Projects/FPSProject/Saved/Config/Windows/Editor.ini" 88
"../../../../../../Users/sangmoon/Documents/Unreal Projects/FPSProject/Saved/Config/CleanSourceConfigs/Editor.ini" 89
"../../../Engine/Config/BaseEditorLayout.ini" 90
"C:/Users/sangmoon/Documents/Unreal Projects/FPSProject/Saved/Config/Windows/EditorLayout.ini" 91
"../../../../../../Users/sangmoon/Documents/Unreal Projects/FPSProject/Saved/Config/CleanSourceConfigs/EditorLayout.ini" 92
"../../../Engine/Config/BaseEditorUserSettings.ini" 93
"C:/Users/sangmoon/Documents/Unreal Projects/FPSProject/Saved/Config/Windows/EditorUserSettings.ini" 94
"../../../../../../Users/sangmoon/Documents/Unreal Projects/FPSProject/Saved/Config/CleanSourceConfigs/EditorUserSettings.ini" 95
"../../../Engine/Config/BaseEditorKeyBindings.ini" 96
"C:/Users/sangmoon/Documents/Unreal Projects/FPSProject/Saved/Config/Windows/EditorKeyBindings.ini" 97
"../../../../../../Users/sangmoon/Documents/Unreal Projects/FPSProject/Saved/Config/CleanSourceConfigs/EditorKeyBindings.ini" 98
"../../../Engine/Config/BaseCompat.ini" 99
"C:/Users/sangmoon/Documents/Unreal Projects/FPSProject/Saved/Config/Windows/Compat.ini" 100
"../../../../../../Users/sangmoon/Documents/Unreal Projects/FPSProject/Saved/Config/CleanSourceConfigs/Compat.ini" 101
"../../../Engine/Config/BaseLightmass.ini" 102
"C:/Users/sangmoon/Documents/Unreal Projects/FPSProject/Saved/Config/Windows/Lightmass.ini" 103
"../../../../../../Users/sangmoon/Documents/Unreal Projects/FPSProject/Saved/Config/CleanSourceConfigs/Lightmass.ini" 104
"../../../Engine/Config/BaseScalability.ini" 105
"C:/Users/sangmoon/Documents/Unreal Projects/FPSProject/Saved/Config/Windows/Scalability.ini" 106
"../../../../../../Users/sangmoon/Documents/Unreal Projects/FPSProject/Saved/Config/CleanSourceConfigs/Scalability.ini" 107
"C:/Users/sangmoon/Documents/Unreal Projects/FPSProject/Saved/Config/Windows/GameUserSettings.ini" 108
"../../../../../../Users/sangmoon/Documents/Unreal Projects/FPSProject/Saved/Config/CleanSourceConfigs/GameUserSettings.ini" 109
"../../../Engine/Config/BaseDeviceProfiles.ini" 110
"C:/Users/sangmoon/Documents/Unreal Projects/FPSProject/Saved/Config/Windows/DeviceProfiles.ini" 111
"../../../../../../Users/sangmoon/Documents/Unreal Projects/FPSProject/Saved/Config/CleanSourceConfigs/DeviceProfiles.ini" 112
"../../../Engine/Config/ConsoleVariables.ini" 113
"..\..\..\Engine\Content\Internationalization\icudt53l\es.res" 114
"..\..\..\Engine\Content\Internationalization\icudt53l\coll\es.res" 115
"..\..\..\Engine\Content\Internationalization\icudt53l\curr\es.res" 116
"..\..\..\Engine\Content\Internationalization\icudt53l\es_ES.res" 117
"..\..\..\Engine\Content\Internationalization\icudt53l\ja.res" 118
"..\..\..\Engine\Content\Internationalization\icudt53l\coll\ja.res" 119
"..\..\..\Engine\Content\Internationalization\icudt53l\curr\ja.res" 120
"..\..\..\Engine\Content\Internationalization\icudt53l\ja_JP.res" 121
"..\..\..\Engine\Content\Internationalization\icudt53l\pt_BR.res" 122
"..\..\..\Engine\Content\Internationalization\icudt53l\pt.res" 123
"..\..\..\Engine\Content\Internationalization\icudt53l\coll\pt.res" 124
"..\..\..\Engine\Content\Internationalization\icudt53l\curr\pt.res" 125
"..\..\..\Engine\Content\Internationalization\icudt53l\zh_CN.res" 126
"..\..\..\Engine\Content\Internationalization\icudt53l\zh_Hans_CN.res" 127
"..\..\..\Engine\Content\Internationalization\icudt53l\zh_Hans.res" 128
"..\..\..\Engine\Content\Internationalization\icudt53l\zh.res" 129
"..\..\..\Engine\Content\Internationalization\icudt53l\coll\zh_CN.res" 130
"..\..\..\Engine\Content\Internationalization\icudt53l\coll\zh_Hans_CN.res" 131
"..\..\..\Engine\Content\Internationalization\icudt53l\coll\zh_Hans.res" 132
"..\..\..\Engine\Content\Internationalization\icudt53l\coll\zh.res" 133
"..\..\..\Engine\Content\Internationalization\icudt53l\curr\zh_CN.res" 134
"..\..\..\Engine\Content\Internationalization\icudt53l\curr\zh_Hans_CN.res" 135
"..\..\..\Engine\Content\Internationalization\icudt53l\curr\zh_Hans.res" 136
"..\..\..\Engine\Content\Internationalization\icudt53l\curr\zh.res" 137
"C:/Program Files/Epic Games/4.6/Engine/Content/Localization/Editor/ko/Editor.locres" 138
"C:/Program Files/Epic Games/4.6/Engine/Content/Localization/EditorTutorials/ko/EditorTutorials.locres" 139
"C:/Program Files/Epic Games/4.6/Engine/Content/Localization/Engine/ko/Engine.locres" 140
"../../../Engine/Content/Slate/Fonts/Roboto-Regular.ttf" 141
"../../../Engine/Content/Slate/Fonts/Roboto-Bold.ttf" 142
"../../../Engine/Content/Slate/Fonts/Roboto-Light.ttf" 143
"../../../Engine/Content/Slate/Fonts/DroidSansMono.ttf" 144
"C:/Program Files/Epic Games/4.6/Engine/Binaries/Win64/../../../Engine/Shaders/ParticleSpriteVertexFactory.usf" 145
"C:/Program Files/Epic Games/4.6/Engine/Binaries/Win64/../../../Engine/Shaders/VertexFactoryCommon.usf" 146
"C:/Program Files/Epic Games/4.6/Engine/Binaries/Win64/../../../Engine/Shaders/Common.usf" 147
"C:/Program Files/Epic Games/4.6/Engine/Binaries/Win64/../../../Engine/Shaders/ShaderVersion.usf" 148
"C:/Program Files/Epic Games/4.6/Engine/Binaries/Win64/../../../Engine/Shaders/Definitions.usf" 149
"C:/Program Files/Epic Games/4.6/Engine/Binaries/Win64/../../../Engine/Shaders/Random.usf" 150
"C:/Program Files/Epic Games/4.6/Engine/Binaries/Win64/../../../Engine/Shaders/ParticleVertexFactoryCommon.usf" 151
"C:/Program Files/Epic Games/4.6/Engine/Binaries/Win64/../../../Engine/Shaders/ParticleGPUSpriteVertexFactory.usf" 152
"C:/Program Files/Epic Games/4.6/Engine/Binaries/Win64/../../../Engine/Shaders/ParticleBeamTrailVertexFactory.usf" 153
"C:/Program Files/Epic Games/4.6/Engine/Binaries/Win64/../../../Engine/Shaders/VectorFieldVisualizationVertexFactory.usf" 154
"C:/Program Files/Epic Games/4.6/Engine/Binaries/Win64/../../../Engine/Shaders/LocalVertexFactory.usf" 155
"C:/Program Files/Epic Games/4.6/Engine/Binaries/Win64/../../../Engine/Shaders/LocalVertexFactoryCommon.usf" 156
"C:/Program Files/Epic Games/4.6/Engine/Binaries/Win64/../../../Engine/Shaders/MeshParticleVertexFactory.usf" 157
"C:/Program Files/Epic Games/4.6/Engine/Binaries/Win64/../../../Engine/Shaders/GpuSkinVertexFactory.usf" 158
"C:/Program Files/Epic Games/4.6/Engine/Binaries/Win64/../../../Engine/Shaders/GpuSkinCacheCommon.usf" 159
"C:/Program Files/Epic Games/4.6/Engine/Binaries/Win64/../../../Engine/Shaders/LandscapeVertexFactory.usf" 160
"C:/Program Files/Epic Games/4.6/Engine/Binaries/Win64/../../../Engine/Shaders/SlateElementPixelShader.usf" 161
"C:/Program Files/Epic Games/4.6/Engine/Binaries/Win64/../../../Engine/Shaders/MaterialTemplate.usf" 162
"C:/Program Files/Epic Games/4.6/Engine/Binaries/Win64/../../../Engine/Shaders/DepthOfFieldCommon.usf" 163
"C:/Program Files/Epic Games/4.6/Engine/Binaries/Win64/../../../Engine/Shaders/SpeedTreeCommon.usf" 164
"C:/Program Files/Epic Games/4.6/Engine/Binaries/Win64/../../../Engine/Shaders/AtmosphereCommon.usf" 165
"C:/Program Files/Epic Games/4.6/Engine/Binaries/Win64/../../../Engine/Shaders/PostProcessCommon.usf" 166
"C:/Program Files/Epic Games/4.6/Engine/Binaries/Win64/../../../Engine/Shaders/DeferredShadingCommon.usf" 167
"C:/Program Files/Epic Games/4.6/Engine/Binaries/Win64/../../../Engine/Shaders/LightAccumulator.usf" 168
"C:/Program Files/Epic Games/4.6/Engine/Binaries/Win64/../../../Engine/Shaders/SlateVertexShader.usf" 169
"C:/Program Files/Epic Games/4.6/Engine/Binaries/Win64/../../../Engine/Shaders/OneColorShader.usf" 170
"C:/Program Files/Epic Games/4.6/Engine/Binaries/Win64/../../../Engine/Shaders/ResolveVertexShader.usf" 171
"C:/Program Files/Epic Games/4.6/Engine/Binaries/Win64/../../../Engine/Shaders/ResolvePixelShader.usf" 172
"C:/Program Files/Epic Games/4.6/Engine/Binaries/Win64/../../../Engine/Shaders/VisualizeTexture.usf" 173
"C:/Program Files/Epic Games/4.6/Engine/Binaries/Win64/../../../Engine/Shaders/ScreenSpaceReflections.usf" 174
"C:/Program Files/Epic Games/4.6/Engine/Binaries/Win64/../../../Engine/Shaders/BRDF.usf" 175
"C:/Program Files/Epic Games/4.6/Engine/Binaries/Win64/../../../Engine/Shaders/MonteCarlo.usf" 176
"C:/Program Files/Epic Games/4.6/Engine/Binaries/Win64/../../../Engine/Shaders/FilterVertexShader.usf" 177
"C:/Program Files/Epic Games/4.6/Engine/Binaries/Win64/../../../Engine/Shaders/FilterPixelShader.usf" 178
"C:/Program Files/Epic Games/4.6/Engine/Binaries/Win64/../../../Engine/Shaders/PostProcessVisualizeHDR.usf" 179
"C:/Program Files/Epic Games/4.6/Engine/Binaries/Win64/../../../Engine/Shaders/PostProcessHistogramCommon.usf" 180
"C:/Program Files/Epic Games/4.6/Engine/Binaries/Win64/../../../Engine/Shaders/TonemapCommon.usf" 181
"C:/Program Files/Epic Games/4.6/Engine/Binaries/Win64/../../../Engine/Shaders/MiniFontCommon.usf" 182
"C:/Program Files/Epic Games/4.6/Engine/Binaries/Win64/../../../Engine/Shaders/PostProcessVisualizeBuffer.usf" 183
"C:/Program Files/Epic Games/4.6/Engine/Binaries/Win64/../../../Engine/Shaders/PostProcessUpscale.usf" 184
"C:/Program Files/Epic Games/4.6/Engine/Binaries/Win64/../../../Engine/Shaders/PostProcessTonemap.usf" 185
"C:/Program Files/Epic Games/4.6/Engine/Binaries/Win64/../../../Engine/Shaders/PostProcessTestImage.usf" 186
"C:/Program Files/Epic Games/4.6/Engine/Binaries/Win64/../../../Engine/Shaders/PostProcessTemporalAA.usf" 187
"C:/Program Files/Epic Games/4.6/Engine/Binaries/Win64/../../../Engine/Shaders/PostProcessTemporalCommon.usf" 188
"C:/Program Files/Epic Games/4.6/Engine/Binaries/Win64/../../../Engine/Shaders/PostProcessSubsurface.usf" 189
"C:/Program Files/Epic Games/4.6/Engine/Binaries/Win64/../../../Engine/Shaders/SeparableSSS.usf" 190
"C:/Program Files/Epic Games/4.6/Engine/Binaries/Win64/../../../Engine/Shaders/PostProcessSelectionOutline.usf" 191
"C:/Program Files/Epic Games/4.6/Engine/Binaries/Win64/../../../Engine/Shaders/PostProcessSceneColorFringe.usf" 192
"C:/Program Files/Epic Games/4.6/Engine/Binaries/Win64/../../../Engine/Shaders/PostProcessNoiseBlur.usf" 193
"C:/Program Files/Epic Games/4.6/Engine/Binaries/Win64/../../../Engine/Shaders/PostProcessMotionBlur.usf" 194
"C:/Program Files/Epic Games/4.6/Engine/Binaries/Win64/../../../Engine/Shaders/MorpheusInclude.usf" 195
"C:/Program Files/Epic Games/4.6/Engine/Binaries/Win64/../../../Engine/Shaders/PostProcessMobile.usf" 196
"C:/Program Files/Epic Games/4.6/Engine/Binaries/Win64/../../../Engine/Shaders/PostProcessMaterialShaders.usf" 197
"C:/Program Files/Epic Games/4.6/Engine/Binaries/Win64/../../../Engine/Shaders/PostProcessLensFlares.usf" 198
"C:/Program Files/Epic Games/4.6/Engine/Binaries/Win64/../../../Engine/Shaders/PostProcessLensBlur.usf" 199
"C:/Program Files/Epic Games/4.6/Engine/Binaries/Win64/../../../Engine/Shaders/PostProcessBloom.usf" 200
"C:/Program Files/Epic Games/4.6/Engine/Binaries/Win64/../../../Engine/Shaders/PostProcessHMD.usf" 201
"C:/Program Files/Epic Games/4.6/Engine/Binaries/Win64/../../../Engine/Shaders/PostProcessHistogramReduce.usf" 202
"C:/Program Files/Epic Games/4.6/Engine/Binaries/Win64/../../../Engine/Shaders/PostProcessHistogram.usf" 203
"C:/Program Files/Epic Games/4.6/Engine/Binaries/Win64/../../../Engine/Shaders/PostProcessGBufferHints.usf" 204
"C:/Program Files/Epic Games/4.6/Engine/Binaries/Win64/../../../Engine/Shaders/PostProcessEyeAdaptation.usf" 205
"C:/Program Files/Epic Games/4.6/Engine/Binaries/Win64/../../../Engine/Shaders/PostProcessDownsample.usf" 206
"C:/Program Files/Epic Games/4.6/Engine/Binaries/Win64/../../../Engine/Shaders/PostProcessDOF.usf" 207
"C:/Program Files/Epic Games/4.6/Engine/Binaries/Win64/../../../Engine/Shaders/PostProcessCompositeEditorPrimitives.usf" 208
"C:/Program Files/Epic Games/4.6/Engine/Binaries/Win64/../../../Engine/Shaders/PostProcessCombineLUTs.usf" 209
"C:/Program Files/Epic Games/4.6/Engine/Binaries/Win64/../../../Engine/Shaders/PostProcessBusyWait.usf" 210
"C:/Program Files/Epic Games/4.6/Engine/Binaries/Win64/../../../Engine/Shaders/PostProcessBokehDOF.usf" 211
"C:/Program Files/Epic Games/4.6/Engine/Binaries/Win64/../../../Engine/Shaders/FXAAShader.usf" 212
"C:/Program Files/Epic Games/4.6/Engine/Binaries/Win64/../../../Engine/Shaders/Fxaa3_11.usf" 213
"C:/Program Files/Epic Games/4.6/Engine/Binaries/Win64/../../../Engine/Shaders/PostProcessPassThrough.usf" 214
"C:/Program Files/Epic Games/4.6/Engine/Binaries/Win64/../../../Engine/Shaders/PostProcessLpvIndirect.usf" 215
"C:/Program Files/Epic Games/4.6/Engine/Binaries/Win64/../../../Engine/Shaders/DeferredLightingCommon.usf" 216
"C:/Program Files/Epic Games/4.6/Engine/Binaries/Win64/../../../Engine/Shaders/DynamicLightingCommon.usf" 217
"C:/Program Files/Epic Games/4.6/Engine/Binaries/Win64/../../../Engine/Shaders/IESLightProfilesCommon.usf" 218
"C:/Program Files/Epic Games/4.6/Engine/Binaries/Win64/../../../Engine/Shaders/LPVFinalPass.usf" 219
"C:/Program Files/Epic Games/4.6/Engine/Binaries/Win64/../../../Engine/Shaders/LPVCommon.usf" 220
"C:/Program Files/Epic Games/4.6/Engine/Binaries/Win64/../../../Engine/Shaders/DeferredDecal.usf" 221
"C:/Program Files/Epic Games/4.6/Engine/Binaries/Win64/../../../Engine/Shaders/PostProcessAmbientOcclusion.usf" 222
"C:/Program Files/Epic Games/4.6/Engine/Binaries/Win64/../../../Engine/Shaders/PostProcessAmbient.usf" 223
"C:/Program Files/Epic Games/4.6/Engine/Binaries/Win64/../../../Engine/Shaders/CubemapCommon.usf" 224
"C:/Program Files/Epic Games/4.6/Engine/Binaries/Win64/../../../Engine/Shaders/VelocityShader.usf" 225
"C:/Program Files/Epic Games/4.6/Engine/Binaries/Win64/../../../Engine/Shaders/Tessellation.usf" 226
"C:/Program Files/Epic Games/4.6/Engine/Binaries/Win64/../../../Engine/Shaders/FlatTessellation.usf" 227
"C:/Program Files/Epic Games/4.6/Engine/Binaries/Win64/../../../Engine/Shaders/PNTriangles.usf" 228
"C:/Program Files/Epic Games/4.6/Engine/Binaries/Win64/../../../Engine/Shaders/TranslucentLightingShaders.usf" 229
"C:/Program Files/Epic Games/4.6/Engine/Binaries/Win64/../../../Engine/Shaders/SHCommon.usf" 230
"C:/Program Files/Epic Games/4.6/Engine/Binaries/Win64/../../../Engine/Shaders/ShadowProjectionCommon.usf" 231
"C:/Program Files/Epic Games/4.6/Engine/Binaries/Win64/../../../Engine/Shaders/TranslucentLightInjectionShaders.usf" 232
"C:/Program Files/Epic Games/4.6/Engine/Binaries/Win64/../../../Engine/Shaders/LightFunctionCommon.usf" 233
"C:/Program Files/Epic Games/4.6/Engine/Binaries/Win64/../../../Engine/Shaders/TranslucentShadowDepthShaders.usf" 234
"C:/Program Files/Epic Games/4.6/Engine/Binaries/Win64/../../../Engine/Shaders/ShadowDepthCommon.usf" 235
"C:/Program Files/Epic Games/4.6/Engine/Binaries/Win64/../../../Engine/Shaders/TiledDeferredLightShaders.usf" 236
"C:/Program Files/Epic Games/4.6/Engine/Binaries/Win64/../../../Engine/Shaders/ShadowProjectionPixelShader.usf" 237
"C:/Program Files/Epic Games/4.6/Engine/Binaries/Win64/../../../Engine/Shaders/ShadowFilteringCommon.usf" 238
"C:/Program Files/Epic Games/4.6/Engine/Binaries/Win64/../../../Engine/Shaders/ShadowProjectionVertexShader.usf" 239
"C:/Program Files/Epic Games/4.6/Engine/Binaries/Win64/../../../Engine/Shaders/ShadowDepthPixelShader.usf" 240
"C:/Program Files/Epic Games/4.6/Engine/Binaries/Win64/../../../Engine/Shaders/LPVWriteVplCommon.usf" 241
"C:/Program Files/Epic Games/4.6/Engine/Binaries/Win64/../../../Engine/Shaders/LPVWriteCommon.usf" 242
"C:/Program Files/Epic Games/4.6/Engine/Binaries/Win64/../../../Engine/Shaders/ShadowDepthVertexShader.usf" 243
"C:/Program Files/Epic Games/4.6/Engine/Binaries/Win64/../../../Engine/Shaders/ShaderComplexityApplyPixelShader.usf" 244
"C:/Program Files/Epic Games/4.6/Engine/Binaries/Win64/../../../Engine/Shaders/ShaderComplexityApplyVertexShader.usf" 245
"C:/Program Files/Epic Games/4.6/Engine/Binaries/Win64/../../../Engine/Shaders/ShaderComplexityAccumulatePixelShader.usf" 246
"C:/Program Files/Epic Games/4.6/Engine/Binaries/Win64/../../../Engine/Shaders/HZBOcclusion.usf" 247
"C:/Program Files/Epic Games/4.6/Engine/Binaries/Win64/../../../Engine/Shaders/OcclusionQueryVertexShader.usf" 248
"C:/Program Files/Epic Games/4.6/Engine/Binaries/Win64/../../../Engine/Shaders/HitProxyPixelShader.usf" 249
"C:/Program Files/Epic Games/4.6/Engine/Binaries/Win64/../../../Engine/Shaders/HitProxyVertexShader.usf" 250
"C:/Program Files/Epic Games/4.6/Engine/Binaries/Win64/../../../Engine/Shaders/ReflectionEnvironmentShaders.usf" 251
"C:/Program Files/Epic Games/4.6/Engine/Binaries/Win64/../../../Engine/Shaders/ReflectionEnvironmentShared.usf" 252
"C:/Program Files/Epic Games/4.6/Engine/Binaries/Win64/../../../Engine/Shaders/SkyLightingShared.usf" 253
"C:/Program Files/Epic Games/4.6/Engine/Binaries/Win64/../../../Engine/Shaders/ReflectionEnvironmentComputeShaders.usf" 254
"C:/Program Files/Epic Games/4.6/Engine/Binaries/Win64/../../../Engine/Shaders/LightShaftShader.usf" 255
"C:/Program Files/Epic Games/4.6/Engine/Binaries/Win64/../../../Engine/Shaders/StationaryLightOverlapShaders.usf" 256
"C:/Program Files/Epic Games/4.6/Engine/Binaries/Win64/../../../Engine/Shaders/DeferredLightPixelShaders.usf" 257
"C:/Program Files/Epic Games/4.6/Engine/Binaries/Win64/../../../Engine/Shaders/DeferredLightVertexShaders.usf" 258
"C:/Program Files/Epic Games/4.6/Engine/Binaries/Win64/../../../Engine/Shaders/LPVVisualise.usf" 259
"C:/Program Files/Epic Games/4.6/Engine/Binaries/Win64/../../../Engine/Shaders/LPVGeometryVolumeCommon.usf" 260
"C:/Program Files/Epic Games/4.6/Engine/Binaries/Win64/../../../Engine/Shaders/LPVDirectLightInject.usf" 261
"C:/Program Files/Epic Games/4.6/Engine/Binaries/Win64/../../../Engine/Shaders/LPVPropagate.usf" 262
"C:/Program Files/Epic Games/4.6/Engine/Binaries/Win64/../../../Engine/Shaders/LPVBuildGeometryVolume.usf" 263
"C:/Program Files/Epic Games/4.6/Engine/Binaries/Win64/../../../Engine/Shaders/LPVInject_AccumulateVplLists.usf" 264
"C:/Program Files/Epic Games/4.6/Engine/Binaries/Win64/../../../Engine/Shaders/LPVInject_GenerateVplLists.usf" 265
"C:/Program Files/Epic Games/4.6/Engine/Binaries/Win64/../../../Engine/Shaders/LPVClearLists.usf" 266
"C:/Program Files/Epic Games/4.6/Engine/Binaries/Win64/../../../Engine/Shaders/LPVClear.usf" 267
"C:/Program Files/Epic Games/4.6/Engine/Binaries/Win64/../../../Engine/Shaders/LightMapDensityShader.usf" 268
"C:/Program Files/Epic Games/4.6/Engine/Binaries/Win64/../../../Engine/Shaders/LightFunctionPixelShader.usf" 269
"C:/Program Files/Epic Games/4.6/Engine/Binaries/Win64/../../../Engine/Shaders/LightFunctionVertexShader.usf" 270
"C:/Program Files/Epic Games/4.6/Engine/Binaries/Win64/../../../Engine/Shaders/HdrCustomResolveShaders.usf" 271
"C:/Program Files/Epic Games/4.6/Engine/Binaries/Win64/../../../Engine/Shaders/GPUBenchmark.usf" 272
"C:/Program Files/Epic Games/4.6/Engine/Binaries/Win64/../../../Engine/Shaders/GammaCorrection.usf" 273
"C:/Program Files/Epic Games/4.6/Engine/Binaries/Win64/../../../Engine/Shaders/BasePassForForwardShadingPixelShader.usf" 274
"C:/Program Files/Epic Games/4.6/Engine/Binaries/Win64/../../../Engine/Shaders/BasePassForForwardShadingCommon.usf" 275
"C:/Program Files/Epic Games/4.6/Engine/Binaries/Win64/../../../Engine/Shaders/LightmapCommon.usf" 276
"C:/Program Files/Epic Games/4.6/Engine/Binaries/Win64/../../../Engine/Shaders/BasePassForForwardShadingVertexShader.usf" 277
"C:/Program Files/Epic Games/4.6/Engine/Binaries/Win64/../../../Engine/Shaders/HeightFogCommon.usf" 278
"C:/Program Files/Epic Games/4.6/Engine/Binaries/Win64/../../../Engine/Shaders/HeightFogPixelShader.usf" 279
"C:/Program Files/Epic Games/4.6/Engine/Binaries/Win64/../../../Engine/Shaders/HeightFogVertexShader.usf" 280
"C:/Program Files/Epic Games/4.6/Engine/Binaries/Win64/../../../Engine/Shaders/DistortAccumulatePS.usf" 281
"C:/Program Files/Epic Games/4.6/Engine/Binaries/Win64/../../../Engine/Shaders/DistortAccumulateVS.usf" 282
"C:/Program Files/Epic Games/4.6/Engine/Binaries/Win64/../../../Engine/Shaders/DistortApplyScreenPS.usf" 283
"C:/Program Files/Epic Games/4.6/Engine/Binaries/Win64/../../../Engine/Shaders/SkyLighting.usf" 284
"C:/Program Files/Epic Games/4.6/Engine/Binaries/Win64/../../../Engine/Shaders/DistanceFieldSurfaceCacheLighting.usf" 285
"C:/Program Files/Epic Games/4.6/Engine/Binaries/Win64/../../../Engine/Shaders/DistanceFieldLightingShared.usf" 286
"C:/Program Files/Epic Games/4.6/Engine/Binaries/Win64/../../../Engine/Shaders/DistanceFieldAOShared.usf" 287
"C:/Program Files/Epic Games/4.6/Engine/Binaries/Win64/../../../Engine/Shaders/DistanceFieldSurfaceCacheLightingCompute.usf" 288
"C:/Program Files/Epic Games/4.6/Engine/Binaries/Win64/../../../Engine/Shaders/DistanceFieldShadowing.usf" 289
"C:/Program Files/Epic Games/4.6/Engine/Binaries/Win64/../../../Engine/Shaders/DepthOnlyPixelShader.usf" 290
"C:/Program Files/Epic Games/4.6/Engine/Binaries/Win64/../../../Engine/Shaders/DepthOnlyVertexShader.usf" 291
"C:/Program Files/Epic Games/4.6/Engine/Binaries/Win64/../../../Engine/Shaders/PositionOnlyDepthVertexShader.usf" 292
"C:/Program Files/Epic Games/4.6/Engine/Binaries/Win64/../../../Engine/Shaders/DownsampleDepthPixelShader.usf" 293
"C:/Program Files/Epic Games/4.6/Engine/Binaries/Win64/../../../Engine/Shaders/BasePassPixelShader.usf" 294
"C:/Program Files/Epic Games/4.6/Engine/Binaries/Win64/../../../Engine/Shaders/BasePassCommon.usf" 295
"C:/Program Files/Epic Games/4.6/Engine/Binaries/Win64/../../../Engine/Shaders/BasePassVertexShader.usf" 296
"C:/Program Files/Epic Games/4.6/Engine/Binaries/Win64/../../../Engine/Shaders/BasePassVertexCommon.usf" 297
"C:/Program Files/Epic Games/4.6/Engine/Binaries/Win64/../../../Engine/Shaders/BasePassTessellationShaders.usf" 298
"C:/Program Files/Epic Games/4.6/Engine/Binaries/Win64/../../../Engine/Shaders/AtmospherePrecompute.usf" 299
"C:/Program Files/Epic Games/4.6/Engine/Binaries/Win64/../../../Engine/Shaders/AtmospherePrecomputeCommon.usf" 300
"C:/Program Files/Epic Games/4.6/Engine/Binaries/Win64/../../../Engine/Shaders/AtmospherePrecomputeInscatter.usf" 301
"C:/Program Files/Epic Games/4.6/Engine/Binaries/Win64/../../../Engine/Shaders/AtmosphericFogShader.usf" 302
"C:/Program Files/Epic Games/4.6/Engine/Binaries/Win64/../../../Engine/Shaders/ParticleSortKeyGen.usf" 303
"C:/Program Files/Epic Games/4.6/Engine/Binaries/Win64/../../../Engine/Shaders/ParticleBoundsShader.usf" 304
"C:/Program Files/Epic Games/4.6/Engine/Binaries/Win64/../../../Engine/Shaders/ParticleSimVisualizeShader.usf" 305
"C:/Program Files/Epic Games/4.6/Engine/Binaries/Win64/../../../Engine/Shaders/ParticleInjectionShader.usf" 306
"C:/Program Files/Epic Games/4.6/Engine/Binaries/Win64/../../../Engine/Shaders/ParticleSimulationShader.usf" 307
"C:/Program Files/Epic Games/4.6/Engine/Binaries/Win64/../../../Engine/Shaders/ParticleCurveInjectionShader.usf" 308
"C:/Program Files/Epic Games/4.6/Engine/Binaries/Win64/../../../Engine/Shaders/VectorFieldCompositeShaders.usf" 309
"C:/Program Files/Epic Games/4.6/Engine/Binaries/Win64/../../../Engine/Shaders/UpdateTextureShaders.usf" 310
"C:/Program Files/Epic Games/4.6/Engine/Binaries/Win64/../../../Engine/Shaders/SimpleElementColorChannelMaskPixelShader.usf" 311
"C:/Program Files/Epic Games/4.6/Engine/Binaries/Win64/../../../Engine/Shaders/SimpleElementHitProxyPixelShader.usf" 312
"C:/Program Files/Epic Games/4.6/Engine/Binaries/Win64/../../../Engine/Shaders/SimpleElementPixelShader.usf" 313
"C:/Program Files/Epic Games/4.6/Engine/Binaries/Win64/../../../Engine/Shaders/ColorUtils.usf" 314
"C:/Program Files/Epic Games/4.6/Engine/Binaries/Win64/../../../Engine/Shaders/SimpleElementVertexShader.usf" 315
"C:/Program Files/Epic Games/4.6/Engine/Binaries/Win64/../../../Engine/Shaders/ScreenVertexShader.usf" 316
"C:/Program Files/Epic Games/4.6/Engine/Binaries/Win64/../../../Engine/Shaders/ScreenPixelShader.usf" 317
"C:/Program Files/Epic Games/4.6/Engine/Binaries/Win64/../../../Engine/Shaders/RadixSortShaders.usf" 318
"C:/Program Files/Epic Games/4.6/Engine/Binaries/Win64/../../../Engine/Shaders/GpuSkinCacheComputeShader.usf" 319
"C:/Program Files/Epic Games/4.6/Engine/Binaries/Win64/../../../Engine/Shaders/NullPixelShader.usf" 320
"C:/Program Files/Epic Games/4.6/Engine/Binaries/Win64/../../../Engine/Shaders/ClearReplacementShaders.usf" 321
"C:/Program Files/Epic Games/4.6/Engine/Binaries/Win64/../../../Engine/Shaders/SimpleElementTexture2DPreviewPixelShader.usf" 322
"C:/Program Files/Epic Games/4.6/Engine/Binaries/Win64/../../../Engine/Shaders/SimpleElementNormalMapPixelShader.usf" 323
"C:/Program Files/Epic Games/4.6/Engine/Binaries/Win64/../../../Engine/Shaders/meshpaintdilatepixelshader.usf" 324
"C:/Program Files/Epic Games/4.6/Engine/Binaries/Win64/../../../Engine/Shaders/meshpaintdilatevertexshader.usf" 325
"C:/Program Files/Epic Games/4.6/Engine/Binaries/Win64/../../../Engine/Shaders/MeshPaintPixelShader.usf" 326
"C:/Program Files/Epic Games/4.6/Engine/Binaries/Win64/../../../Engine/Shaders/MeshPaintVertexShader.usf" 327
"../../../Engine/Config/Android/AndroidEngine.ini" 328
"../../../Engine/Config/IOS/IOSEngine.ini" 329
"../../../Engine/Config/Linux/LinuxEngine.ini" 330
"C:/Users/sangmoon/AppData/Local/UnrealEngine/4.6/DerivedDataCache/Boot.ddc" 331
"../../../Engine/DerivedDataCache/DDC.ddp" 332
"../../../Engine/Content/EditorResources/S_Actor.uasset" 333
"../../../Engine/Content/EditorLandscapeResources/DataLayer.uasset" 334
"../../../Engine/Content/Maps/Templates/Thumbnails/Default.uasset" 335
"../../../Engine/Content/EditorMaterials/ParticleSystems/PSysThumbnail_NoImage.uasset" 336
"../../../Engine/Content/EditorMaterials/ParticleSystems/PSysThumbnail_OOD.uasset" 337
"../../../Engine/Content/EngineDamageTypes/DmgTypeBP_Environmental.uasset" 338
"../../../Engine/Content/EngineMeshes/Sphere.uasset" 339
"../../../Engine/Content/EngineFonts/RobotoDistanceField.uasset" 340
"../../../Engine/Content/EngineMaterials/DefaultTextMaterialOpaque.uasset" 341
"../../../Engine/Content/Functions/Engine_MaterialFunctions01/Shading/PowerToRoughness.uasset" 342
"../../../Engine/Content/Functions/Engine_MaterialFunctions01/Shading/ConvertFromDiffSpec.uasset" 343
"../../../Engine/Content/EngineMaterials/WorldGridMaterial.uasset" 344
"../../../Engine/Content/Functions/Engine_MaterialFunctions01/Opacity/CameraDepthFade.uasset" 345
"../../../Engine/Content/EngineMaterials/T_Default_Material_Grid_M.uasset" 346
"../../../Engine/Content/EngineMaterials/T_Default_Material_Grid_N.uasset" 347
"../../../Engine/Content/EngineMaterials/DefaultDeferredDecalMaterial.uasset" 348
"../../../Engine/Content/EngineMaterials/DefaultDiffuse.uasset" 349
"../../../Engine/Content/EngineMaterials/DefaultLightFunctionMaterial.uasset" 350
"../../../Engine/Content/EngineMaterials/DefaultPostProcessMaterial.uasset" 351
"../../../Engine/Content/Functions/Engine_MaterialFunctions02/Utility/BreakOutFloat2Components.uasset" 352
"../../../Engine/Content/EditorResources/S_Trigger.uasset" 353
"../../../Engine/Content/EngineResources/WhiteSquareTexture.uasset" 354
"../../../Engine/Content/EngineResources/GradientTexture0.uasset" 355
"../../../Engine/Content/EngineResources/Black.uasset" 356
"../../../Engine/Content/EditorMaterials/MatineeGroups/MAT_Groups_Float.uasset" 357
"../../../Engine/Content/EditorMaterials/MatineeGroups/MAT_Groups_Director.uasset" 358
"../../../Engine/Content/EditorMaterials/MatineeGroups/MAT_Groups_Event.uasset" 359
"../../../Engine/Content/EditorMaterials/MatineeGroups/MAT_Groups_Anim.uasset" 360
"../../../Engine/Content/EditorMaterials/MatineeGroups/MAT_Groups_Fade.uasset" 361
"../../../Engine/Content/EditorMaterials/MatineeGroups/MAT_Groups_Move.uasset" 362
"../../../Engine/Content/EditorMaterials/MatineeGroups/MAT_Groups_Slomo.uasset" 363
"../../../Engine/Content/EditorMaterials/MatineeGroups/MAT_ColorTrack.uasset" 364
"../../../Engine/Content/EditorMaterials/MAT_Groups_Toggle.uasset" 365
"../../../Engine/Content/EditorMaterials/MatineeGroups/MAT_Groups_AudioMaster.uasset" 366
"../../../Engine/Content/EditorMaterials/MatineeGroups/MAT_Groups_Sound.uasset" 367
"../../../Engine/Content/EditorMaterials/MatineeGroups/MAT_Groups_Vector.uasset" 368
"../../../Engine/Content/EditorMaterials/MAT_Groups_Visibility.uasset" 369
"../../../Engine/Content/EngineResources/DefaultTexture.uasset" 370
"../../../Engine/Content/EngineResources/DefaultTextureCube.uasset" 371
"../../../Engine/Content/EngineSounds/Master.uasset" 372
"../../../Engine/Content/EngineSounds/Music.uasset" 373
"../../../Engine/Content/EngineSounds/SFX.uasset" 374
"../../../Engine/Content/EngineSounds/Normal_Attack.uasset" 375
"../../../Engine/Content/EngineSounds/Special_Attack_PSM.uasset" 376
"../../../Engine/Content/EngineSounds/Duck_Normal_Attack_MixMod.uasset" 377
"../../../Engine/Content/EngineSounds/Voice.uasset" 378
"../../../Engine/Content/EngineMeshes/Cylinder.uasset" 379
"../../../Engine/Content/EngineMaterials/DefaultMaterial.uasset" 380
"../../../Engine/Content/EngineTireTypes/DefaultTireType.uasset" 381
"../../../Engine/Content/Editor/Slate/Fonts/DroidSansMono.ttf" 382
"../../../Engine/Content/Editor/Slate/Fonts/Roboto-BoldCondensed.ttf" 383
"../../../Engine/Content/Editor/Slate/Fonts/Roboto-Black.ttf" 384
"../../../Engine/Content/Editor/Slate/Fonts/Roboto-BoldCondensedItalic.ttf" 385
"../../../Engine/Content/Editor/Slate/Fonts/Roboto-Italic.ttf" 386
"../../../Engine/Content/EngineFonts/Roboto.uasset" 387
"../../../Engine/Content/EngineMaterials/Widget3DPassThrough_Translucent.uasset" 388
"../../../Engine/Content/EngineMaterials/Widget3DPassThrough.uasset" 389
"../../../Engine/Content/EngineMaterials/Widget3DPassThrough_Translucent_OneSided.uasset" 390
"../../../Engine/Content/EngineMaterials/Widget3DPassThrough_Opaque.uasset" 391
"../../../Engine/Content/EngineMaterials/Widget3DPassThrough_Opaque_OneSided.uasset" 392
"../../../Engine/Plugins/2D/Paper2D/Content/MaskedUnlitSpriteMaterial.uasset" 393
"../../../Engine/Plugins/2D/Paper2D/Content/DefaultSpriteMaterial.uasset" 394
"../../../Engine/Plugins/2D/Paper2D/Content/DummySpriteTexture.uasset" 395
"../../../Engine/Plugins/2D/Paper2D/Content/OpaqueUnlitSpriteMaterial.uasset" 396
"../../../Engine/Plugins/2D/Paper2D/Content/DefaultPaperTerrainMaterial.uasset" 397
"../../../Engine/Plugins/2D/Paper2D/Content/DummySprite.uasset" 398
"../../../../../../Users/sangmoon/Documents/Unreal Projects/FPSProject/Content/Blueprints/BP_FPSCharacter.uasset" 399
"../../../../../../Users/sangmoon/Documents/Unreal Projects/FPSProject/Content/Animations/Arms_AnimBP.uasset" 400
"../../../../../../Users/sangmoon/Documents/Unreal Projects/FPSProject/Content/Animations/FPP_Idle.uasset" 401
"../../../../../../Users/sangmoon/Documents/Unreal Projects/FPSProject/Content/HeroFPP_Skeleton.uasset" 402
"../../../../../../Users/sangmoon/Documents/Unreal Projects/FPSProject/Content/Animations/FPP_JumpEnd.uasset" 403
"../../../../../../Users/sangmoon/Documents/Unreal Projects/FPSProject/Content/Animations/FPP_JumpLoop.uasset" 404
"../../../../../../Users/sangmoon/Documents/Unreal Projects/FPSProject/Content/Animations/FPP_JumpStart.uasset" 405
"../../../../../../Users/sangmoon/Documents/Unreal Projects/FPSProject/Content/Animations/FPP_Run.uasset" 406
"../../../../../../Users/sangmoon/Documents/Unreal Projects/FPSProject/Content/Blueprints/BP_FPSProjectile.uasset" 407
"../../../../../../Users/sangmoon/Documents/Unreal Projects/FPSProject/Content/Sphere.uasset" 408
"../../../../../../Users/sangmoon/Documents/Unreal Projects/FPSProject/Content/Fbx_Default_Material.uasset" 409
"../../../../../../Users/sangmoon/Documents/Unreal Projects/FPSProject/Content/GenericMale.uasset" 410
"../../../../../../Users/sangmoon/Documents/Unreal Projects/FPSProject/Content/lambert2.uasset" 411
"../../../../../../Users/sangmoon/Documents/Unreal Projects/FPSProject/Content/proxy_geo_body_m.uasset" 412
"../../../../../../Users/sangmoon/Documents/Unreal Projects/FPSProject/Content/GenericMale_PhysicsAsset.uasset" 413
"../../../../../../Users/sangmoon/Documents/Unreal Projects/FPSProject/Content/GenericMale_Skeleton.uasset" 414
"../../../../../../Users/sangmoon/Documents/Unreal Projects/FPSProject/Content/HeroFPP.uasset" 415
"../../../../../../Users/sangmoon/Documents/Unreal Projects/FPSProject/Content/WorldGridMaterial.uasset" 416
"../../../../../../Users/sangmoon/Documents/Unreal Projects/FPSProject/Content/HeroFPP_PhysicsAsset.uasset" 417
"../../../../../../Users/sangmoon/Documents/Unreal Projects/FPSProject/Content/crosshair.uasset" 418
"C:/Users/sangmoon/AppData/Local/UnrealEngine/4.6/Saved/Config/Windows/SourceControlSettings.ini" 419
"../../../../../../Users/sangmoon/Documents/Unreal Projects/FPSProject/Saved/Config/CleanSourceConfigs/SourceControlSettings.ini" 420
"C:/Users/sangmoon/Documents/Unreal Projects/FPSProject/Saved/Config/Windows/SourceControlSettings.ini" 421
"../../../Engine/Content/EngineMaterials/RemoveSurfaceMaterial.uasset" 422
"../../../Engine/Content/EngineDebugMaterials/DebugMeshMaterial.uasset" 423
"../../../Engine/Content/EngineMaterials/M_InvalidLightmapSettings.uasset" 424
"../../../Engine/Content/EngineMaterials/InvalidLightmapSettings.uasset" 425
"../../../Engine/Content/EditorMaterials/GizmoMaterial.uasset" 426
"../../../Engine/Content/EngineMaterials/Good64x64TilingNoiseHighFreq.uasset" 427
"../../../Engine/Content/EngineMaterials/DefaultBokeh.uasset" 428
"../../../Engine/Content/EngineMaterials/PreintegratedSkinBRDF.uasset" 429
"../../../Engine/Content/EngineMaterials/MiniFont.uasset" 430
"../../../Engine/Content/EngineMaterials/WeightMapPlaceholderTexture.uasset" 431
"../../../Engine/Content/EngineMaterials/DefaultWhiteGrid.uasset" 432
"../../../Engine/Content/EngineMaterials/DefaultPhysicalMaterial.uasset" 433
"../../../Engine/Content/EngineFonts/RobotoTiny.uasset" 434
"../../../../../../Users/sangmoon/Documents/Unreal Projects/FPSProject/Intermediate/CachedAssetRegistry.bin" 435
"../../../Engine/Content/MobileResources/HUD/VirtualJoystick_Thumb.uasset" 436
"../../../Engine/Content/MobileResources/HUD/VirtualJoystick_Background.uasset" 437
"../../../Engine/Content/MobileResources/HUD/T_Castle_ThumbstickOutter.uasset" 438
"../../../Engine/Content/MobileResources/HUD/T_Castle_ThumbstickInner.uasset" 439
"../../../Engine/Content/MobileResources/HUD/MobileHUDDirectionStick.uasset" 440
"../../../Engine/Content/MobileResources/HUD/MobileHUDDirectionPad3.uasset" 441
"../../../Engine/Content/MobileResources/HUD/MobileHUDDirectionPad2.uasset" 442
"../../../Engine/Content/MobileResources/HUD/MobileHUDDirectionPad.uasset" 443
"../../../Engine/Content/MobileResources/HUD/MobileHUDButtonFire.uasset" 444
"../../../Engine/Content/MobileResources/HUD/MobileHUDButton3.uasset" 445
"../../../Engine/Content/MobileResources/HUD/MobileHUDButton2_on.uasset" 446
"../../../Engine/Content/MobileResources/HUD/MobileHUDButton2_off.uasset" 447
"../../../Engine/Content/MobileResources/HUD/MobileHUDButton1_on.uasset" 448
"../../../Engine/Content/MobileResources/HUD/MobileHUDButton1_off.uasset" 449
"../../../Engine/Content/MobileResources/HUD/LeftVirtualJoystickOnly.uasset" 450
"../../../Engine/Content/MobileResources/HUD/DefaultVirtualJoysticks.uasset" 451
"../../../Engine/Content/MobileResources/HUD/AnalogHat.uasset" 452
"../../../Engine/Content/MobileResources/T_MobileMenu2.uasset" 453
"../../../Engine/Content/MobileResources/T_MobileControls_texture.uasset" 454
"../../../../../../Users/sangmoon/Documents/Unreal Projects/FPSProject/Content/Maps/FPSMap.umap" 455
"../../../Engine/Content/EngineSky/BP_Sky_Sphere.uasset" 456
"../../../Engine/Content/EditorBlueprintResources/StandardMacros.uasset" 457
"../../../Engine/Content/EngineSky/C_Sky_Cloud_Color.uasset" 458
"../../../Engine/Content/EngineSky/C_Sky_Horizon_Color.uasset" 459
"../../../Engine/Content/EngineSky/C_Sky_Zenith_Color.uasset" 460
"../../../Engine/Content/EngineSky/M_Sky_Panning_Clouds2.uasset" 461
"../../../Engine/Content/EngineSky/T_Sky_Blue.uasset" 462
"../../../Engine/Content/EngineSky/T_Sky_Clouds_M.uasset" 463
"../../../Engine/Content/EngineSky/T_Sky_Stars.uasset" 464
"../../../Engine/Content/EngineSky/SM_SkySphere.uasset" 465
"../../../Engine/Content/MapTemplates/SM_Template_Map_Floor.uasset" 466
"C:/Users/sangmoon/AppData/Local/UnrealEngine/Common/DerivedDataCache/7/3/6/TEXTURE_75F87CE100B546AAB8A1C4132AF9DB17_DXT1_0F88DAF742896441F0B97AA0F3E19DBA__0196E520DA72B27C3994B93CE42AC81DB3A4F027.udd" 467
"C:/Users/sangmoon/AppData/Local/UnrealEngine/Common/DerivedDataCache/4/7/9/TEXTURE_75F87CE100B546AAB8A1C4132AF9DB17_AUTODXT_902734854B228FE5284C0B9C85935__7064F90E4E2BCD3B41615148B453176AF5255B3D.udd" 468
"C:/Users/sangmoon/AppData/Local/UnrealEngine/Common/DerivedDataCache/5/4/9/TEXTURE_75F87CE100B546AAB8A1C4132AF9DB17_AUTODXT_00C4F4FD40831C35044413BCFDDC0__0BFA32F0631C163B73651C44DBAE433A53E948F9.udd" 469
"C:/Users/sangmoon/AppData/Local/UnrealEngine/Common/DerivedDataCache/6/5/3/TEXTURE_75F87CE100B546AAB8A1C4132AF9DB17_DXT1_0E858B2C4390F58255011E83DED4D298__95288CD2398188D6FC654D95C910787B1E2C978F.udd" 470
"C:/Users/sangmoon/AppData/Local/UnrealEngine/Common/DerivedDataCache/5/5/2/TEXTURE_75F87CE100B546AAB8A1C4132AF9DB17_BGRA8_EEA4C6F44BB61D003662FBB45F87554__9EEEEA9452C380402705EF2ED20CC57B5CB4EB59.udd" 471
"C:/Users/sangmoon/AppData/Local/UnrealEngine/Common/DerivedDataCache/1/8/5/TEXTURE_75F87CE100B546AAB8A1C4132AF9DB17_AUTODXT_902734854B228FE5284C0B9C85935__60401EA7AA2C61476D1D23E965E0D78EBF8B720C.udd" 472
"C:/Users/sangmoon/AppData/Local/UnrealEngine/Common/DerivedDataCache/6/8/2/TEXTURE_75F87CE100B546AAB8A1C4132AF9DB17_AUTODXT_902734854B228FE5284C0B9C85935__8A58AFEFFD523026ED91AE6B1B402A35F37A93D0.udd" 473
"C:/Users/sangmoon/AppData/Local/UnrealEngine/Common/DerivedDataCache/5/5/1/TEXTURE_75F87CE100B546AAB8A1C4132AF9DB17_BGRA8_2BBF2FD7484BD1A046A9918B45BC71F__C46D10FC0D17D3B7190F159672FA0A0C07B7C9F7.udd" 474
"C:/Users/sangmoon/AppData/Local/UnrealEngine/Common/DerivedDataCache/1/8/1/TEXTURE_75F87CE100B546AAB8A1C4132AF9DB17_BGRA8_EEA4C6F44BB61D003662FBB45F87554__A00330D124B3C1D10BDE0844F23FE8C26BF9E070.udd" 475
"C:/Users/sangmoon/AppData/Local/UnrealEngine/Common/DerivedDataCache/5/5/5/TEXTURE_75F87CE100B546AAB8A1C4132AF9DB17_BGRA8_EEA4C6F44BB61D003662FBB45F87554__03550B21FB60C7B16E95BC0BF4AB4719436082D6.udd" 476
"C:/Users/sangmoon/AppData/Local/UnrealEngine/Common/DerivedDataCache/6/6/1/TEXTURE_75F87CE100B546AAB8A1C4132AF9DB17_DXT1_0F88DAF742896441F0B97AA0F3E19DBA__9042F93ECA511E4E930B0DA3418EE766A95A3564.udd" 477
"C:/Users/sangmoon/AppData/Local/UnrealEngine/Common/DerivedDataCache/7/4/5/TEXTURE_75F87CE100B546AAB8A1C4132AF9DB17_DXT1_0F88DAF742896441F0B97AA0F3E19DBA__D3E3932CD0D89EF0928326A8C63C0EEA3F4C49B9.udd" 478
"../../../../../../Users/sangmoon/Documents/Unreal Projects/FPSProject/Content/Blueprints/NewBlueprint.uasset" 479
"../../../../../../Users/sangmoon/Documents/Unreal Projects/FPSProject/Content/Animations/NewAnimBlueprint.uasset" 480
