Log file open, 01/18/15 04:48:35
LogInit:Display: Running engine for game: FPSProject
LogInit: Version: 4.6.0-2369412+++depot+UE4-Releases+4.6
LogInit: API Version: 2369412
LogInit: Compiled (64-bit): Nov 24 2014 21:54:04
LogInit: Compiled with Visual C++: 18.00.21005.01
LogInit: Build Configuration: Development
LogInit: Branch Name: ++depot+UE4-Releases+4.6
LogInit: Command line: 
LogInit: Base directory: C:/Program Files/Epic Games/4.6/Engine/Binaries/Win64/
LogInit: Rocket: 1
[2015.01.18-09.48.35:905][  0]LogTaskGraph: Started task graph with 3 named threads and 6 total threads.
[2015.01.18-09.48.35:968][  0]LogOnline:Warning: No default platform service specified for OnlineSubsystem
[2015.01.18-09.48.36:012][  0]LogInit: Presizing for 0 objects not considered by GC, pre-allocating 0 bytes.
[2015.01.18-09.48.36:021][  0]LogInit: Object subsystem initialized
[2015.01.18-09.48.36:024][  0]LogInit: Selected Device Profile: [Windows]
[2015.01.18-09.48.36:024][  0]LogInit: Applying CVar settings loaded from the selected device profile: [Windows]
[2015.01.18-09.48.36:040][  0]LogInit: Computer: HWANG
[2015.01.18-09.48.36:040][  0]LogInit: User: sangmoon
[2015.01.18-09.48.36:040][  0]LogInit: CPU Page size=4096, Cores=4
[2015.01.18-09.48.36:040][  0]LogInit: High frequency timer resolution =2.923048 MHz
[2015.01.18-09.48.36:040][  0]LogMemory: Memory total: Physical=8.0GB (8GB approx) Virtual=131072.0GB
[2015.01.18-09.48.36:041][  0]LogMemory: Platform Memory Stats for Windows
[2015.01.18-09.48.36:041][  0]LogMemory: Process Physical Memory: 46.64 MB used, 46.64 MB peak
[2015.01.18-09.48.36:041][  0]LogMemory: Process Virtual Memory: 22.29 MB used, 24.51 MB peak
[2015.01.18-09.48.36:041][  0]LogMemory: Physical Memory: 3718.76 MB used, 8147.34 MB total
[2015.01.18-09.48.36:041][  0]LogMemory: Virtual Memory: 270.53 MB used, 134217728.00 MB total
[2015.01.18-09.48.36:064][  0]LogD3D11RHI: Found D3D11 adapter 0: AMD Radeon HD 8470 (Feature Level 11_0)
[2015.01.18-09.48.36:064][  0]LogD3D11RHI: Adapter has 1011MB of dedicated video memory, 0MB of dedicated system memory, and 3840MB of shared system memory, 1 output[s]
[2015.01.18-09.48.36:066][  0]LogD3D11RHI: Found D3D11 adapter 1: Microsoft Basic Render Driver (Feature Level 11_0)
[2015.01.18-09.48.36:066][  0]LogD3D11RHI: Adapter has 0MB of dedicated video memory, 0MB of dedicated system memory, and 256MB of shared system memory, 0 output[s]
[2015.01.18-09.48.36:066][  0]LogD3D11RHI: Chosen D3D11 Adapter Id = 0
[2015.01.18-09.48.36:071][  0]LogRHI: Texture pool is 708 MB (70% of 1011 MB)
[2015.01.18-09.48.36:079][  0]LogD3D11RHI: Async texture creation disabled: no driver support
[2015.01.18-09.48.36:186][  0]LogTextLocalizationManager: The requested culture ('en_CA') has no localization data; parent culture's ('en') localization data will be used.
[2015.01.18-09.48.36:333][  0]LogContentStreaming: Texture pool size is 0.000000MB
[2015.01.18-09.48.42:878][  0]LogTargetPlatformManager:Display: Building Assets For Windows
[2015.01.18-09.48.43:555][  0]LogTargetPlatformManager:Display: Building Assets For Windows
[2015.01.18-09.48.43:654][  0]LogDerivedDataCache:Display: Max Cache Size: 512 MB
[2015.01.18-09.48.43:697][  0]LogDerivedDataCache: Loaded boot cache 0.04s 39MB C:/Users/sangmoon/AppData/Local/UnrealEngine/4.6/DerivedDataCache/Boot.ddc.
[2015.01.18-09.48.43:697][  0]LogDerivedDataCache:Display: Loaded Boot cache: C:/Users/sangmoon/AppData/Local/UnrealEngine/4.6/DerivedDataCache/Boot.ddc
[2015.01.18-09.48.43:697][  0]LogDerivedDataCache: FDerivedDataBackendGraph:  Pak pak cache file ../../../../../../Users/sangmoon/Documents/Unreal Projects/FPSProject/DerivedDataCache/DDC.ddp not found, will not use a pak cache.
[2015.01.18-09.48.43:697][  0]LogDerivedDataCache: Unable to find inner node Pak for hierarchical cache Hierarchy.
[2015.01.18-09.48.43:769][  0]LogDerivedDataCache:Display: Pak cache opened for reading ../../../Engine/DerivedDataCache/DDC.ddp.
[2015.01.18-09.48.43:785][  0]LogDerivedDataCache: Using Local data cache path C:/Users/sangmoon/AppData/Local/UnrealEngine/Common/DerivedDataCache: Writable
[2015.01.18-09.48.44:018][  0]LogCollisionProfile:Warning: Profile (UI) - Custom Channel Name = 'Weapon' hasn't been found
[2015.01.18-09.48.44:210][  0]LogMeshUtilities: No automatic mesh reduction module available
[2015.01.18-09.48.44:210][  0]LogMeshUtilities: No automatic mesh merging module available
[2015.01.18-09.48.44:751][  0]LogInit: WinSock: version 1.1 (2.2), MaxSocks=32767, MaxUdp=65467
[2015.01.18-09.48.44:890][  0]LogSlate:Warning: Failed to load font data from '../../../Engine/Content/Slate/Fonts/Roboto-Italic.ttf'
[2015.01.18-09.48.46:607][  0]UdpMessaging: Initializing bridge on interface 0.0.0.0:0 to multicast group 230.0.0.1:6666.
[2015.01.18-09.48.46:906][  0]LogDirectoryWatcher:Warning: Failed to begin reading directory changes for C:/Users/sangmoon/Documents/Unreal Projects/FPSProject/Binaries/Win64. Error: 0
[2015.01.18-09.48.47:164][  0]SourceControl: Info Source control is disabled
[2015.01.18-09.48.47:164][  0]SourceControl: Info Source control is disabled
[2015.01.18-09.48.47:181][  0]SourceControl: Info Source control is disabled
[2015.01.18-09.48.47:473][  0]LogObj: 23754 objects as part of root set at end of initial load.
[2015.01.18-09.48.47:473][  0]LogUObjectAllocator: 5168128 out of 0 bytes used by permanent object pool.
[2015.01.18-09.48.47:552][  0]LogEngine: Initializing Engine...
[2015.01.18-09.48.47:734][  0]LogInit: XAudio2 using 'Speakers / Headphones (IDT High Definition Audio CODEC)' : 2 channels at 48 kHz using 32 bits per sample (channel mask 0x3)
[2015.01.18-09.48.47:770][  0]LogInit: FAudioDevice initialized.
[2015.01.18-09.48.47:812][  0]LogAIModule: Creating AISystem for world NewWorld
[2015.01.18-09.48.47:839][  0]LogDerivedDataCache: Saved boot cache 0.03s 39MB C:/Users/sangmoon/AppData/Local/UnrealEngine/4.6/DerivedDataCache/Boot.ddc.
[2015.01.18-09.48.47:845][  0]LogInit: Texture streaming: Enabled
[2015.01.18-09.48.47:907][  0]LogAnalytics: Creating configured Analytics provider AnalyticsET
[2015.01.18-09.48.47:907][  0]LogAnalytics: ET APIKey = Rocket.Release. APIServer = http://et2.epicgames.com/ET2/. AppVersion = 4.6.0-2369412+++depot+UE4-Releases+4.6
[2015.01.18-09.48.47:908][  0]LogAnalytics: SetUserId 42eba7e8a22ed2a362d52b257307cb21
[2015.01.18-09.48.47:908][  0]LogAnalytics: AnalyticsET::StartSession [Rocket.Release]
[2015.01.18-09.48.47:936][  0]LogInit: Transaction tracking system initialized
[2015.01.18-09.48.48:134][  0]BlueprintLog: New page: Editor Load
[2015.01.18-09.48.48:185][  0]LogAssetRegistry: FAssetRegistry took 0.0106 seconds to start up
[2015.01.18-09.48.48:186][  0]LogDirectoryWatcher:Warning: Failed to begin reading directory changes for ../../../Engine/Plugins/Experimental/CharacterAI/Content/. Error: 0
[2015.01.18-09.48.48:926][  0]LogTargetPlatformManager:Display: Building Assets For Windows
[2015.01.18-09.48.49:398][  0]LogTargetPlatformManager:Display: Building Assets For Windows
[2015.01.18-09.48.51:845][  0]LogConsoleResponse:Display: 
[2015.01.18-09.48.51:909][  0]LogLinker:Warning: Asset '../../../Engine/Content/Functions/Engine_MaterialFunctions03/Procedurals/ComputeFilterWidth.uasset' has been saved with empty engine version. The asset will be loaded but may be incompatible.
[2015.01.18-09.48.52:281][  0]SourceControl: Info Source control is disabled
[2015.01.18-09.48.52:281][  0]Cmd: MAP LOAD FILE="../../../Engine/Content/Maps/Templates/Template_Default.umap" TEMPLATE=1 SHOWPROGRESS=1
[2015.01.18-09.48.52:282][  0]LightingResults: New page: Lighting Build
[2015.01.18-09.48.52:305][  0]MapCheck: New page: Map Check
[2015.01.18-09.48.52:305][  0]LightingResults: New page: Lighting Build
[2015.01.18-09.48.52:314][  0]LogParticles: Destroying 0 GPU particle simulations for FXSystem 0x000000DDBDB29940
[2015.01.18-09.48.52:661][  0]LogEditorServer: Finished looking for orphan Actors (0.000 secs)
[2015.01.18-09.48.52:661][  0]LogAIModule: Creating AISystem for world Untitled_1
[2015.01.18-09.48.52:661][  0]Cmd: MAP CHECKDEP
[2015.01.18-09.48.52:661][  0]MapCheck: New page: Untitled_1 - Jan 17, 2015, 11:48:52 PM
[2015.01.18-09.48.52:891][  0]MapCheck: Info Map check complete: 0 Error(s), 0 Warning(s), took 230.014ms to complete.
[2015.01.18-09.48.52:891][  0]LogFileHelpers: Loading map 'Template_Default' took 0.609
[2015.01.18-09.48.53:561][  0]LogCollectionManager: Loaded 0 collections in 0.001602 seconds
[2015.01.18-09.48.54:712][  0]LogCrashTracker: Crashtracker disabled due to settings.
[2015.01.18-09.48.54:920][  0]LogLoad: Full Startup: 21.80 seconds (BP compile: 0.05 seconds)
[2015.01.18-09.48.55:384][  0]LogPackageName: SearchForPackageOnDisk took   0.153s to resolve LevelEditor.TutorialLaunchButton
[2015.01.18-09.48.55:384][  0]LogUObjectGlobals:Warning: LoadPackage can't find package LevelEditor.TutorialLaunchButton.
[2015.01.18-09.48.55:534][  0]LogPackageName: SearchForPackageOnDisk took   0.151s to resolve 
[2015.01.18-09.48.55:534][  0]LogUObjectGlobals:Warning: LoadPackage can't find package .
[2015.01.18-09.48.56:386][  0]LogRenderer:Warning: Reallocating scene render targets to support 1136x904.
[2015.01.18-09.49.05:737][ 39]LogAssetRegistry: Asset discovery search completed in 17.5638 seconds
[2015.01.18-09.49.47:899][743]LogPlayLevel: PIE:  No blueprints needed recompiling
[2015.01.18-09.49.47:899][743]PIE: New page: PIE session: Untitled_1 (Jan 17, 2015, 11:49:47 PM)
[2015.01.18-09.49.47:917][743]LogPlayLevel: PIE: StaticDuplicateObject took: (0.001818s)
[2015.01.18-09.49.47:917][743]LogPlayLevel: PIE: World Init took: (0.000568s)
[2015.01.18-09.49.47:917][743]LogPlayLevel: PIE: Created PIE world by copying editor world from /Temp/Untitled_1.Untitled_1 to /Temp/UEDPIE_0_Untitled_1.Untitled_1 (0.018088s)
[2015.01.18-09.49.48:065][743]LogWorld: Game class is 'GameMode'
[2015.01.18-09.49.48:131][743]LogAIModule: Creating AISystem for world Untitled_1
[2015.01.18-09.49.48:143][743]LogWorld: Bringing World /Temp/UEDPIE_0_Untitled_1.Untitled_1 up for play (max tick rate 0) at 2015.01.18-04.49.48
[2015.01.18-09.49.48:150][743]LogWorld: Bringing up level for play took: 0.019298
[2015.01.18-09.49.48:213][743]PIE: Info Play in editor start time for /Temp/UEDPIE_0_Untitled_1 -0.194
[2015.01.18-09.50.18:705][157]LogParticles: Destroying 0 GPU particle simulations for FXSystem 0x000000DDC44794E0
[2015.01.18-09.52.25:177][ 86]Cmd: OBJ SAVEPACKAGE PACKAGE="/Game/Maps/FPSMap" FILE="../../../../../../Users/sangmoon/Documents/Unreal Projects/FPSProject/Content/Maps/FPSMap.umap" SILENT=true AUTOSAVING=false KEEPDIRTY=false
[2015.01.18-09.52.25:285][ 86]LogSavePackage: Save=52.024464ms
[2015.01.18-09.52.25:285][ 86]LogSavePackage: Moving '../../../../../../Users/sangmoon/Documents/Unreal Projects/FPSProject/Saved/FPSMap153A4BE0420ACBC90061AEB3C5B0AA8A.tmp' to '../../../../../../Users/sangmoon/Documents/Unreal Projects/FPSProject/Content/Maps/FPSMap.umap'
[2015.01.18-09.52.25:312][ 86]LogFileHelpers: Saving map 'FPSMap' took 0.923
[2015.01.18-09.52.34:861][264]LogPackageName: SearchForPackageOnDisk took   0.154s to resolve LevelEditor.TutorialLaunchButton
[2015.01.18-09.52.34:861][264]LogUObjectGlobals:Warning: LoadPackage can't find package LevelEditor.TutorialLaunchButton.
[2015.01.18-09.52.35:009][264]LogPackageName: SearchForPackageOnDisk took   0.149s to resolve 
[2015.01.18-09.52.35:010][264]LogUObjectGlobals:Warning: LoadPackage can't find package .
[2015.01.18-09.54.32:245][351]LogPackageName: SearchForPackageOnDisk took   0.151s to resolve LevelEditor.TutorialLaunchButton
[2015.01.18-09.54.32:245][351]LogUObjectGlobals:Warning: LoadPackage can't find package LevelEditor.TutorialLaunchButton.
[2015.01.18-09.54.32:395][351]LogPackageName: SearchForPackageOnDisk took   0.150s to resolve 
[2015.01.18-09.54.32:395][351]LogUObjectGlobals:Warning: LoadPackage can't find package .
[2015.01.18-09.55.10:808][787]Running C:/Program Files/Epic Games/4.6/Engine/Binaries/DotNET/UnrealBuildTool.exe -projectfiles -project="C:/Users/sangmoon/Documents/Unreal Projects/FPSProject/FPSProject.uproject" -game -rocket -progress
[2015.01.18-09.55.11:312][787]Discovering modules, targets and source code for game...
[2015.01.18-09.57.15:980][ 20]LogVSAccessor: Couldn't get item operations. Visual Studio may still be initializing.
[2015.01.18-09.57.40:938][ 63]LogVSAccessor:Warning: Couldn't goto line number '0' in 'C:/Users/sangmoon/Documents/Unreal Projects/FPSProject/Source/FPSProject/FPSGameMode.h'
[2015.01.18-09.57.41:457][ 63]LogVSAccessor:Warning: Couldn't goto line number '0' in 'C:/Users/sangmoon/Documents/Unreal Projects/FPSProject/Source/FPSProject/FPSGameMode.cpp'
[2015.01.18-10.01.35:529][760]LogFileHelpers: Editor autosave (incl. sublevels) for '/Game/Maps/FPSMap' took 0.009
[2015.01.18-10.03.57:923][213]Cmd: QUIT_EDITOR
[2015.01.18-10.03.58:350][213]LogExit: Preparing to exit.
[2015.01.18-10.03.59:364][213]LogExit: Editor shut down
[2015.01.18-10.03.59:364][213]LogExit: Transaction tracking system shut down
[2015.01.18-10.03.59:365][213]LogParticles: Destroying 0 GPU particle simulations for FXSystem 0x000000DDB80E96C0
[2015.01.18-10.03.59:387][213]LogExit: Object subsystem successfully closed.
[2015.01.18-10.03.59:502][213]LogModuleManager: Shutting down and abandoning module ExternalImagePicker (173)
[2015.01.18-10.03.59:502][213]LogModuleManager: Shutting down and abandoning module AndroidDeviceDetection (172)
[2015.01.18-10.03.59:502][213]LogModuleManager: Shutting down and abandoning module CrashTracker (171)
[2015.01.18-10.03.59:502][213]LogModuleManager: Shutting down and abandoning module SuperSearch (170)
[2015.01.18-10.03.59:502][213]LogModuleManager: Shutting down and abandoning module SceneOutliner (169)
[2015.01.18-10.03.59:502][213]LogModuleManager: Shutting down and abandoning module EditorWidgets (168)
[2015.01.18-10.03.59:502][213]LogModuleManager: Shutting down and abandoning module CollectionManager (167)
[2015.01.18-10.03.59:502][213]LogModuleManager: Shutting down and abandoning module StatsViewer (166)
[2015.01.18-10.03.59:502][213]LogModuleManager: Shutting down and abandoning module FoliageEdit (165)
[2015.01.18-10.03.59:502][213]LogModuleManager: Shutting down and abandoning module LandscapeEditor (164)
[2015.01.18-10.03.59:502][213]LogModuleManager: Shutting down and abandoning module MeshPaint (163)
[2015.01.18-10.03.59:502][213]LogModuleManager: Shutting down and abandoning module ActorPickerMode (162)
[2015.01.18-10.03.59:502][213]LogModuleManager: Shutting down and abandoning module GeometryMode (161)
[2015.01.18-10.03.59:502][213]LogModuleManager: Shutting down and abandoning module TextureAlignMode (160)
[2015.01.18-10.03.59:503][213]LogModuleManager: Shutting down and abandoning module BspMode (159)
[2015.01.18-10.03.59:503][213]LogModuleManager: Shutting down and abandoning module PlacementMode (158)
[2015.01.18-10.03.59:503][213]LogModuleManager: Shutting down and abandoning module AutomationWorker (157)
[2015.01.18-10.03.59:503][213]LogModuleManager: Shutting down and abandoning module CharacterAI (156)
[2015.01.18-10.03.59:503][213]LogModuleManager: Shutting down and abandoning module GameProjectGeneration (155)
[2015.01.18-10.03.59:503][213]LogModuleManager: Shutting down and abandoning module IntroTutorials (154)
[2015.01.18-10.03.59:514][213]LogModuleManager: Shutting down and abandoning module EditorLiveStreaming (153)
[2015.01.18-10.03.59:514][213]LogModuleManager: Shutting down and abandoning module HardwareTargeting (152)
[2015.01.18-10.03.59:514][213]LogModuleManager: Shutting down and abandoning module DeviceProfileEditor (151)
[2015.01.18-10.03.59:514][213]LogModuleManager: Shutting down and abandoning module UndoHistory (150)
[2015.01.18-10.03.59:514][213]LogModuleManager: Shutting down and abandoning module GameplayTagsEditor (149)
[2015.01.18-10.03.59:514][213]LogModuleManager: Shutting down and abandoning module UserFeedback (148)
[2015.01.18-10.03.59:514][213]LogModuleManager: Shutting down and abandoning module XmlParser (147)
[2015.01.18-10.03.59:514][213]LogModuleManager: Shutting down and abandoning module Blutility (146)
[2015.01.18-10.03.59:514][213]LogModuleManager: Shutting down and abandoning module IOSPlatformEditor (145)
[2015.01.18-10.03.59:514][213]LogModuleManager: Shutting down and abandoning module IOSRuntimeSettings (144)
[2015.01.18-10.03.59:514][213]LogModuleManager: Shutting down and abandoning module AndroidPlatformEditor (143)
[2015.01.18-10.03.59:514][213]LogModuleManager: Shutting down and abandoning module AndroidRuntimeSettings (142)
[2015.01.18-10.03.59:514][213]LogModuleManager: Shutting down and abandoning module ProjectTargetPlatformEditor (141)
[2015.01.18-10.03.59:514][213]LogModuleManager: Shutting down and abandoning module ProjectSettingsViewer (140)
[2015.01.18-10.03.59:514][213]LogModuleManager: Shutting down and abandoning module InputBindingEditor (139)
[2015.01.18-10.03.59:514][213]LogModuleManager: Shutting down and abandoning module EditorSettingsViewer (138)
[2015.01.18-10.03.59:514][213]LogModuleManager: Shutting down and abandoning module SettingsEditor (137)
[2015.01.18-10.03.59:514][213]LogModuleManager: Shutting down and abandoning module ProjectLauncher (136)
[2015.01.18-10.03.59:514][213]LogModuleManager: Shutting down and abandoning module SessionFrontend (135)
[2015.01.18-10.03.59:514][213]LogModuleManager: Shutting down and abandoning module ProfilerClient (134)
[2015.01.18-10.03.59:514][213]LogModuleManager: Shutting down and abandoning module TargetDeviceServices (133)
[2015.01.18-10.03.59:514][213]LogModuleManager: Shutting down and abandoning module DeviceManager (132)
[2015.01.18-10.03.59:515][213]LogModuleManager: Shutting down and abandoning module AutomationController (131)
[2015.01.18-10.03.59:515][213]LogModuleManager: Shutting down and abandoning module AutomationWindow (130)
[2015.01.18-10.03.59:515][213]LogModuleManager: Shutting down and abandoning module Layers (129)
[2015.01.18-10.03.59:515][213]LogModuleManager: Shutting down and abandoning module ComponentVisualizers (128)
[2015.01.18-10.03.59:515][213]LogModuleManager: Shutting down and abandoning module DetailCustomizations (127)
[2015.01.18-10.03.59:515][213]LogModuleManager: Shutting down and abandoning module PackagesDialog (126)
[2015.01.18-10.03.59:515][213]LogModuleManager: Shutting down and abandoning module AssetRegistry (125)
[2015.01.18-10.03.59:594][213]LogModuleManager: Shutting down and abandoning module Persona (124)
[2015.01.18-10.03.59:594][213]LogModuleManager: Shutting down and abandoning module Kismet (123)
[2015.01.18-10.03.59:594][213]LogModuleManager: Shutting down and abandoning module GraphEditor (122)
[2015.01.18-10.03.59:594][213]LogModuleManager: Shutting down and abandoning module ClassViewer (121)
[2015.01.18-10.03.59:594][213]LogModuleManager: Shutting down and abandoning module Toolbox (120)
[2015.01.18-10.03.59:594][213]LogModuleManager: Shutting down and abandoning module ModuleUI (119)
[2015.01.18-10.03.59:594][213]LogModuleManager: Shutting down and abandoning module MovieSceneTools (118)
[2015.01.18-10.03.59:594][213]LogModuleManager: Shutting down and abandoning module OutputLog (117)
[2015.01.18-10.03.59:594][213]LogModuleManager: Shutting down and abandoning module GammaUI (116)
[2015.01.18-10.03.59:594][213]LogModuleManager: Shutting down and abandoning module Documentation (115)
[2015.01.18-10.03.59:594][213]LogModuleManager: Shutting down and abandoning module GameLiveStreaming (114)
[2015.01.18-10.03.59:594][213]LogModuleManager: Shutting down and abandoning module StreamingPauseRendering (113)
[2015.01.18-10.03.59:594][213]LogModuleManager: Shutting down and abandoning module HTTP (112)
[2015.01.18-10.03.59:594][213]LogModuleManager: Shutting down and abandoning module AnalyticsET (111)
[2015.01.18-10.03.59:594][213]LogModuleManager: Shutting down and abandoning module Analytics (110)
[2015.01.18-10.03.59:594][213]LogModuleManager: Shutting down and abandoning module AITestSuite (109)
[2015.01.18-10.03.59:594][213]LogModuleManager: Shutting down and abandoning module AIModule (108)
[2015.01.18-10.03.59:594][213]LogModuleManager: Shutting down and abandoning module ProfilerService (107)
[2015.01.18-10.03.59:628][213]LogModuleManager: Shutting down and abandoning module TaskGraph (106)
[2015.01.18-10.03.59:628][213]LogModuleManager: Shutting down and abandoning module GameplayDebugger (105)
[2015.01.18-10.03.59:628][213]LogModuleManager: Shutting down and abandoning module SlateRemote (104)
[2015.01.18-10.03.59:628][213]LogModuleManager: Shutting down and abandoning module ScriptEditorPlugin (103)
[2015.01.18-10.03.59:628][213]LogModuleManager: Shutting down and abandoning module CustomMeshComponent (102)
[2015.01.18-10.03.59:628][213]LogModuleManager: Shutting down and abandoning module CableComponent (101)
[2015.01.18-10.03.59:628][213]LogModuleManager: Shutting down and abandoning module MessagingDebugger (100)
[2015.01.18-10.03.59:628][213]LogModuleManager: Shutting down and abandoning module MediaPlayerEditor (99)
[2015.01.18-10.03.59:628][213]LogModuleManager: Shutting down and abandoning module SpeedTreeImporter (98)
[2015.01.18-10.03.59:628][213]LogModuleManager: Shutting down and abandoning module PluginsEditor (97)
[2015.01.18-10.03.59:628][213]LogModuleManager: Shutting down and abandoning module EpicSurvey (96)
[2015.01.18-10.03.59:628][213]LogModuleManager: Shutting down and abandoning module DesktopPlatform (95)
[2015.01.18-10.03.59:628][213]LogModuleManager: Shutting down and abandoning module VisualStudioSourceCodeAccess (94)
[2015.01.18-10.03.59:628][213]LogModuleManager: Shutting down and abandoning module UObjectPlugin (93)
[2015.01.18-10.03.59:628][213]LogModuleManager: Shutting down and abandoning module SubversionSourceControl (92)
[2015.01.18-10.03.59:628][213]LogModuleManager: Shutting down and abandoning module SourceControl (91)
[2015.01.18-10.03.59:628][213]LogModuleManager: Shutting down and abandoning module PerforceSourceControl (90)
[2015.01.18-10.03.59:628][213]LogModuleManager: Shutting down and abandoning module BlankPlugin (89)
[2015.01.18-10.03.59:628][213]LogModuleManager: Shutting down and abandoning module SlateReflector (88)
[2015.01.18-10.03.59:628][213]LogModuleManager: Shutting down and abandoning module DirectoryWatcher (87)
[2015.01.18-10.03.59:628][213]LogModuleManager: Shutting down and abandoning module HotReload (86)
[2015.01.18-10.03.59:628][213]LogModuleManager: Shutting down and abandoning module MainFrame (85)
[2015.01.18-10.03.59:628][213]LogModuleManager: Shutting down and abandoning module LevelEditor (84)
[2015.01.18-10.03.59:629][213]LogModuleManager: Shutting down and abandoning module ViewportSnapping (83)
[2015.01.18-10.03.59:629][213]LogModuleManager: Shutting down and abandoning module SmartSnapping (82)
[2015.01.18-10.03.59:629][213]LogModuleManager: Shutting down and abandoning module PaperTiledImporter (81)
[2015.01.18-10.03.59:629][213]LogModuleManager: Shutting down and abandoning module PaperJsonImporter (80)
[2015.01.18-10.03.59:629][213]LogModuleManager: Shutting down and abandoning module ContentBrowser (79)
[2015.01.18-10.03.59:629][213]LogModuleManager: Shutting down and abandoning module Paper2DEditor (78)
[2015.01.18-10.03.59:629][213]LogModuleManager: Shutting down and abandoning module ScriptPlugin (77)
[2015.01.18-10.03.59:629][213]LogModuleManager: Shutting down and abandoning module UdpMessaging (76)
[2015.01.18-10.03.59:730][213]LogModuleManager: Shutting down and abandoning module Paper2D (75)
[2015.01.18-10.03.59:730][213]LogModuleManager: Shutting down and abandoning module UE4Game (74)
[2015.01.18-10.03.59:730][213]LogModuleManager: Shutting down and abandoning module WindowsMoviePlayer (73)
[2015.01.18-10.03.59:732][213]LogModuleManager: Shutting down and abandoning module Media (72)
[2015.01.18-10.03.59:732][213]LogModuleManager: Shutting down and abandoning module WmfMedia (71)
[2015.01.18-10.03.59:732][213]LogModuleManager: Shutting down and abandoning module OnlineBlueprintSupport (70)
[2015.01.18-10.03.59:732][213]LogModuleManager: Shutting down and abandoning module PropertyEditor (69)
[2015.01.18-10.03.59:732][213]LogModuleManager: Shutting down and abandoning module BehaviorTreeEditor (68)
[2015.01.18-10.03.59:732][213]LogModuleManager: Shutting down and abandoning module FunctionalTesting (67)
[2015.01.18-10.03.59:732][213]LogModuleManager: Shutting down and abandoning module CollisionAnalyzer (66)
[2015.01.18-10.03.59:732][213]LogModuleManager: Shutting down and abandoning module WorkspaceMenuStructure (65)
[2015.01.18-10.03.59:732][213]LogModuleManager: Shutting down and abandoning module MessageLog (64)
[2015.01.18-10.03.59:732][213]LogModuleManager: Shutting down and abandoning module Sequencer (63)
[2015.01.18-10.03.59:732][213]LogModuleManager: Shutting down and abandoning module AssetTools (62)
[2015.01.18-10.03.59:732][213]LogModuleManager: Shutting down and abandoning module UMGEditor (61)
[2015.01.18-10.03.59:732][213]LogModuleManager: Shutting down and abandoning module UMG (60)
[2015.01.18-10.03.59:732][213]LogModuleManager: Shutting down and abandoning module Slate (59)
[2015.01.18-10.03.59:732][213]LogModuleManager: Shutting down and abandoning module EditorStyle (58)
[2015.01.18-10.03.59:743][213]LogModuleManager: Shutting down and abandoning module SessionServices (57)
[2015.01.18-10.03.59:743][213]LogModuleManager: Shutting down and abandoning module SourceCodeAccess (56)
[2015.01.18-10.03.59:743][213]LogModuleManager: Shutting down and abandoning module HeadMountedDisplay (55)
[2015.01.18-10.03.59:743][213]LogModuleManager: Shutting down and abandoning module XAudio2 (54)
[2015.01.18-10.03.59:743][213]LogModuleManager: Shutting down and abandoning module Networking (52)
[2015.01.18-10.03.59:743][213]LogModuleManager: Shutting down and abandoning module Core (51)
[2015.01.18-10.03.59:743][213]LogModuleManager: Shutting down and abandoning module KismetCompiler (50)
[2015.01.18-10.03.59:743][213]LogModuleManager: Shutting down and abandoning module PhysXFormats (49)
[2015.01.18-10.03.59:743][213]LogModuleManager: Shutting down and abandoning module MeshUtilities (48)
[2015.01.18-10.03.59:743][213]LogModuleManager: Shutting down and abandoning module DerivedDataCache (47)
[2015.01.18-10.03.59:750][213]LogDerivedDataCache: Shutdown
[2015.01.18-10.03.59:750][213]LogModuleManager: Shutting down and abandoning module ShaderFormatOpenGL (46)
[2015.01.18-10.03.59:750][213]LogModuleManager: Shutting down and abandoning module ShaderFormatD3D (45)
[2015.01.18-10.03.59:750][213]LogModuleManager: Shutting down and abandoning module MetalShaderFormat (44)
[2015.01.18-10.03.59:750][213]LogModuleManager: Shutting down and abandoning module TextureFormatUncompressed (43)
[2015.01.18-10.03.59:750][213]LogModuleManager: Shutting down and abandoning module TextureFormatPVR (42)
[2015.01.18-10.03.59:750][213]LogModuleManager: Shutting down and abandoning module TextureFormatDXT (41)
[2015.01.18-10.03.59:750][213]LogModuleManager: Shutting down and abandoning module TextureFormatAndroid (40)
[2015.01.18-10.03.59:750][213]LogModuleManager: Shutting down and abandoning module AudioFormatOpus (39)
[2015.01.18-10.03.59:750][213]LogModuleManager: Shutting down and abandoning module AudioFormatOgg (38)
[2015.01.18-10.03.59:750][213]LogModuleManager: Shutting down and abandoning module AudioFormatADPCM (37)
[2015.01.18-10.03.59:750][213]LogModuleManager: Shutting down and abandoning module LinuxTargetPlatform (36)
[2015.01.18-10.03.59:750][213]LogModuleManager: Shutting down and abandoning module LinuxServerTargetPlatform (35)
[2015.01.18-10.03.59:750][213]LogModuleManager: Shutting down and abandoning module LinuxNoEditorTargetPlatform (34)
[2015.01.18-10.03.59:750][213]LogModuleManager: Shutting down and abandoning module Messaging (33)
[2015.01.18-10.03.59:750][213]LogModuleManager: Shutting down and abandoning module IOSTargetPlatform (32)
[2015.01.18-10.03.59:750][213]LogModuleManager: Shutting down and abandoning module Android_PVRTCTargetPlatform (31)
[2015.01.18-10.03.59:750][213]LogModuleManager: Shutting down and abandoning module Android_ETC2TargetPlatform (30)
[2015.01.18-10.03.59:750][213]LogModuleManager: Shutting down and abandoning module Android_ETC1TargetPlatform (29)
[2015.01.18-10.03.59:750][213]LogModuleManager: Shutting down and abandoning module Android_DXTTargetPlatform (28)
[2015.01.18-10.03.59:750][213]LogModuleManager: Shutting down and abandoning module Android_ATCTargetPlatform (27)
[2015.01.18-10.03.59:750][213]LogModuleManager: Shutting down and abandoning module AndroidTargetPlatform (26)
[2015.01.18-10.03.59:750][213]LogModuleManager: Shutting down and abandoning module WindowsTargetPlatform (25)
[2015.01.18-10.03.59:750][213]LogModuleManager: Shutting down and abandoning module WindowsServerTargetPlatform (24)
[2015.01.18-10.03.59:750][213]LogModuleManager: Shutting down and abandoning module WindowsNoEditorTargetPlatform (23)
[2015.01.18-10.03.59:750][213]LogModuleManager: Shutting down and abandoning module WindowsClientTargetPlatform (22)
[2015.01.18-10.03.59:750][213]LogModuleManager: Shutting down and abandoning module TargetPlatform (21)
[2015.01.18-10.03.59:750][213]LogModuleManager: Shutting down and abandoning module InputCore (20)
[2015.01.18-10.03.59:750][213]LogModuleManager: Shutting down and abandoning module Settings (19)
[2015.01.18-10.03.59:750][213]LogModuleManager: Shutting down and abandoning module ImageWrapper (18)
[2015.01.18-10.03.59:750][213]LogModuleManager: Shutting down and abandoning module OculusRift (15)
[2015.01.18-10.03.59:750][213]LogModuleManager: Shutting down and abandoning module ExampleDeviceProfileSelector (14)
[2015.01.18-10.03.59:750][213]LogModuleManager: Shutting down and abandoning module TextureCompressor (13)
[2015.01.18-10.03.59:750][213]LogModuleManager: Shutting down and abandoning module ShaderCore (12)
[2015.01.18-10.03.59:750][213]LogModuleManager: Shutting down and abandoning module Landscape (11)
[2015.01.18-10.03.59:750][213]LogModuleManager: Shutting down and abandoning module SlateRHIRenderer (10)
[2015.01.18-10.03.59:751][213]LogModuleManager: Shutting down and abandoning module OpenGLDrv (9)
[2015.01.18-10.03.59:751][213]LogModuleManager: Shutting down and abandoning module D3D11RHI (8)
[2015.01.18-10.03.59:751][213]LogModuleManager: Shutting down and abandoning module Renderer (7)
[2015.01.18-10.03.59:751][213]LogModuleManager: Shutting down and abandoning module Engine (6)
[2015.01.18-10.03.59:751][213]LogModuleManager: Shutting down and abandoning module CoreUObject (5)
[2015.01.18-10.03.59:751][213]LogModuleManager: Shutting down and abandoning module NetworkFile (4)
[2015.01.18-10.03.59:751][213]LogModuleManager: Shutting down and abandoning module StreamingFile (3)
[2015.01.18-10.03.59:751][213]LogModuleManager: Shutting down and abandoning module SandboxFile (2)
[2015.01.18-10.03.59:751][213]LogModuleManager: Shutting down and abandoning module PakFile (1)
[2015.01.18-10.03.59:752][213]LogExit: Exiting.
[2015.01.18-10.03.59:770][213]Log file closed, 01/18/15 05:03:59
