Log file open, 01/18/15 20:29:07
LogInit:Display: Running engine for game: FPSProject
LogInit: Version: 4.6.0-2369412+++depot+UE4-Releases+4.6
LogInit: API Version: 2369412
LogInit: Compiled (64-bit): Nov 24 2014 21:54:04
LogInit: Compiled with Visual C++: 18.00.21005.01
LogInit: Build Configuration: Development
LogInit: Branch Name: ++depot+UE4-Releases+4.6
LogInit: Command line: 
LogInit: Base directory: C:/Program Files/Epic Games/4.6/Engine/Binaries/Win64/
LogInit: Rocket: 1
[2015.01.19-01.29.07:648][  0]LogTaskGraph: Started task graph with 3 named threads and 6 total threads.
[2015.01.19-01.29.07:714][  0]LogOnline:Warning: No default platform service specified for OnlineSubsystem
[2015.01.19-01.29.07:760][  0]LogInit: Presizing for 0 objects not considered by GC, pre-allocating 0 bytes.
[2015.01.19-01.29.07:770][  0]LogInit: Object subsystem initialized
[2015.01.19-01.29.07:772][  0]LogConsoleResponse:Warning: Skipping Unknown console variable: 'UIScaleRule = ShortestSide'
[2015.01.19-01.29.07:772][  0]LogConsoleResponse:Warning:   Found in ini file 'C:/Users/sangmoon/Documents/Unreal Projects/FPSProject/Saved/Config/Windows/Engine.ini', in section '[/Script/Engine.RendererSettings]'
[2015.01.19-01.29.07:772][  0]LogConsoleResponse:Warning: Skipping Unknown console variable: 'UIScaleCurve = (EditorCurveData=(Keys=),ExternalCurve=None)'
[2015.01.19-01.29.07:772][  0]LogConsoleResponse:Warning:   Found in ini file 'C:/Users/sangmoon/Documents/Unreal Projects/FPSProject/Saved/Config/Windows/Engine.ini', in section '[/Script/Engine.RendererSettings]'
[2015.01.19-01.29.07:772][  0]LogConsoleManager:Warning: Console variable 'r.MSAA.CompositingSampleCount' wasn't set (Priority ProjectSetting < Scalability)
[2015.01.19-01.29.07:772][  0]LogInit: Selected Device Profile: [Windows]
[2015.01.19-01.29.07:772][  0]LogInit: Applying CVar settings loaded from the selected device profile: [Windows]
[2015.01.19-01.29.07:795][  0]LogInit: Computer: HWANG
[2015.01.19-01.29.07:795][  0]LogInit: User: sangmoon
[2015.01.19-01.29.07:795][  0]LogInit: CPU Page size=4096, Cores=4
[2015.01.19-01.29.07:795][  0]LogInit: High frequency timer resolution =2.923048 MHz
[2015.01.19-01.29.07:795][  0]LogMemory: Memory total: Physical=8.0GB (8GB approx) Virtual=131072.0GB
[2015.01.19-01.29.07:795][  0]LogMemory: Platform Memory Stats for Windows
[2015.01.19-01.29.07:795][  0]LogMemory: Process Physical Memory: 49.48 MB used, 49.48 MB peak
[2015.01.19-01.29.07:795][  0]LogMemory: Process Virtual Memory: 25.22 MB used, 25.22 MB peak
[2015.01.19-01.29.07:795][  0]LogMemory: Physical Memory: 5845.61 MB used, 8147.34 MB total
[2015.01.19-01.29.07:795][  0]LogMemory: Virtual Memory: 271.35 MB used, 134217728.00 MB total
[2015.01.19-01.29.07:850][  0]LogD3D11RHI: Found D3D11 adapter 0: AMD Radeon HD 8470 (Feature Level 11_0)
[2015.01.19-01.29.07:850][  0]LogD3D11RHI: Adapter has 1011MB of dedicated video memory, 0MB of dedicated system memory, and 3840MB of shared system memory, 1 output[s]
[2015.01.19-01.29.07:853][  0]LogD3D11RHI: Found D3D11 adapter 1: Microsoft Basic Render Driver (Feature Level 11_0)
[2015.01.19-01.29.07:853][  0]LogD3D11RHI: Adapter has 0MB of dedicated video memory, 0MB of dedicated system memory, and 256MB of shared system memory, 0 output[s]
[2015.01.19-01.29.07:853][  0]LogD3D11RHI: Chosen D3D11 Adapter Id = 0
[2015.01.19-01.29.07:859][  0]LogRHI: Texture pool is 708 MB (70% of 1011 MB)
[2015.01.19-01.29.07:868][  0]LogD3D11RHI: Async texture creation disabled: no driver support
[2015.01.19-01.29.08:002][  0]LogTextLocalizationManager: The requested culture ('en_CA') has no localization data; parent culture's ('en') localization data will be used.
[2015.01.19-01.29.08:155][  0]LogContentStreaming: Texture pool size is 0.000000MB
[2015.01.19-01.29.14:876][  0]LogTargetPlatformManager:Display: Building Assets For Windows
[2015.01.19-01.29.15:586][  0]LogTargetPlatformManager:Display: Building Assets For Windows
[2015.01.19-01.29.15:688][  0]LogDerivedDataCache:Display: Max Cache Size: 512 MB
[2015.01.19-01.29.15:734][  0]LogDerivedDataCache: Loaded boot cache 0.05s 40MB C:/Users/sangmoon/AppData/Local/UnrealEngine/4.6/DerivedDataCache/Boot.ddc.
[2015.01.19-01.29.15:734][  0]LogDerivedDataCache:Display: Loaded Boot cache: C:/Users/sangmoon/AppData/Local/UnrealEngine/4.6/DerivedDataCache/Boot.ddc
[2015.01.19-01.29.15:735][  0]LogDerivedDataCache: FDerivedDataBackendGraph:  Pak pak cache file ../../../../../../Users/sangmoon/Documents/Unreal Projects/FPSProject/DerivedDataCache/DDC.ddp not found, will not use a pak cache.
[2015.01.19-01.29.15:735][  0]LogDerivedDataCache: Unable to find inner node Pak for hierarchical cache Hierarchy.
[2015.01.19-01.29.15:809][  0]LogDerivedDataCache:Display: Pak cache opened for reading ../../../Engine/DerivedDataCache/DDC.ddp.
[2015.01.19-01.29.15:826][  0]LogDerivedDataCache: Using Local data cache path C:/Users/sangmoon/AppData/Local/UnrealEngine/Common/DerivedDataCache: Writable
[2015.01.19-01.29.16:052][  0]LogCollisionProfile:Warning: Profile (UI) - Custom Channel Name = 'Weapon' hasn't been found
[2015.01.19-01.29.16:281][  0]LogMeshUtilities: No automatic mesh reduction module available
[2015.01.19-01.29.16:281][  0]LogMeshUtilities: No automatic mesh merging module available
[2015.01.19-01.29.16:862][  0]LogInit: WinSock: version 1.1 (2.2), MaxSocks=32767, MaxUdp=65467
[2015.01.19-01.29.17:004][  0]LogSlate:Warning: Failed to load font data from '../../../Engine/Content/Slate/Fonts/Roboto-Italic.ttf'
[2015.01.19-01.29.18:440][  0]UdpMessaging: Initializing bridge on interface 0.0.0.0:0 to multicast group 230.0.0.1:6666.
[2015.01.19-01.29.19:758][  0]SourceControl: Info Source control is disabled
[2015.01.19-01.29.19:758][  0]SourceControl: Info Source control is disabled
[2015.01.19-01.29.19:776][  0]SourceControl: Info Source control is disabled
[2015.01.19-01.29.20:065][  0]LogObj: 24057 objects as part of root set at end of initial load.
[2015.01.19-01.29.20:065][  0]LogUObjectAllocator: 5355744 out of 0 bytes used by permanent object pool.
[2015.01.19-01.29.20:147][  0]LogEngine: Initializing Engine...
[2015.01.19-01.29.20:338][  0]LogInit: XAudio2 using 'Speakers / Headphones (IDT High Definition Audio CODEC)' : 2 channels at 48 kHz using 32 bits per sample (channel mask 0x3)
[2015.01.19-01.29.20:362][  0]LogInit: FAudioDevice initialized.
[2015.01.19-01.29.20:409][  0]LogAIModule: Creating AISystem for world NewWorld
[2015.01.19-01.29.20:438][  0]LogDerivedDataCache: Saved boot cache 0.03s 40MB C:/Users/sangmoon/AppData/Local/UnrealEngine/4.6/DerivedDataCache/Boot.ddc.
[2015.01.19-01.29.20:445][  0]LogInit: Texture streaming: Enabled
[2015.01.19-01.29.20:508][  0]LogAnalytics: Creating configured Analytics provider AnalyticsET
[2015.01.19-01.29.20:508][  0]LogAnalytics: ET APIKey = Rocket.Release. APIServer = http://et2.epicgames.com/ET2/. AppVersion = 4.6.0-2369412+++depot+UE4-Releases+4.6
[2015.01.19-01.29.20:510][  0]LogAnalytics: SetUserId 42eba7e8a22ed2a362d52b257307cb21
[2015.01.19-01.29.20:510][  0]LogAnalytics: AnalyticsET::StartSession [Rocket.Release]
[2015.01.19-01.29.20:540][  0]LogInit: Transaction tracking system initialized
[2015.01.19-01.29.20:754][  0]BlueprintLog: New page: Editor Load
[2015.01.19-01.29.20:809][  0]LogAssetRegistry: FAssetRegistry took 0.0108 seconds to start up
[2015.01.19-01.29.20:810][  0]LogDirectoryWatcher:Warning: Failed to begin reading directory changes for ../../../Engine/Plugins/Experimental/CharacterAI/Content/. Error: 0
[2015.01.19-01.29.21:635][  0]LogTargetPlatformManager:Display: Building Assets For Windows
[2015.01.19-01.29.22:130][  0]LogTargetPlatformManager:Display: Building Assets For Windows
[2015.01.19-01.29.22:564][  0]LogConsoleResponse:Display: 
[2015.01.19-01.29.22:630][  0]LogLinker:Warning: Asset '../../../Engine/Content/Functions/Engine_MaterialFunctions03/Procedurals/ComputeFilterWidth.uasset' has been saved with empty engine version. The asset will be loaded but may be incompatible.
[2015.01.19-01.29.23:003][  0]SourceControl: Info Source control is disabled
[2015.01.19-01.29.23:003][  0]Cmd: MAP LOAD FILE="../../../../../../Users/sangmoon/Documents/Unreal Projects/FPSProject/Content/Maps/FPSMap.umap" TEMPLATE=0 SHOWPROGRESS=1
[2015.01.19-01.29.23:043][  0]LightingResults: New page: Lighting Build
[2015.01.19-01.29.23:064][  0]MapCheck: New page: Map Check
[2015.01.19-01.29.23:064][  0]LightingResults: New page: Lighting Build
[2015.01.19-01.29.23:071][  0]LogParticles: Destroying 0 GPU particle simulations for FXSystem 0x0000005991E1D8A0
[2015.01.19-01.29.23:424][  0]LogEditorServer: Finished looking for orphan Actors (0.000 secs)
[2015.01.19-01.29.23:424][  0]LogAIModule: Creating AISystem for world FPSMap
[2015.01.19-01.29.23:425][  0]Cmd: MAP CHECKDEP
[2015.01.19-01.29.23:425][  0]MapCheck: New page: FPSMap - Jan 18, 2015, 3:29:23 PM
[2015.01.19-01.29.23:689][  0]MapCheck: Info Map check complete: 0 Error(s), 0 Warning(s), took 264.436ms to complete.
[2015.01.19-01.29.23:689][  0]LogFileHelpers: Loading map 'FPSMap' took 0.687
[2015.01.19-01.29.23:808][  0]LogCollectionManager: Loaded 0 collections in 0.001831 seconds
[2015.01.19-01.29.23:987][  0]LogCrashTracker: Crashtracker disabled due to settings.
[2015.01.19-01.29.23:993][  0]LogUObjectGlobals:Warning: Failed to find object 'Class None.'
[2015.01.19-01.29.24:024][  0]LogLoad: Full Startup: 19.46 seconds (BP compile: 0.06 seconds)
[2015.01.19-01.29.24:045][  0]LogContentBrowser:Verbose: The content browser source was changed by the sources view to '/Game/Blueprints'
[2015.01.19-01.29.24:193][  0]LogRenderer:Warning: Reallocating scene render targets to support 1136x904.
[2015.01.19-01.29.24:456][  2]LogAssetRegistry: Asset discovery search completed in 3.6581 seconds
[2015.01.19-01.29.32:875][ 71]LogPropertyNode:Warning: UI Min (0.001) >= UI Max () for Ranged Numeric
[2015.01.19-01.31.03:566][572]LogPropertyNode:Warning: UI Min (0.001) >= UI Max () for Ranged Numeric
[2015.01.19-01.31.04:592][581]Cmd: EDIT COPY
[2015.01.19-01.31.07:536][635]Cmd: EDIT PASTE
[2015.01.19-01.31.07:660][635]LogPropertyNode:Warning: UI Min (0.001) >= UI Max () for Ranged Numeric
[2015.01.19-01.31.42:296][863]LogEditorViewport: Clicking on Actor (LMB): StaticMeshActor (SM_Template_Map_Floor)
[2015.01.19-01.31.42:306][863]LogPropertyNode:Warning: UI Min (0.001) >= UI Max () for Ranged Numeric
[2015.01.19-01.32.07:429][ 58]LogPropertyNode:Warning: UI Min (0.001) >= UI Max () for Ranged Numeric
[2015.01.19-01.32.13:227][115]LogPropertyNode:Warning: UI Min (0.001) >= UI Max () for Ranged Numeric
[2015.01.19-01.32.16:835][150]LogPropertyNode:Warning: UI Min (0.001) >= UI Max () for Ranged Numeric
[2015.01.19-01.32.19:586][178]LogPropertyNode:Warning: UI Min (0.001) >= UI Max () for Ranged Numeric
[2015.01.19-01.32.23:868][219]LogPropertyNode:Warning: UI Min (0.001) >= UI Max () for Ranged Numeric
[2015.01.19-01.33.09:727][579]Cmd: OBJ SAVEPACKAGE PACKAGE="/Game/Maps/FPSMap" FILE="../../../../../../Users/sangmoon/Documents/Unreal Projects/FPSProject/Content/Maps/FPSMap.umap" SILENT=true AUTOSAVING=false KEEPDIRTY=false
[2015.01.19-01.33.09:733][579]LogActorComponent: UnregisterComponent: (/Engine/Transient.ProjectileMovementComponent_0) Not registered. Aborting.
[2015.01.19-01.33.09:733][579]LogActorComponent: UnregisterComponent: (/Engine/Transient.CharacterMovementComponent_0) Not registered. Aborting.
[2015.01.19-01.33.09:805][579]LogSavePackage: Save=24.238739ms
[2015.01.19-01.33.09:805][579]LogSavePackage: Moving '../../../../../../Users/sangmoon/Documents/Unreal Projects/FPSProject/Saved/FPSMapDADE5CC94DC66D83E16D3CA7BFC2C076.tmp' to '../../../../../../Users/sangmoon/Documents/Unreal Projects/FPSProject/Content/Maps/FPSMap.umap'
[2015.01.19-01.33.13:640][617]Cmd: OBJ SAVEPACKAGE PACKAGE="/Game/Maps/FPSMap" FILE="../../../../../../Users/sangmoon/Documents/Unreal Projects/FPSProject/Content/Maps/FPSMap.umap" SILENT=true AUTOSAVING=false KEEPDIRTY=false
[2015.01.19-01.33.13:685][617]LogSavePackage: Save=23.743025ms
[2015.01.19-01.33.13:685][617]LogSavePackage: Moving '../../../../../../Users/sangmoon/Documents/Unreal Projects/FPSProject/Saved/FPSMapF4DF38D7428E491F3D35088095DA41F3.tmp' to '../../../../../../Users/sangmoon/Documents/Unreal Projects/FPSProject/Content/Maps/FPSMap.umap'
[2015.01.19-01.33.15:033][631]LogPlayLevel: PIE:  No blueprints needed recompiling
[2015.01.19-01.33.15:033][631]PIE: New page: PIE session: FPSMap (Jan 18, 2015, 3:33:15 PM)
[2015.01.19-01.33.15:035][631]LogPlayLevel: PIE: StaticDuplicateObject took: (0.001659s)
[2015.01.19-01.33.15:035][631]LogPlayLevel: PIE: World Init took: (0.000596s)
[2015.01.19-01.33.15:035][631]LogPlayLevel: PIE: Created PIE world by copying editor world from /Game/Maps/FPSMap.FPSMap to /Game/Maps/UEDPIE_0_FPSMap.FPSMap (0.002432s)
[2015.01.19-01.33.15:160][631]LogWorld: Game class is 'FPSGameMode'
[2015.01.19-01.33.15:162][631]LogAIModule: Creating AISystem for world FPSMap
[2015.01.19-01.33.15:163][631]LogWorld: Bringing World /Game/Maps/UEDPIE_0_FPSMap.FPSMap up for play (max tick rate 0) at 2015.01.18-20.33.15
[2015.01.19-01.33.15:163][631]LogWorld: Bringing up level for play took: 0.000913
[2015.01.19-01.33.15:165][631]PIE: Info Play in editor start time for /Game/Maps/UEDPIE_0_FPSMap 0.771
[2015.01.19-01.33.30:307][949]LogPropertyNode:Warning: UI Min (0.001) >= UI Max () for Ranged Numeric
[2015.01.19-01.33.30:384][950]LogParticles: Destroying 0 GPU particle simulations for FXSystem 0x0000005992751F80
[2015.01.19-01.33.31:429][963]LogPlayLevel: PIE:  No blueprints needed recompiling
[2015.01.19-01.33.31:429][963]PIE: New page: PIE session: FPSMap (Jan 18, 2015, 3:33:31 PM)
[2015.01.19-01.33.31:431][963]LogPlayLevel: PIE: StaticDuplicateObject took: (0.001629s)
[2015.01.19-01.33.31:431][963]LogPlayLevel: PIE: World Init took: (0.000601s)
[2015.01.19-01.33.31:432][963]LogPlayLevel: PIE: Created PIE world by copying editor world from /Game/Maps/FPSMap.FPSMap to /Game/Maps/UEDPIE_0_FPSMap.FPSMap (0.002422s)
[2015.01.19-01.33.31:524][963]LogWorld: Game class is 'FPSGameMode'
[2015.01.19-01.33.31:525][963]LogAIModule: Creating AISystem for world FPSMap
[2015.01.19-01.33.31:526][963]LogWorld: Bringing World /Game/Maps/UEDPIE_0_FPSMap.FPSMap up for play (max tick rate 0) at 2015.01.18-20.33.31
[2015.01.19-01.33.31:526][963]LogWorld: Bringing up level for play took: 0.000829
[2015.01.19-01.33.31:528][963]PIE: Info Play in editor start time for /Game/Maps/UEDPIE_0_FPSMap -0.865
[2015.01.19-01.33.44:999][242]LogPropertyNode:Warning: UI Min (0.001) >= UI Max () for Ranged Numeric
[2015.01.19-01.33.45:069][243]LogParticles: Destroying 0 GPU particle simulations for FXSystem 0x000000598C3C9A80
[2015.01.19-01.33.45:998][253]LogPlayLevel: PIE:  No blueprints needed recompiling
[2015.01.19-01.33.45:998][253]PIE: New page: PIE session: FPSMap (Jan 18, 2015, 3:33:45 PM)
[2015.01.19-01.33.46:000][253]LogPlayLevel: PIE: StaticDuplicateObject took: (0.001726s)
[2015.01.19-01.33.46:001][253]LogPlayLevel: PIE: World Init took: (0.000571s)
[2015.01.19-01.33.46:001][253]LogPlayLevel: PIE: Created PIE world by copying editor world from /Game/Maps/FPSMap.FPSMap to /Game/Maps/UEDPIE_0_FPSMap.FPSMap (0.002459s)
[2015.01.19-01.33.46:110][253]LogWorld: Game class is 'FPSGameMode'
[2015.01.19-01.33.46:112][253]LogAIModule: Creating AISystem for world FPSMap
[2015.01.19-01.33.46:112][253]LogWorld: Bringing World /Game/Maps/UEDPIE_0_FPSMap.FPSMap up for play (max tick rate 0) at 2015.01.18-20.33.46
[2015.01.19-01.33.46:113][253]LogWorld: Bringing up level for play took: 0.000819
[2015.01.19-01.33.46:115][253]PIE: Info Play in editor start time for /Game/Maps/UEDPIE_0_FPSMap -0.279
[2015.01.19-01.34.08:466][721]LogPropertyNode:Warning: UI Min (0.001) >= UI Max () for Ranged Numeric
[2015.01.19-01.34.08:535][722]LogParticles: Destroying 0 GPU particle simulations for FXSystem 0x0000005992750EA0
[2015.01.19-01.43.20:000][401]LogContentBrowser:Verbose: The content browser source was changed by the sources view to '/Game'
[2015.01.19-01.43.28:520][453]LogFactory: FactoryCreateBinary: Texture with TextureFactory (0 0 ../../../../../../Users/sangmoon/Documents/Unreal Projects/FPSProject/Resource/Crosshair_fps_tutorial/crosshair.TGA)
[2015.01.19-01.43.28:919][453]0.000015 seconds to analyze Texture2D /Game/crosshair.crosshair

[2015.01.19-01.43.28:939][453]LogTexture:Display: Building textures: crosshair (AutoDXT)
[2015.01.19-01.43.28:986][453]LogContentBrowser:Verbose: The content browser source was changed by the sources view to 'None'
[2015.01.19-01.43.28:986][453]LogContentBrowser:Verbose: The content browser source was changed by the sources view to '/Game'
[2015.01.19-01.43.34:991][490]Cmd: OBJ SAVEPACKAGE PACKAGE="/Game/Maps/FPSMap" FILE="../../../../../../Users/sangmoon/Documents/Unreal Projects/FPSProject/Content/Maps/FPSMap.umap" SILENT=true AUTOSAVING=false KEEPDIRTY=false
[2015.01.19-01.43.34:997][490]LogActorComponent: UnregisterComponent: (/Engine/Transient.ProjectileMovementComponent_1) Not registered. Aborting.
[2015.01.19-01.43.34:997][490]LogActorComponent: UnregisterComponent: (/Engine/Transient.CharacterMovementComponent_1) Not registered. Aborting.
[2015.01.19-01.43.35:050][490]LogSavePackage: Save=26.903767ms
[2015.01.19-01.43.35:050][490]LogSavePackage: Moving '../../../../../../Users/sangmoon/Documents/Unreal Projects/FPSProject/Saved/FPSMapCE0A81EA4D205486FFD10EA8B3129BA2.tmp' to '../../../../../../Users/sangmoon/Documents/Unreal Projects/FPSProject/Content/Maps/FPSMap.umap'
[2015.01.19-01.44.22:347][783]Running C:/Program Files/Epic Games/4.6/Engine/Binaries/DotNET/UnrealBuildTool.exe -projectfiles -project="C:/Users/sangmoon/Documents/Unreal Projects/FPSProject/FPSProject.uproject" -game -rocket -progress
[2015.01.19-01.44.23:053][783]Discovering modules, targets and source code for game...
[2015.01.19-01.44.42:038][783]LogVSAccessor:Warning: Couldn't goto line number '0' in 'C:/Users/sangmoon/Documents/Unreal Projects/FPSProject/Source/FPSProject/FPSHUD.h'
[2015.01.19-01.44.42:069][783]LogVSAccessor:Warning: Couldn't open file 'C:/Users/sangmoon/Documents/Unreal Projects/FPSProject/Source/FPSProject/FPSHUD.cpp'.
[2015.01.19-01.52.09:467][ 90]Cmd: OBJ SAVEPACKAGE PACKAGE="/Game/crosshair" FILE="../../../../../../Users/sangmoon/Documents/Unreal Projects/FPSProject/Content/crosshair.uasset" SILENT=true
[2015.01.19-01.52.09:480][ 90]LogSavePackage: Save=6.317720ms
[2015.01.19-01.52.09:480][ 90]LogSavePackage: Moving '../../../../../../Users/sangmoon/Documents/Unreal Projects/FPSProject/Saved/crosshair96E01DD74424ACD794EBFAAE6397AD37.tmp' to '../../../../../../Users/sangmoon/Documents/Unreal Projects/FPSProject/Content/crosshair.uasset'
[2015.01.19-01.52.10:344][ 91]Cmd: QUIT_EDITOR
[2015.01.19-01.52.10:774][ 91]LogExit: Preparing to exit.
[2015.01.19-01.52.11:438][ 91]LogExit: Editor shut down
[2015.01.19-01.52.11:438][ 91]LogExit: Transaction tracking system shut down
[2015.01.19-01.52.11:439][ 91]LogParticles: Destroying 0 GPU particle simulations for FXSystem 0x0000005988473E20
[2015.01.19-01.52.11:439][ 91]LogParticles: Destroying 0 GPU particle simulations for FXSystem 0x0000005989BA4180
[2015.01.19-01.52.11:439][ 91]LogParticles: Destroying 0 GPU particle simulations for FXSystem 0x000000598C30BD80
[2015.01.19-01.52.11:462][ 91]LogParticles: Destroying 0 GPU particle simulations for FXSystem 0x000000598A2294E0
[2015.01.19-01.52.11:462][ 91]LogParticles: Destroying 0 GPU particle simulations for FXSystem 0x000000598A228680
[2015.01.19-01.52.11:462][ 91]LogExit: Object subsystem successfully closed.
[2015.01.19-01.52.11:582][ 91]LogModuleManager: Shutting down and abandoning module AndroidDeviceDetection (172)
[2015.01.19-01.52.11:582][ 91]LogModuleManager: Shutting down and abandoning module CrashTracker (171)
[2015.01.19-01.52.11:582][ 91]LogModuleManager: Shutting down and abandoning module SuperSearch (170)
[2015.01.19-01.52.11:582][ 91]LogModuleManager: Shutting down and abandoning module SceneOutliner (169)
[2015.01.19-01.52.11:582][ 91]LogModuleManager: Shutting down and abandoning module EditorWidgets (168)
[2015.01.19-01.52.11:582][ 91]LogModuleManager: Shutting down and abandoning module CollectionManager (167)
[2015.01.19-01.52.11:582][ 91]LogModuleManager: Shutting down and abandoning module StatsViewer (166)
[2015.01.19-01.52.11:582][ 91]LogModuleManager: Shutting down and abandoning module FoliageEdit (165)
[2015.01.19-01.52.11:582][ 91]LogModuleManager: Shutting down and abandoning module LandscapeEditor (164)
[2015.01.19-01.52.11:582][ 91]LogModuleManager: Shutting down and abandoning module MeshPaint (163)
[2015.01.19-01.52.11:583][ 91]LogModuleManager: Shutting down and abandoning module ActorPickerMode (162)
[2015.01.19-01.52.11:583][ 91]LogModuleManager: Shutting down and abandoning module GeometryMode (161)
[2015.01.19-01.52.11:583][ 91]LogModuleManager: Shutting down and abandoning module TextureAlignMode (160)
[2015.01.19-01.52.11:583][ 91]LogModuleManager: Shutting down and abandoning module BspMode (159)
[2015.01.19-01.52.11:583][ 91]LogModuleManager: Shutting down and abandoning module PlacementMode (158)
[2015.01.19-01.52.11:583][ 91]LogModuleManager: Shutting down and abandoning module AutomationWorker (157)
[2015.01.19-01.52.11:583][ 91]LogModuleManager: Shutting down and abandoning module CharacterAI (156)
[2015.01.19-01.52.11:583][ 91]LogModuleManager: Shutting down and abandoning module GameProjectGeneration (155)
[2015.01.19-01.52.11:583][ 91]LogModuleManager: Shutting down and abandoning module IntroTutorials (154)
[2015.01.19-01.52.11:583][ 91]LogModuleManager: Shutting down and abandoning module EditorLiveStreaming (153)
[2015.01.19-01.52.11:583][ 91]LogModuleManager: Shutting down and abandoning module HardwareTargeting (152)
[2015.01.19-01.52.11:583][ 91]LogModuleManager: Shutting down and abandoning module DeviceProfileEditor (151)
[2015.01.19-01.52.11:583][ 91]LogModuleManager: Shutting down and abandoning module UndoHistory (150)
[2015.01.19-01.52.11:583][ 91]LogModuleManager: Shutting down and abandoning module GameplayTagsEditor (149)
[2015.01.19-01.52.11:583][ 91]LogModuleManager: Shutting down and abandoning module UserFeedback (148)
[2015.01.19-01.52.11:583][ 91]LogModuleManager: Shutting down and abandoning module XmlParser (147)
[2015.01.19-01.52.11:583][ 91]LogModuleManager: Shutting down and abandoning module Blutility (146)
[2015.01.19-01.52.11:583][ 91]LogModuleManager: Shutting down and abandoning module IOSPlatformEditor (145)
[2015.01.19-01.52.11:583][ 91]LogModuleManager: Shutting down and abandoning module IOSRuntimeSettings (144)
[2015.01.19-01.52.11:583][ 91]LogModuleManager: Shutting down and abandoning module AndroidPlatformEditor (143)
[2015.01.19-01.52.11:583][ 91]LogModuleManager: Shutting down and abandoning module AndroidRuntimeSettings (142)
[2015.01.19-01.52.11:583][ 91]LogModuleManager: Shutting down and abandoning module ProjectTargetPlatformEditor (141)
[2015.01.19-01.52.11:583][ 91]LogModuleManager: Shutting down and abandoning module ProjectSettingsViewer (140)
[2015.01.19-01.52.11:583][ 91]LogModuleManager: Shutting down and abandoning module InputBindingEditor (139)
[2015.01.19-01.52.11:583][ 91]LogModuleManager: Shutting down and abandoning module EditorSettingsViewer (138)
[2015.01.19-01.52.11:583][ 91]LogModuleManager: Shutting down and abandoning module SettingsEditor (137)
[2015.01.19-01.52.11:583][ 91]LogModuleManager: Shutting down and abandoning module ProjectLauncher (136)
[2015.01.19-01.52.11:583][ 91]LogModuleManager: Shutting down and abandoning module SessionFrontend (135)
[2015.01.19-01.52.11:583][ 91]LogModuleManager: Shutting down and abandoning module ProfilerClient (134)
[2015.01.19-01.52.11:583][ 91]LogModuleManager: Shutting down and abandoning module TargetDeviceServices (133)
[2015.01.19-01.52.11:583][ 91]LogModuleManager: Shutting down and abandoning module DeviceManager (132)
[2015.01.19-01.52.11:583][ 91]LogModuleManager: Shutting down and abandoning module AutomationController (131)
[2015.01.19-01.52.11:583][ 91]LogModuleManager: Shutting down and abandoning module AutomationWindow (130)
[2015.01.19-01.52.11:583][ 91]LogModuleManager: Shutting down and abandoning module Layers (129)
[2015.01.19-01.52.11:583][ 91]LogModuleManager: Shutting down and abandoning module ComponentVisualizers (128)
[2015.01.19-01.52.11:583][ 91]LogModuleManager: Shutting down and abandoning module DetailCustomizations (127)
[2015.01.19-01.52.11:584][ 91]LogModuleManager: Shutting down and abandoning module PackagesDialog (126)
[2015.01.19-01.52.11:584][ 91]LogModuleManager: Shutting down and abandoning module AssetRegistry (125)
[2015.01.19-01.52.11:619][ 91]LogModuleManager: Shutting down and abandoning module Persona (124)
[2015.01.19-01.52.11:619][ 91]LogModuleManager: Shutting down and abandoning module Kismet (123)
[2015.01.19-01.52.11:619][ 91]LogModuleManager: Shutting down and abandoning module GraphEditor (122)
[2015.01.19-01.52.11:619][ 91]LogModuleManager: Shutting down and abandoning module ClassViewer (121)
[2015.01.19-01.52.11:619][ 91]LogModuleManager: Shutting down and abandoning module Toolbox (120)
[2015.01.19-01.52.11:619][ 91]LogModuleManager: Shutting down and abandoning module ModuleUI (119)
[2015.01.19-01.52.11:619][ 91]LogModuleManager: Shutting down and abandoning module MovieSceneTools (118)
[2015.01.19-01.52.11:620][ 91]LogModuleManager: Shutting down and abandoning module OutputLog (117)
[2015.01.19-01.52.11:620][ 91]LogModuleManager: Shutting down and abandoning module GammaUI (116)
[2015.01.19-01.52.11:620][ 91]LogModuleManager: Shutting down and abandoning module Documentation (115)
[2015.01.19-01.52.11:620][ 91]LogModuleManager: Shutting down and abandoning module GameLiveStreaming (114)
[2015.01.19-01.52.11:620][ 91]LogModuleManager: Shutting down and abandoning module StreamingPauseRendering (113)
[2015.01.19-01.52.11:620][ 91]LogModuleManager: Shutting down and abandoning module HTTP (112)
[2015.01.19-01.52.11:620][ 91]LogModuleManager: Shutting down and abandoning module AnalyticsET (111)
[2015.01.19-01.52.11:620][ 91]LogModuleManager: Shutting down and abandoning module Analytics (110)
[2015.01.19-01.52.11:620][ 91]LogModuleManager: Shutting down and abandoning module AITestSuite (109)
[2015.01.19-01.52.11:620][ 91]LogModuleManager: Shutting down and abandoning module AIModule (108)
[2015.01.19-01.52.11:620][ 91]LogModuleManager: Shutting down and abandoning module ProfilerService (107)
[2015.01.19-01.52.11:785][ 91]LogModuleManager: Shutting down and abandoning module TaskGraph (106)
[2015.01.19-01.52.11:785][ 91]LogModuleManager: Shutting down and abandoning module GameplayDebugger (105)
[2015.01.19-01.52.11:785][ 91]LogModuleManager: Shutting down and abandoning module SlateRemote (104)
[2015.01.19-01.52.11:785][ 91]LogModuleManager: Shutting down and abandoning module ScriptEditorPlugin (103)
[2015.01.19-01.52.11:785][ 91]LogModuleManager: Shutting down and abandoning module CustomMeshComponent (102)
[2015.01.19-01.52.11:785][ 91]LogModuleManager: Shutting down and abandoning module CableComponent (101)
[2015.01.19-01.52.11:785][ 91]LogModuleManager: Shutting down and abandoning module MessagingDebugger (100)
[2015.01.19-01.52.11:785][ 91]LogModuleManager: Shutting down and abandoning module MediaPlayerEditor (99)
[2015.01.19-01.52.11:785][ 91]LogModuleManager: Shutting down and abandoning module SpeedTreeImporter (98)
[2015.01.19-01.52.11:785][ 91]LogModuleManager: Shutting down and abandoning module PluginsEditor (97)
[2015.01.19-01.52.11:785][ 91]LogModuleManager: Shutting down and abandoning module EpicSurvey (96)
[2015.01.19-01.52.11:785][ 91]LogModuleManager: Shutting down and abandoning module DesktopPlatform (95)
[2015.01.19-01.52.11:785][ 91]LogModuleManager: Shutting down and abandoning module VisualStudioSourceCodeAccess (94)
[2015.01.19-01.52.11:785][ 91]LogModuleManager: Shutting down and abandoning module UObjectPlugin (93)
[2015.01.19-01.52.11:785][ 91]LogModuleManager: Shutting down and abandoning module SubversionSourceControl (92)
[2015.01.19-01.52.11:785][ 91]LogModuleManager: Shutting down and abandoning module SourceControl (91)
[2015.01.19-01.52.11:785][ 91]LogModuleManager: Shutting down and abandoning module PerforceSourceControl (90)
[2015.01.19-01.52.11:785][ 91]LogModuleManager: Shutting down and abandoning module BlankPlugin (89)
[2015.01.19-01.52.11:785][ 91]LogModuleManager: Shutting down and abandoning module SlateReflector (88)
[2015.01.19-01.52.11:785][ 91]LogModuleManager: Shutting down and abandoning module DirectoryWatcher (87)
[2015.01.19-01.52.11:787][ 91]LogModuleManager: Shutting down and abandoning module HotReload (86)
[2015.01.19-01.52.11:787][ 91]LogModuleManager: Shutting down and abandoning module MainFrame (85)
[2015.01.19-01.52.11:787][ 91]LogModuleManager: Shutting down and abandoning module LevelEditor (84)
[2015.01.19-01.52.11:789][ 91]LogModuleManager: Shutting down and abandoning module ViewportSnapping (83)
[2015.01.19-01.52.11:789][ 91]LogModuleManager: Shutting down and abandoning module SmartSnapping (82)
[2015.01.19-01.52.11:789][ 91]LogModuleManager: Shutting down and abandoning module PaperTiledImporter (81)
[2015.01.19-01.52.11:789][ 91]LogModuleManager: Shutting down and abandoning module PaperJsonImporter (80)
[2015.01.19-01.52.11:789][ 91]LogModuleManager: Shutting down and abandoning module ContentBrowser (79)
[2015.01.19-01.52.11:789][ 91]LogModuleManager: Shutting down and abandoning module Paper2DEditor (78)
[2015.01.19-01.52.11:789][ 91]LogModuleManager: Shutting down and abandoning module FPSProject (77)
[2015.01.19-01.52.11:789][ 91]LogModuleManager: Shutting down and abandoning module ScriptPlugin (76)
[2015.01.19-01.52.11:789][ 91]LogModuleManager: Shutting down and abandoning module UdpMessaging (75)
[2015.01.19-01.52.11:890][ 91]LogModuleManager: Shutting down and abandoning module Paper2D (74)
[2015.01.19-01.52.11:890][ 91]LogModuleManager: Shutting down and abandoning module WindowsMoviePlayer (73)
[2015.01.19-01.52.11:892][ 91]LogModuleManager: Shutting down and abandoning module Media (72)
[2015.01.19-01.52.11:892][ 91]LogModuleManager: Shutting down and abandoning module WmfMedia (71)
[2015.01.19-01.52.11:893][ 91]LogModuleManager: Shutting down and abandoning module OnlineBlueprintSupport (70)
[2015.01.19-01.52.11:893][ 91]LogModuleManager: Shutting down and abandoning module PropertyEditor (69)
[2015.01.19-01.52.11:893][ 91]LogModuleManager: Shutting down and abandoning module BehaviorTreeEditor (68)
[2015.01.19-01.52.11:893][ 91]LogModuleManager: Shutting down and abandoning module FunctionalTesting (67)
[2015.01.19-01.52.11:893][ 91]LogModuleManager: Shutting down and abandoning module CollisionAnalyzer (66)
[2015.01.19-01.52.11:893][ 91]LogModuleManager: Shutting down and abandoning module WorkspaceMenuStructure (65)
[2015.01.19-01.52.11:893][ 91]LogModuleManager: Shutting down and abandoning module MessageLog (64)
[2015.01.19-01.52.11:893][ 91]LogModuleManager: Shutting down and abandoning module Sequencer (63)
[2015.01.19-01.52.11:893][ 91]LogModuleManager: Shutting down and abandoning module AssetTools (62)
[2015.01.19-01.52.11:893][ 91]LogModuleManager: Shutting down and abandoning module UMGEditor (61)
[2015.01.19-01.52.11:893][ 91]LogModuleManager: Shutting down and abandoning module UMG (60)
[2015.01.19-01.52.11:893][ 91]LogModuleManager: Shutting down and abandoning module Slate (59)
[2015.01.19-01.52.11:893][ 91]LogModuleManager: Shutting down and abandoning module EditorStyle (58)
[2015.01.19-01.52.11:903][ 91]LogModuleManager: Shutting down and abandoning module SessionServices (57)
[2015.01.19-01.52.11:904][ 91]LogModuleManager: Shutting down and abandoning module SourceCodeAccess (56)
[2015.01.19-01.52.11:904][ 91]LogModuleManager: Shutting down and abandoning module HeadMountedDisplay (55)
[2015.01.19-01.52.11:904][ 91]LogModuleManager: Shutting down and abandoning module XAudio2 (54)
[2015.01.19-01.52.11:904][ 91]LogModuleManager: Shutting down and abandoning module Networking (52)
[2015.01.19-01.52.11:904][ 91]LogModuleManager: Shutting down and abandoning module Core (51)
[2015.01.19-01.52.11:904][ 91]LogModuleManager: Shutting down and abandoning module KismetCompiler (50)
[2015.01.19-01.52.11:904][ 91]LogModuleManager: Shutting down and abandoning module PhysXFormats (49)
[2015.01.19-01.52.11:904][ 91]LogModuleManager: Shutting down and abandoning module MeshUtilities (48)
[2015.01.19-01.52.11:904][ 91]LogModuleManager: Shutting down and abandoning module DerivedDataCache (47)
[2015.01.19-01.52.11:918][ 91]LogDerivedDataCache: Shutdown
[2015.01.19-01.52.11:918][ 91]LogModuleManager: Shutting down and abandoning module ShaderFormatOpenGL (46)
[2015.01.19-01.52.11:918][ 91]LogModuleManager: Shutting down and abandoning module ShaderFormatD3D (45)
[2015.01.19-01.52.11:918][ 91]LogModuleManager: Shutting down and abandoning module MetalShaderFormat (44)
[2015.01.19-01.52.11:918][ 91]LogModuleManager: Shutting down and abandoning module TextureFormatUncompressed (43)
[2015.01.19-01.52.11:918][ 91]LogModuleManager: Shutting down and abandoning module TextureFormatPVR (42)
[2015.01.19-01.52.11:918][ 91]LogModuleManager: Shutting down and abandoning module TextureFormatDXT (41)
[2015.01.19-01.52.11:918][ 91]LogModuleManager: Shutting down and abandoning module TextureFormatAndroid (40)
[2015.01.19-01.52.11:918][ 91]LogModuleManager: Shutting down and abandoning module AudioFormatOpus (39)
[2015.01.19-01.52.11:918][ 91]LogModuleManager: Shutting down and abandoning module AudioFormatOgg (38)
[2015.01.19-01.52.11:918][ 91]LogModuleManager: Shutting down and abandoning module AudioFormatADPCM (37)
[2015.01.19-01.52.11:918][ 91]LogModuleManager: Shutting down and abandoning module LinuxTargetPlatform (36)
[2015.01.19-01.52.11:918][ 91]LogModuleManager: Shutting down and abandoning module LinuxServerTargetPlatform (35)
[2015.01.19-01.52.11:918][ 91]LogModuleManager: Shutting down and abandoning module LinuxNoEditorTargetPlatform (34)
[2015.01.19-01.52.11:918][ 91]LogModuleManager: Shutting down and abandoning module Messaging (33)
[2015.01.19-01.52.11:918][ 91]LogModuleManager: Shutting down and abandoning module IOSTargetPlatform (32)
[2015.01.19-01.52.11:918][ 91]LogModuleManager: Shutting down and abandoning module Android_PVRTCTargetPlatform (31)
[2015.01.19-01.52.11:918][ 91]LogModuleManager: Shutting down and abandoning module Android_ETC2TargetPlatform (30)
[2015.01.19-01.52.11:918][ 91]LogModuleManager: Shutting down and abandoning module Android_ETC1TargetPlatform (29)
[2015.01.19-01.52.11:918][ 91]LogModuleManager: Shutting down and abandoning module Android_DXTTargetPlatform (28)
[2015.01.19-01.52.11:918][ 91]LogModuleManager: Shutting down and abandoning module Android_ATCTargetPlatform (27)
[2015.01.19-01.52.11:918][ 91]LogModuleManager: Shutting down and abandoning module AndroidTargetPlatform (26)
[2015.01.19-01.52.11:918][ 91]LogModuleManager: Shutting down and abandoning module WindowsTargetPlatform (25)
[2015.01.19-01.52.11:918][ 91]LogModuleManager: Shutting down and abandoning module WindowsServerTargetPlatform (24)
[2015.01.19-01.52.11:918][ 91]LogModuleManager: Shutting down and abandoning module WindowsNoEditorTargetPlatform (23)
[2015.01.19-01.52.11:918][ 91]LogModuleManager: Shutting down and abandoning module WindowsClientTargetPlatform (22)
[2015.01.19-01.52.11:918][ 91]LogModuleManager: Shutting down and abandoning module TargetPlatform (21)
[2015.01.19-01.52.11:918][ 91]LogModuleManager: Shutting down and abandoning module InputCore (20)
[2015.01.19-01.52.11:918][ 91]LogModuleManager: Shutting down and abandoning module Settings (19)
[2015.01.19-01.52.11:918][ 91]LogModuleManager: Shutting down and abandoning module ImageWrapper (18)
[2015.01.19-01.52.11:918][ 91]LogModuleManager: Shutting down and abandoning module OculusRift (15)
[2015.01.19-01.52.11:918][ 91]LogModuleManager: Shutting down and abandoning module ExampleDeviceProfileSelector (14)
[2015.01.19-01.52.11:918][ 91]LogModuleManager: Shutting down and abandoning module TextureCompressor (13)
[2015.01.19-01.52.11:918][ 91]LogModuleManager: Shutting down and abandoning module ShaderCore (12)
[2015.01.19-01.52.11:918][ 91]LogModuleManager: Shutting down and abandoning module Landscape (11)
[2015.01.19-01.52.11:918][ 91]LogModuleManager: Shutting down and abandoning module SlateRHIRenderer (10)
[2015.01.19-01.52.11:920][ 91]LogModuleManager: Shutting down and abandoning module OpenGLDrv (9)
[2015.01.19-01.52.11:920][ 91]LogModuleManager: Shutting down and abandoning module D3D11RHI (8)
[2015.01.19-01.52.11:920][ 91]LogModuleManager: Shutting down and abandoning module Renderer (7)
[2015.01.19-01.52.11:920][ 91]LogModuleManager: Shutting down and abandoning module Engine (6)
[2015.01.19-01.52.11:920][ 91]LogModuleManager: Shutting down and abandoning module CoreUObject (5)
[2015.01.19-01.52.11:920][ 91]LogModuleManager: Shutting down and abandoning module NetworkFile (4)
[2015.01.19-01.52.11:920][ 91]LogModuleManager: Shutting down and abandoning module StreamingFile (3)
[2015.01.19-01.52.11:920][ 91]LogModuleManager: Shutting down and abandoning module SandboxFile (2)
[2015.01.19-01.52.11:920][ 91]LogModuleManager: Shutting down and abandoning module PakFile (1)
[2015.01.19-01.52.11:921][ 91]LogExit: Exiting.
[2015.01.19-01.52.11:946][ 91]Log file closed, 01/18/15 20:52:11
