Log file open, 01/18/15 05:07:20
LogInit:Display: Running engine for game: FPSProject
LogInit: Version: 4.6.0-2369412+++depot+UE4-Releases+4.6
LogInit: API Version: 2369412
LogInit: Compiled (64-bit): Nov 24 2014 21:54:04
LogInit: Compiled with Visual C++: 18.00.21005.01
LogInit: Build Configuration: Development
LogInit: Branch Name: ++depot+UE4-Releases+4.6
LogInit: Command line: 
LogInit: Base directory: C:/Program Files/Epic Games/4.6/Engine/Binaries/Win64/
LogInit: Rocket: 1
[2015.01.18-10.07.20:626][  0]LogTaskGraph: Started task graph with 3 named threads and 6 total threads.
[2015.01.18-10.07.20:689][  0]LogOnline:Warning: No default platform service specified for OnlineSubsystem
[2015.01.18-10.07.20:733][  0]LogInit: Presizing for 0 objects not considered by GC, pre-allocating 0 bytes.
[2015.01.18-10.07.20:743][  0]LogInit: Object subsystem initialized
[2015.01.18-10.07.20:745][  0]LogConsoleResponse:Warning: Skipping Unknown console variable: 'UIScaleRule = ShortestSide'
[2015.01.18-10.07.20:745][  0]LogConsoleResponse:Warning:   Found in ini file 'C:/Users/sangmoon/Documents/Unreal Projects/FPSProject/Saved/Config/Windows/Engine.ini', in section '[/Script/Engine.RendererSettings]'
[2015.01.18-10.07.20:745][  0]LogConsoleResponse:Warning: Skipping Unknown console variable: 'UIScaleCurve = (EditorCurveData=(Keys=),ExternalCurve=None)'
[2015.01.18-10.07.20:745][  0]LogConsoleResponse:Warning:   Found in ini file 'C:/Users/sangmoon/Documents/Unreal Projects/FPSProject/Saved/Config/Windows/Engine.ini', in section '[/Script/Engine.RendererSettings]'
[2015.01.18-10.07.20:745][  0]LogConsoleManager:Warning: Console variable 'r.MSAA.CompositingSampleCount' wasn't set (Priority ProjectSetting < Scalability)
[2015.01.18-10.07.20:745][  0]LogInit: Selected Device Profile: [Windows]
[2015.01.18-10.07.20:745][  0]LogInit: Applying CVar settings loaded from the selected device profile: [Windows]
[2015.01.18-10.07.20:762][  0]LogInit: Computer: HWANG
[2015.01.18-10.07.20:762][  0]LogInit: User: sangmoon
[2015.01.18-10.07.20:762][  0]LogInit: CPU Page size=4096, Cores=4
[2015.01.18-10.07.20:762][  0]LogInit: High frequency timer resolution =2.923048 MHz
[2015.01.18-10.07.20:762][  0]LogMemory: Memory total: Physical=8.0GB (8GB approx) Virtual=131072.0GB
[2015.01.18-10.07.20:762][  0]LogMemory: Platform Memory Stats for Windows
[2015.01.18-10.07.20:762][  0]LogMemory: Process Physical Memory: 48.89 MB used, 48.89 MB peak
[2015.01.18-10.07.20:762][  0]LogMemory: Process Virtual Memory: 25.21 MB used, 25.21 MB peak
[2015.01.18-10.07.20:762][  0]LogMemory: Physical Memory: 4331.93 MB used, 8147.34 MB total
[2015.01.18-10.07.20:762][  0]LogMemory: Virtual Memory: 271.35 MB used, 134217728.00 MB total
[2015.01.18-10.07.20:786][  0]LogD3D11RHI: Found D3D11 adapter 0: AMD Radeon HD 8470 (Feature Level 11_0)
[2015.01.18-10.07.20:786][  0]LogD3D11RHI: Adapter has 1011MB of dedicated video memory, 0MB of dedicated system memory, and 3840MB of shared system memory, 1 output[s]
[2015.01.18-10.07.20:788][  0]LogD3D11RHI: Found D3D11 adapter 1: Microsoft Basic Render Driver (Feature Level 11_0)
[2015.01.18-10.07.20:788][  0]LogD3D11RHI: Adapter has 0MB of dedicated video memory, 0MB of dedicated system memory, and 256MB of shared system memory, 0 output[s]
[2015.01.18-10.07.20:788][  0]LogD3D11RHI: Chosen D3D11 Adapter Id = 0
[2015.01.18-10.07.20:792][  0]LogRHI: Texture pool is 708 MB (70% of 1011 MB)
[2015.01.18-10.07.20:800][  0]LogD3D11RHI: Async texture creation disabled: no driver support
[2015.01.18-10.07.20:905][  0]LogTextLocalizationManager: The requested culture ('en_CA') has no localization data; parent culture's ('en') localization data will be used.
[2015.01.18-10.07.21:050][  0]LogContentStreaming: Texture pool size is 0.000000MB
[2015.01.18-10.07.27:482][  0]LogTargetPlatformManager:Display: Building Assets For Windows
[2015.01.18-10.07.28:176][  0]LogTargetPlatformManager:Display: Building Assets For Windows
[2015.01.18-10.07.28:276][  0]LogDerivedDataCache:Display: Max Cache Size: 512 MB
[2015.01.18-10.07.28:320][  0]LogDerivedDataCache: Loaded boot cache 0.04s 39MB C:/Users/sangmoon/AppData/Local/UnrealEngine/4.6/DerivedDataCache/Boot.ddc.
[2015.01.18-10.07.28:320][  0]LogDerivedDataCache:Display: Loaded Boot cache: C:/Users/sangmoon/AppData/Local/UnrealEngine/4.6/DerivedDataCache/Boot.ddc
[2015.01.18-10.07.28:320][  0]LogDerivedDataCache: FDerivedDataBackendGraph:  Pak pak cache file ../../../../../../Users/sangmoon/Documents/Unreal Projects/FPSProject/DerivedDataCache/DDC.ddp not found, will not use a pak cache.
[2015.01.18-10.07.28:320][  0]LogDerivedDataCache: Unable to find inner node Pak for hierarchical cache Hierarchy.
[2015.01.18-10.07.28:393][  0]LogDerivedDataCache:Display: Pak cache opened for reading ../../../Engine/DerivedDataCache/DDC.ddp.
[2015.01.18-10.07.28:409][  0]LogDerivedDataCache: Using Local data cache path C:/Users/sangmoon/AppData/Local/UnrealEngine/Common/DerivedDataCache: Writable
[2015.01.18-10.07.28:633][  0]LogCollisionProfile:Warning: Profile (UI) - Custom Channel Name = 'Weapon' hasn't been found
[2015.01.18-10.07.28:829][  0]LogMeshUtilities: No automatic mesh reduction module available
[2015.01.18-10.07.28:829][  0]LogMeshUtilities: No automatic mesh merging module available
[2015.01.18-10.07.29:356][  0]LogInit: WinSock: version 1.1 (2.2), MaxSocks=32767, MaxUdp=65467
[2015.01.18-10.07.29:494][  0]LogSlate:Warning: Failed to load font data from '../../../Engine/Content/Slate/Fonts/Roboto-Italic.ttf'
[2015.01.18-10.07.30:836][  0]UdpMessaging: Initializing bridge on interface 0.0.0.0:0 to multicast group 230.0.0.1:6666.
[2015.01.18-10.07.32:221][  0]SourceControl: Info Source control is disabled
[2015.01.18-10.07.32:221][  0]SourceControl: Info Source control is disabled
[2015.01.18-10.07.32:239][  0]SourceControl: Info Source control is disabled
[2015.01.18-10.07.32:523][  0]LogObj: 23758 objects as part of root set at end of initial load.
[2015.01.18-10.07.32:523][  0]LogUObjectAllocator: 5169960 out of 0 bytes used by permanent object pool.
[2015.01.18-10.07.32:604][  0]LogEngine: Initializing Engine...
[2015.01.18-10.07.32:788][  0]LogInit: XAudio2 using 'Speakers / Headphones (IDT High Definition Audio CODEC)' : 2 channels at 48 kHz using 32 bits per sample (channel mask 0x3)
[2015.01.18-10.07.32:811][  0]LogInit: FAudioDevice initialized.
[2015.01.18-10.07.32:852][  0]LogAIModule: Creating AISystem for world NewWorld
[2015.01.18-10.07.32:878][  0]LogDerivedDataCache: Saved boot cache 0.03s 39MB C:/Users/sangmoon/AppData/Local/UnrealEngine/4.6/DerivedDataCache/Boot.ddc.
[2015.01.18-10.07.32:884][  0]LogInit: Texture streaming: Enabled
[2015.01.18-10.07.32:946][  0]LogAnalytics: Creating configured Analytics provider AnalyticsET
[2015.01.18-10.07.32:946][  0]LogAnalytics: ET APIKey = Rocket.Release. APIServer = http://et2.epicgames.com/ET2/. AppVersion = 4.6.0-2369412+++depot+UE4-Releases+4.6
[2015.01.18-10.07.32:948][  0]LogAnalytics: SetUserId 42eba7e8a22ed2a362d52b257307cb21
[2015.01.18-10.07.32:948][  0]LogAnalytics: AnalyticsET::StartSession [Rocket.Release]
[2015.01.18-10.07.32:977][  0]LogInit: Transaction tracking system initialized
[2015.01.18-10.07.33:184][  0]BlueprintLog: New page: Editor Load
[2015.01.18-10.07.33:237][  0]LogAssetRegistry: FAssetRegistry took 0.0106 seconds to start up
[2015.01.18-10.07.33:238][  0]LogDirectoryWatcher:Warning: Failed to begin reading directory changes for ../../../Engine/Plugins/Experimental/CharacterAI/Content/. Error: 0
[2015.01.18-10.07.33:998][  0]LogTargetPlatformManager:Display: Building Assets For Windows
[2015.01.18-10.07.34:472][  0]LogTargetPlatformManager:Display: Building Assets For Windows
[2015.01.18-10.07.34:857][  0]LogConsoleResponse:Display: 
[2015.01.18-10.07.34:924][  0]LogLinker:Warning: Asset '../../../Engine/Content/Functions/Engine_MaterialFunctions03/Procedurals/ComputeFilterWidth.uasset' has been saved with empty engine version. The asset will be loaded but may be incompatible.
[2015.01.18-10.07.35:285][  0]SourceControl: Info Source control is disabled
[2015.01.18-10.07.35:285][  0]Cmd: MAP LOAD FILE="../../../../../../Users/sangmoon/Documents/Unreal Projects/FPSProject/Content/Maps/FPSMap.umap" TEMPLATE=0 SHOWPROGRESS=1
[2015.01.18-10.07.35:288][  0]LightingResults: New page: Lighting Build
[2015.01.18-10.07.35:308][  0]MapCheck: New page: Map Check
[2015.01.18-10.07.35:308][  0]LightingResults: New page: Lighting Build
[2015.01.18-10.07.35:315][  0]LogParticles: Destroying 0 GPU particle simulations for FXSystem 0x00000056E6949580
[2015.01.18-10.07.35:652][  0]LogEditorServer: Finished looking for orphan Actors (0.000 secs)
[2015.01.18-10.07.35:652][  0]LogAIModule: Creating AISystem for world FPSMap
[2015.01.18-10.07.35:652][  0]Cmd: MAP CHECKDEP
[2015.01.18-10.07.35:652][  0]MapCheck: New page: FPSMap - Jan 18, 2015, 12:07:35 AM
[2015.01.18-10.07.35:885][  0]MapCheck: Info Map check complete: 0 Error(s), 0 Warning(s), took 233.083ms to complete.
[2015.01.18-10.07.35:885][  0]LogFileHelpers: Loading map 'FPSMap' took 0.601
[2015.01.18-10.07.35:995][  0]LogCollectionManager: Loaded 0 collections in 0.001466 seconds
[2015.01.18-10.07.36:018][  0]LogContentBrowser:Verbose: The content browser source was changed by the sources view to '/Game'
[2015.01.18-10.07.36:156][  0]LogCrashTracker: Crashtracker disabled due to settings.
[2015.01.18-10.07.36:163][  0]LogUObjectGlobals:Warning: Failed to find object 'Class None.'
[2015.01.18-10.07.36:197][  0]LogLoad: Full Startup: 18.26 seconds (BP compile: 0.05 seconds)
[2015.01.18-10.07.36:353][  0]LogRenderer:Warning: Reallocating scene render targets to support 1136x904.
[2015.01.18-10.07.36:663][  2]LogAssetRegistry: Asset discovery search completed in 3.4375 seconds
[2015.01.18-10.07.40:947][ 44]LogPlayLevel: PIE:  No blueprints needed recompiling
[2015.01.18-10.07.40:947][ 44]PIE: New page: PIE session: FPSMap (Jan 18, 2015, 12:07:40 AM)
[2015.01.18-10.07.40:949][ 44]LogPlayLevel: PIE: StaticDuplicateObject took: (0.001530s)
[2015.01.18-10.07.40:949][ 44]LogPlayLevel: PIE: World Init took: (0.000619s)
[2015.01.18-10.07.40:950][ 44]LogPlayLevel: PIE: Created PIE world by copying editor world from /Game/Maps/FPSMap.FPSMap to /Game/Maps/UEDPIE_0_FPSMap.FPSMap (0.002329s)
[2015.01.18-10.07.41:092][ 44]LogWorld: Game class is 'GameMode'
[2015.01.18-10.07.41:094][ 44]LogAIModule: Creating AISystem for world FPSMap
[2015.01.18-10.07.41:094][ 44]LogWorld: Bringing World /Game/Maps/UEDPIE_0_FPSMap.FPSMap up for play (max tick rate 0) at 2015.01.18-05.07.41
[2015.01.18-10.07.41:095][ 44]LogWorld: Bringing up level for play took: 0.000830
[2015.01.18-10.07.41:096][ 44]PIE: Info Play in editor start time for /Game/Maps/UEDPIE_0_FPSMap 0.689
[2015.01.18-10.07.55:232][221]Set new viewmode: Wireframe
[2015.01.18-10.07.55:984][257]Set new viewmode: Wireframe
[2015.01.18-10.07.57:518][344]Set new viewmode: Wireframe
[2015.01.18-10.07.57:901][366]Set new viewmode: Wireframe
[2015.01.18-10.07.58:188][382]Set new viewmode: Unlit
[2015.01.18-10.07.58:661][404]Set new viewmode: Lit
[2015.01.18-10.07.59:511][416]Set new viewmode: Unlit
[2015.01.18-10.08.00:113][438]Error: view mode not recognized: detaillighting
[2015.01.18-10.08.00:661][463]Set new viewmode: Unlit
[2015.01.18-10.08.01:100][483]Set new viewmode: Wireframe
[2015.01.18-10.08.01:484][504]Set new viewmode: Wireframe
[2015.01.18-10.08.01:936][530]Set new viewmode: Unlit
[2015.01.18-10.08.11:292][963]LogParticles: Destroying 0 GPU particle simulations for FXSystem 0x00000056E07FBEC0
[2015.01.18-10.09.26:899][945]LogPlayLevel: PIE:  No blueprints needed recompiling
[2015.01.18-10.09.26:899][945]PIE: New page: PIE session: FPSMap (Jan 18, 2015, 12:09:26 AM)
[2015.01.18-10.09.26:901][945]LogPlayLevel: PIE: StaticDuplicateObject took: (0.001568s)
[2015.01.18-10.09.26:902][945]LogPlayLevel: PIE: World Init took: (0.000656s)
[2015.01.18-10.09.26:902][945]LogPlayLevel: PIE: Created PIE world by copying editor world from /Game/Maps/FPSMap.FPSMap to /Game/Maps/UEDPIE_0_FPSMap.FPSMap (0.002388s)
[2015.01.18-10.09.27:037][945]LogWorld: Game class is 'FPSGameMode'
[2015.01.18-10.09.27:038][945]LogAIModule: Creating AISystem for world FPSMap
[2015.01.18-10.09.27:039][945]LogWorld: Bringing World /Game/Maps/UEDPIE_0_FPSMap.FPSMap up for play (max tick rate 0) at 2015.01.18-05.09.27
[2015.01.18-10.09.27:039][945]LogWorld: Bringing up level for play took: 0.000828
[2015.01.18-10.09.27:040][945]PIE: Info Play in editor start time for /Game/Maps/UEDPIE_0_FPSMap 0.634
[2015.01.18-10.09.39:939][103]LogParticles: Destroying 0 GPU particle simulations for FXSystem 0x00000056ED9991C0
[2015.01.18-10.10.14:174][457]LogPlayLevel: PIE:  No blueprints needed recompiling
[2015.01.18-10.10.14:174][457]PIE: New page: PIE session: FPSMap (Jan 18, 2015, 12:10:14 AM)
[2015.01.18-10.10.14:177][457]LogPlayLevel: PIE: StaticDuplicateObject took: (0.002015s)
[2015.01.18-10.10.14:177][457]LogPlayLevel: PIE: World Init took: (0.000532s)
[2015.01.18-10.10.14:177][457]LogPlayLevel: PIE: Created PIE world by copying editor world from /Game/Maps/FPSMap.FPSMap to /Game/Maps/UEDPIE_0_FPSMap.FPSMap (0.002706s)
[2015.01.18-10.10.14:301][457]LogWorld: Game class is 'FPSGameMode'
[2015.01.18-10.10.14:302][457]LogAIModule: Creating AISystem for world FPSMap
[2015.01.18-10.10.14:303][457]LogWorld: Bringing World /Game/Maps/UEDPIE_0_FPSMap.FPSMap up for play (max tick rate 0) at 2015.01.18-05.10.14
[2015.01.18-10.10.14:303][457]LogWorld: Bringing up level for play took: 0.000776
[2015.01.18-10.10.14:304][457]PIE: Info Play in editor start time for /Game/Maps/UEDPIE_0_FPSMap -0.102
[2015.01.18-10.10.28:973][640]LogParticles: Destroying 0 GPU particle simulations for FXSystem 0x00000056E10F99E0
[2015.01.18-10.11.46:297][ 44]Running C:/Program Files/Epic Games/4.6/Engine/Binaries/DotNET/UnrealBuildTool.exe -projectfiles -project="C:/Users/sangmoon/Documents/Unreal Projects/FPSProject/FPSProject.uproject" -game -rocket -progress
[2015.01.18-10.11.46:702][ 44]Discovering modules, targets and source code for game...
[2015.01.18-10.11.55:271][ 44]LogVSAccessor:Warning: Couldn't goto line number '0' in 'C:/Users/sangmoon/Documents/Unreal Projects/FPSProject/Source/FPSProject/FPSCharacter.h'
[2015.01.18-10.11.55:336][ 44]LogVSAccessor:Warning: Couldn't goto line number '0' in 'C:/Users/sangmoon/Documents/Unreal Projects/FPSProject/Source/FPSProject/FPSCharacter.cpp'
[2015.01.18-10.16.33:237][886]Cmd: QUIT_EDITOR
[2015.01.18-10.16.33:690][886]LogExit: Preparing to exit.
[2015.01.18-10.16.34:309][886]LogExit: Editor shut down
[2015.01.18-10.16.34:310][886]LogExit: Transaction tracking system shut down
[2015.01.18-10.16.34:310][886]LogParticles: Destroying 0 GPU particle simulations for FXSystem 0x00000056E43DF240
[2015.01.18-10.16.34:333][886]LogExit: Object subsystem successfully closed.
[2015.01.18-10.16.34:469][886]LogModuleManager: Shutting down and abandoning module ExternalImagePicker (173)
[2015.01.18-10.16.34:469][886]LogModuleManager: Shutting down and abandoning module AndroidDeviceDetection (172)
[2015.01.18-10.16.34:469][886]LogModuleManager: Shutting down and abandoning module CrashTracker (171)
[2015.01.18-10.16.34:469][886]LogModuleManager: Shutting down and abandoning module SuperSearch (170)
[2015.01.18-10.16.34:469][886]LogModuleManager: Shutting down and abandoning module SceneOutliner (169)
[2015.01.18-10.16.34:469][886]LogModuleManager: Shutting down and abandoning module EditorWidgets (168)
[2015.01.18-10.16.34:469][886]LogModuleManager: Shutting down and abandoning module CollectionManager (167)
[2015.01.18-10.16.34:469][886]LogModuleManager: Shutting down and abandoning module StatsViewer (166)
[2015.01.18-10.16.34:469][886]LogModuleManager: Shutting down and abandoning module FoliageEdit (165)
[2015.01.18-10.16.34:469][886]LogModuleManager: Shutting down and abandoning module LandscapeEditor (164)
[2015.01.18-10.16.34:469][886]LogModuleManager: Shutting down and abandoning module MeshPaint (163)
[2015.01.18-10.16.34:469][886]LogModuleManager: Shutting down and abandoning module ActorPickerMode (162)
[2015.01.18-10.16.34:469][886]LogModuleManager: Shutting down and abandoning module GeometryMode (161)
[2015.01.18-10.16.34:469][886]LogModuleManager: Shutting down and abandoning module TextureAlignMode (160)
[2015.01.18-10.16.34:469][886]LogModuleManager: Shutting down and abandoning module BspMode (159)
[2015.01.18-10.16.34:469][886]LogModuleManager: Shutting down and abandoning module PlacementMode (158)
[2015.01.18-10.16.34:469][886]LogModuleManager: Shutting down and abandoning module AutomationWorker (157)
[2015.01.18-10.16.34:470][886]LogModuleManager: Shutting down and abandoning module CharacterAI (156)
[2015.01.18-10.16.34:470][886]LogModuleManager: Shutting down and abandoning module GameProjectGeneration (155)
[2015.01.18-10.16.34:470][886]LogModuleManager: Shutting down and abandoning module IntroTutorials (154)
[2015.01.18-10.16.34:470][886]LogModuleManager: Shutting down and abandoning module EditorLiveStreaming (153)
[2015.01.18-10.16.34:470][886]LogModuleManager: Shutting down and abandoning module HardwareTargeting (152)
[2015.01.18-10.16.34:470][886]LogModuleManager: Shutting down and abandoning module DeviceProfileEditor (151)
[2015.01.18-10.16.34:470][886]LogModuleManager: Shutting down and abandoning module UndoHistory (150)
[2015.01.18-10.16.34:470][886]LogModuleManager: Shutting down and abandoning module GameplayTagsEditor (149)
[2015.01.18-10.16.34:470][886]LogModuleManager: Shutting down and abandoning module UserFeedback (148)
[2015.01.18-10.16.34:470][886]LogModuleManager: Shutting down and abandoning module XmlParser (147)
[2015.01.18-10.16.34:470][886]LogModuleManager: Shutting down and abandoning module Blutility (146)
[2015.01.18-10.16.34:470][886]LogModuleManager: Shutting down and abandoning module IOSPlatformEditor (145)
[2015.01.18-10.16.34:470][886]LogModuleManager: Shutting down and abandoning module IOSRuntimeSettings (144)
[2015.01.18-10.16.34:470][886]LogModuleManager: Shutting down and abandoning module AndroidPlatformEditor (143)
[2015.01.18-10.16.34:470][886]LogModuleManager: Shutting down and abandoning module AndroidRuntimeSettings (142)
[2015.01.18-10.16.34:470][886]LogModuleManager: Shutting down and abandoning module ProjectTargetPlatformEditor (141)
[2015.01.18-10.16.34:470][886]LogModuleManager: Shutting down and abandoning module ProjectSettingsViewer (140)
[2015.01.18-10.16.34:470][886]LogModuleManager: Shutting down and abandoning module InputBindingEditor (139)
[2015.01.18-10.16.34:470][886]LogModuleManager: Shutting down and abandoning module EditorSettingsViewer (138)
[2015.01.18-10.16.34:470][886]LogModuleManager: Shutting down and abandoning module SettingsEditor (137)
[2015.01.18-10.16.34:470][886]LogModuleManager: Shutting down and abandoning module ProjectLauncher (136)
[2015.01.18-10.16.34:470][886]LogModuleManager: Shutting down and abandoning module SessionFrontend (135)
[2015.01.18-10.16.34:470][886]LogModuleManager: Shutting down and abandoning module ProfilerClient (134)
[2015.01.18-10.16.34:470][886]LogModuleManager: Shutting down and abandoning module TargetDeviceServices (133)
[2015.01.18-10.16.34:470][886]LogModuleManager: Shutting down and abandoning module DeviceManager (132)
[2015.01.18-10.16.34:470][886]LogModuleManager: Shutting down and abandoning module AutomationController (131)
[2015.01.18-10.16.34:470][886]LogModuleManager: Shutting down and abandoning module AutomationWindow (130)
[2015.01.18-10.16.34:470][886]LogModuleManager: Shutting down and abandoning module Layers (129)
[2015.01.18-10.16.34:470][886]LogModuleManager: Shutting down and abandoning module ComponentVisualizers (128)
[2015.01.18-10.16.34:470][886]LogModuleManager: Shutting down and abandoning module DetailCustomizations (127)
[2015.01.18-10.16.34:470][886]LogModuleManager: Shutting down and abandoning module PackagesDialog (126)
[2015.01.18-10.16.34:470][886]LogModuleManager: Shutting down and abandoning module AssetRegistry (125)
[2015.01.18-10.16.34:515][886]LogModuleManager: Shutting down and abandoning module Persona (124)
[2015.01.18-10.16.34:515][886]LogModuleManager: Shutting down and abandoning module Kismet (123)
[2015.01.18-10.16.34:515][886]LogModuleManager: Shutting down and abandoning module GraphEditor (122)
[2015.01.18-10.16.34:515][886]LogModuleManager: Shutting down and abandoning module ClassViewer (121)
[2015.01.18-10.16.34:515][886]LogModuleManager: Shutting down and abandoning module Toolbox (120)
[2015.01.18-10.16.34:515][886]LogModuleManager: Shutting down and abandoning module ModuleUI (119)
[2015.01.18-10.16.34:515][886]LogModuleManager: Shutting down and abandoning module MovieSceneTools (118)
[2015.01.18-10.16.34:515][886]LogModuleManager: Shutting down and abandoning module OutputLog (117)
[2015.01.18-10.16.34:515][886]LogModuleManager: Shutting down and abandoning module GammaUI (116)
[2015.01.18-10.16.34:515][886]LogModuleManager: Shutting down and abandoning module Documentation (115)
[2015.01.18-10.16.34:515][886]LogModuleManager: Shutting down and abandoning module GameLiveStreaming (114)
[2015.01.18-10.16.34:515][886]LogModuleManager: Shutting down and abandoning module StreamingPauseRendering (113)
[2015.01.18-10.16.34:515][886]LogModuleManager: Shutting down and abandoning module HTTP (112)
[2015.01.18-10.16.34:515][886]LogModuleManager: Shutting down and abandoning module AnalyticsET (111)
[2015.01.18-10.16.34:515][886]LogModuleManager: Shutting down and abandoning module Analytics (110)
[2015.01.18-10.16.34:515][886]LogModuleManager: Shutting down and abandoning module AITestSuite (109)
[2015.01.18-10.16.34:515][886]LogModuleManager: Shutting down and abandoning module AIModule (108)
[2015.01.18-10.16.34:515][886]LogModuleManager: Shutting down and abandoning module ProfilerService (107)
[2015.01.18-10.16.34:678][886]LogModuleManager: Shutting down and abandoning module TaskGraph (106)
[2015.01.18-10.16.34:678][886]LogModuleManager: Shutting down and abandoning module GameplayDebugger (105)
[2015.01.18-10.16.34:678][886]LogModuleManager: Shutting down and abandoning module SlateRemote (104)
[2015.01.18-10.16.34:678][886]LogModuleManager: Shutting down and abandoning module ScriptEditorPlugin (103)
[2015.01.18-10.16.34:678][886]LogModuleManager: Shutting down and abandoning module CustomMeshComponent (102)
[2015.01.18-10.16.34:678][886]LogModuleManager: Shutting down and abandoning module CableComponent (101)
[2015.01.18-10.16.34:678][886]LogModuleManager: Shutting down and abandoning module MessagingDebugger (100)
[2015.01.18-10.16.34:678][886]LogModuleManager: Shutting down and abandoning module MediaPlayerEditor (99)
[2015.01.18-10.16.34:678][886]LogModuleManager: Shutting down and abandoning module SpeedTreeImporter (98)
[2015.01.18-10.16.34:678][886]LogModuleManager: Shutting down and abandoning module PluginsEditor (97)
[2015.01.18-10.16.34:678][886]LogModuleManager: Shutting down and abandoning module EpicSurvey (96)
[2015.01.18-10.16.34:678][886]LogModuleManager: Shutting down and abandoning module DesktopPlatform (95)
[2015.01.18-10.16.34:678][886]LogModuleManager: Shutting down and abandoning module VisualStudioSourceCodeAccess (94)
[2015.01.18-10.16.34:678][886]LogModuleManager: Shutting down and abandoning module UObjectPlugin (93)
[2015.01.18-10.16.34:678][886]LogModuleManager: Shutting down and abandoning module SubversionSourceControl (92)
[2015.01.18-10.16.34:678][886]LogModuleManager: Shutting down and abandoning module SourceControl (91)
[2015.01.18-10.16.34:678][886]LogModuleManager: Shutting down and abandoning module PerforceSourceControl (90)
[2015.01.18-10.16.34:678][886]LogModuleManager: Shutting down and abandoning module BlankPlugin (89)
[2015.01.18-10.16.34:678][886]LogModuleManager: Shutting down and abandoning module SlateReflector (88)
[2015.01.18-10.16.34:678][886]LogModuleManager: Shutting down and abandoning module DirectoryWatcher (87)
[2015.01.18-10.16.34:678][886]LogModuleManager: Shutting down and abandoning module HotReload (86)
[2015.01.18-10.16.34:679][886]LogModuleManager: Shutting down and abandoning module MainFrame (85)
[2015.01.18-10.16.34:679][886]LogModuleManager: Shutting down and abandoning module LevelEditor (84)
[2015.01.18-10.16.34:680][886]LogModuleManager: Shutting down and abandoning module ViewportSnapping (83)
[2015.01.18-10.16.34:680][886]LogModuleManager: Shutting down and abandoning module SmartSnapping (82)
[2015.01.18-10.16.34:680][886]LogModuleManager: Shutting down and abandoning module PaperTiledImporter (81)
[2015.01.18-10.16.34:680][886]LogModuleManager: Shutting down and abandoning module PaperJsonImporter (80)
[2015.01.18-10.16.34:680][886]LogModuleManager: Shutting down and abandoning module ContentBrowser (79)
[2015.01.18-10.16.34:680][886]LogModuleManager: Shutting down and abandoning module Paper2DEditor (78)
[2015.01.18-10.16.34:680][886]LogModuleManager: Shutting down and abandoning module FPSProject (77)
[2015.01.18-10.16.34:680][886]LogModuleManager: Shutting down and abandoning module ScriptPlugin (76)
[2015.01.18-10.16.34:680][886]LogModuleManager: Shutting down and abandoning module UdpMessaging (75)
[2015.01.18-10.16.34:781][886]LogModuleManager: Shutting down and abandoning module Paper2D (74)
[2015.01.18-10.16.34:781][886]LogModuleManager: Shutting down and abandoning module WindowsMoviePlayer (73)
[2015.01.18-10.16.34:783][886]LogModuleManager: Shutting down and abandoning module Media (72)
[2015.01.18-10.16.34:783][886]LogModuleManager: Shutting down and abandoning module WmfMedia (71)
[2015.01.18-10.16.34:783][886]LogModuleManager: Shutting down and abandoning module OnlineBlueprintSupport (70)
[2015.01.18-10.16.34:783][886]LogModuleManager: Shutting down and abandoning module PropertyEditor (69)
[2015.01.18-10.16.34:783][886]LogModuleManager: Shutting down and abandoning module BehaviorTreeEditor (68)
[2015.01.18-10.16.34:783][886]LogModuleManager: Shutting down and abandoning module FunctionalTesting (67)
[2015.01.18-10.16.34:783][886]LogModuleManager: Shutting down and abandoning module CollisionAnalyzer (66)
[2015.01.18-10.16.34:783][886]LogModuleManager: Shutting down and abandoning module WorkspaceMenuStructure (65)
[2015.01.18-10.16.34:783][886]LogModuleManager: Shutting down and abandoning module MessageLog (64)
[2015.01.18-10.16.34:783][886]LogModuleManager: Shutting down and abandoning module Sequencer (63)
[2015.01.18-10.16.34:783][886]LogModuleManager: Shutting down and abandoning module AssetTools (62)
[2015.01.18-10.16.34:783][886]LogModuleManager: Shutting down and abandoning module UMGEditor (61)
[2015.01.18-10.16.34:783][886]LogModuleManager: Shutting down and abandoning module UMG (60)
[2015.01.18-10.16.34:783][886]LogModuleManager: Shutting down and abandoning module Slate (59)
[2015.01.18-10.16.34:783][886]LogModuleManager: Shutting down and abandoning module EditorStyle (58)
[2015.01.18-10.16.34:794][886]LogModuleManager: Shutting down and abandoning module SessionServices (57)
[2015.01.18-10.16.34:794][886]LogModuleManager: Shutting down and abandoning module SourceCodeAccess (56)
[2015.01.18-10.16.34:794][886]LogModuleManager: Shutting down and abandoning module HeadMountedDisplay (55)
[2015.01.18-10.16.34:794][886]LogModuleManager: Shutting down and abandoning module XAudio2 (54)
[2015.01.18-10.16.34:794][886]LogModuleManager: Shutting down and abandoning module Networking (52)
[2015.01.18-10.16.34:794][886]LogModuleManager: Shutting down and abandoning module Core (51)
[2015.01.18-10.16.34:794][886]LogModuleManager: Shutting down and abandoning module KismetCompiler (50)
[2015.01.18-10.16.34:795][886]LogModuleManager: Shutting down and abandoning module PhysXFormats (49)
[2015.01.18-10.16.34:795][886]LogModuleManager: Shutting down and abandoning module MeshUtilities (48)
[2015.01.18-10.16.34:795][886]LogModuleManager: Shutting down and abandoning module DerivedDataCache (47)
[2015.01.18-10.16.34:802][886]LogDerivedDataCache: Shutdown
[2015.01.18-10.16.34:802][886]LogModuleManager: Shutting down and abandoning module ShaderFormatOpenGL (46)
[2015.01.18-10.16.34:802][886]LogModuleManager: Shutting down and abandoning module ShaderFormatD3D (45)
[2015.01.18-10.16.34:802][886]LogModuleManager: Shutting down and abandoning module MetalShaderFormat (44)
[2015.01.18-10.16.34:802][886]LogModuleManager: Shutting down and abandoning module TextureFormatUncompressed (43)
[2015.01.18-10.16.34:802][886]LogModuleManager: Shutting down and abandoning module TextureFormatPVR (42)
[2015.01.18-10.16.34:802][886]LogModuleManager: Shutting down and abandoning module TextureFormatDXT (41)
[2015.01.18-10.16.34:802][886]LogModuleManager: Shutting down and abandoning module TextureFormatAndroid (40)
[2015.01.18-10.16.34:802][886]LogModuleManager: Shutting down and abandoning module AudioFormatOpus (39)
[2015.01.18-10.16.34:802][886]LogModuleManager: Shutting down and abandoning module AudioFormatOgg (38)
[2015.01.18-10.16.34:802][886]LogModuleManager: Shutting down and abandoning module AudioFormatADPCM (37)
[2015.01.18-10.16.34:802][886]LogModuleManager: Shutting down and abandoning module LinuxTargetPlatform (36)
[2015.01.18-10.16.34:802][886]LogModuleManager: Shutting down and abandoning module LinuxServerTargetPlatform (35)
[2015.01.18-10.16.34:802][886]LogModuleManager: Shutting down and abandoning module LinuxNoEditorTargetPlatform (34)
[2015.01.18-10.16.34:802][886]LogModuleManager: Shutting down and abandoning module Messaging (33)
[2015.01.18-10.16.34:802][886]LogModuleManager: Shutting down and abandoning module IOSTargetPlatform (32)
[2015.01.18-10.16.34:802][886]LogModuleManager: Shutting down and abandoning module Android_PVRTCTargetPlatform (31)
[2015.01.18-10.16.34:802][886]LogModuleManager: Shutting down and abandoning module Android_ETC2TargetPlatform (30)
[2015.01.18-10.16.34:802][886]LogModuleManager: Shutting down and abandoning module Android_ETC1TargetPlatform (29)
[2015.01.18-10.16.34:802][886]LogModuleManager: Shutting down and abandoning module Android_DXTTargetPlatform (28)
[2015.01.18-10.16.34:802][886]LogModuleManager: Shutting down and abandoning module Android_ATCTargetPlatform (27)
[2015.01.18-10.16.34:802][886]LogModuleManager: Shutting down and abandoning module AndroidTargetPlatform (26)
[2015.01.18-10.16.34:802][886]LogModuleManager: Shutting down and abandoning module WindowsTargetPlatform (25)
[2015.01.18-10.16.34:802][886]LogModuleManager: Shutting down and abandoning module WindowsServerTargetPlatform (24)
[2015.01.18-10.16.34:802][886]LogModuleManager: Shutting down and abandoning module WindowsNoEditorTargetPlatform (23)
[2015.01.18-10.16.34:802][886]LogModuleManager: Shutting down and abandoning module WindowsClientTargetPlatform (22)
[2015.01.18-10.16.34:802][886]LogModuleManager: Shutting down and abandoning module TargetPlatform (21)
[2015.01.18-10.16.34:802][886]LogModuleManager: Shutting down and abandoning module InputCore (20)
[2015.01.18-10.16.34:802][886]LogModuleManager: Shutting down and abandoning module Settings (19)
[2015.01.18-10.16.34:802][886]LogModuleManager: Shutting down and abandoning module ImageWrapper (18)
[2015.01.18-10.16.34:802][886]LogModuleManager: Shutting down and abandoning module OculusRift (15)
[2015.01.18-10.16.34:802][886]LogModuleManager: Shutting down and abandoning module ExampleDeviceProfileSelector (14)
[2015.01.18-10.16.34:802][886]LogModuleManager: Shutting down and abandoning module TextureCompressor (13)
[2015.01.18-10.16.34:802][886]LogModuleManager: Shutting down and abandoning module ShaderCore (12)
[2015.01.18-10.16.34:802][886]LogModuleManager: Shutting down and abandoning module Landscape (11)
[2015.01.18-10.16.34:802][886]LogModuleManager: Shutting down and abandoning module SlateRHIRenderer (10)
[2015.01.18-10.16.34:803][886]LogModuleManager: Shutting down and abandoning module OpenGLDrv (9)
[2015.01.18-10.16.34:803][886]LogModuleManager: Shutting down and abandoning module D3D11RHI (8)
[2015.01.18-10.16.34:803][886]LogModuleManager: Shutting down and abandoning module Renderer (7)
[2015.01.18-10.16.34:803][886]LogModuleManager: Shutting down and abandoning module Engine (6)
[2015.01.18-10.16.34:803][886]LogModuleManager: Shutting down and abandoning module CoreUObject (5)
[2015.01.18-10.16.34:803][886]LogModuleManager: Shutting down and abandoning module NetworkFile (4)
[2015.01.18-10.16.34:803][886]LogModuleManager: Shutting down and abandoning module StreamingFile (3)
[2015.01.18-10.16.34:803][886]LogModuleManager: Shutting down and abandoning module SandboxFile (2)
[2015.01.18-10.16.34:803][886]LogModuleManager: Shutting down and abandoning module PakFile (1)
[2015.01.18-10.16.34:804][886]LogExit: Exiting.
[2015.01.18-10.16.34:811][886]Log file closed, 01/18/15 05:16:34
